<?xml version="1.0" encoding="UTF-8"?>
<!-- Generated by org.testng.reporters.JUnitXMLReporter -->
<testsuite ignored="0" hostname="vrwamiq" failures="2" tests="2" name="Default test(failed)" time="29.412" errors="0" timestamp="2026-06-23T11:06:16 IST">
  <testcase classname="tests.AlternativesApiValidationTest" name="tc_alt_001_validateAlternativesBusinessRules" time="14.685">
    <failure type="java.lang.NullPointerException" message="Cannot read field &amp;quot;statusCode&amp;quot; because &amp;quot;response&amp;quot; is null">
      <![CDATA[java.lang.NullPointerException: Cannot read field "statusCode" because "response" is null
at tests.AlternativesApiValidationTest.assertHttp200(AlternativesApiValidationTest.java:141)
at tests.AlternativesApiValidationTest.tc_alt_001_validateAlternativesBusinessRules(AlternativesApiValidationTest.java:67)
at java.base/java.util.ArrayList.forEach(ArrayList.java:1511)
... Removed 27 stack frames]]>
    </failure>
  </testcase> <!-- tc_alt_001_validateAlternativesBusinessRules -->
  <testcase classname="tests.AlternativesApiValidationTest" name="tc_alt_001_validateAlternativesBusinessRules" time="7.745">
    <failure type="java.lang.NullPointerException" message="Cannot read field &amp;quot;statusCode&amp;quot; because &amp;quot;response&amp;quot; is null">
      <![CDATA[java.lang.NullPointerException: Cannot read field "statusCode" because "response" is null
at tests.AlternativesApiValidationTest.assertHttp200(AlternativesApiValidationTest.java:141)
at tests.AlternativesApiValidationTest.tc_alt_001_validateAlternativesBusinessRules(AlternativesApiValidationTest.java:67)
at java.base/java.util.ArrayList.forEach(ArrayList.java:1511)
... Removed 27 stack frames]]>
    </failure>
  </testcase> <!-- tc_alt_001_validateAlternativesBusinessRules -->
</testsuite> <!-- Default test(failed) -->
