<?xml version="1.0" encoding="UTF-8"?>
<!-- Generated by org.testng.reporters.JUnitXMLReporter -->
<testsuite ignored="0" hostname="vrwamiq" failures="2" tests="32" name="Surefire test" time="704.316" errors="0" timestamp="2026-06-05T12:21:02 IST">
  <testcase classname="tests.HomePageTest" name="tc_home_001_verifyFundsScreenLoads" time="0.02"/>
  <testcase classname="tests.HomePageTest" name="tc_home_002_verifyBottomNavigationVisible" time="0.102"/>
  <testcase classname="tests.HomePageTest" name="tc_home_003_verifyRichFutureSectionVisible" time="2.116"/>
  <testcase classname="tests.HomePageTest" name="tc_home_004_verifyNavigateToSectionVisible" time="6.279"/>
  <testcase classname="tests.HomePageTest" name="tc_home_005_verifyQuickGuidesSectionVisible" time="6.247"/>
  <testcase classname="tests.HomePageTest" name="tc_home_006_verifyAnalystChoiceSectionVisible" time="18.713">
    <failure type="java.lang.AssertionError" message="Analyst Choice section must be visible expected [true] but found [false]">
      <![CDATA[java.lang.AssertionError: Analyst Choice section must be visible expected [true] but found [false]
at tests.HomePageTest.tc_home_006_verifyAnalystChoiceSectionVisible(HomePageTest.java:96)
at java.base/java.util.ArrayList.forEach(ArrayList.java:1511)
... Removed 35 stack frames]]>
    </failure>
  </testcase> <!-- tc_home_006_verifyAnalystChoiceSectionVisible -->
  <testcase classname="tests.HomePageTest" name="tc_home_007_verifyFundAdvisorNoteSectionVisible" time="4.149"/>
  <testcase classname="tests.HomePageTest" name="tc_home_008_verifyRetirementCardVisible" time="2.086"/>
  <testcase classname="tests.HomePageTest" name="tc_home_009_verifyRegularIncomeCardVisible" time="2.073"/>
  <testcase classname="tests.HomePageTest" name="tc_home_010_verifyNoGoalStartInvestingCardVisible" time="2.113"/>
  <testcase classname="tests.HomePageTest" name="tc_home_011_verifyMfScreenerLinkVisible" time="6.24"/>
  <testcase classname="tests.HomePageTest" name="tc_home_012_verifySipCalculatorLinkVisible" time="6.401"/>
  <testcase classname="tests.HomePageTest" name="tc_home_013_verifyFundSearchLinkVisible" time="6.234"/>
  <testcase classname="tests.HomePageTest" name="tc_home_014_verifyMoreQuickGuidesLinkVisible" time="4.143"/>
  <testcase classname="tests.HomePageTest" name="tc_home_015_verifyBuildInvestmentPlanGuideVisible" time="6.239"/>
  <testcase classname="tests.HomePageTest" name="tc_home_016_verifyUpgradePortfolioGuideVisible" time="6.235"/>
  <testcase classname="tests.HomePageTest" name="tc_home_017_verifyAnalystPickedFundsGuideVisible" time="8.321"/>
  <testcase classname="tests.HomePageTest" name="tc_home_018_verifyPersonalisedSupportCardVisible" time="8.298"/>
  <testcase classname="tests.HomePageTest" name="tc_home_019_verifyAggressiveGrowthCardVisible" time="4.147"/>
  <testcase classname="tests.HomePageTest" name="tc_home_020_verifyRetirementCardNavigation" time="4.305"/>
  <testcase classname="tests.HomePageTest" name="tc_home_021_verifyRegularIncomeCardNavigation" time="4.016"/>
  <testcase classname="tests.HomePageTest" name="tc_home_022_verifyNoGoalStartInvestingNavigation" time="3.996"/>
  <testcase classname="tests.HomePageTest" name="tc_home_023_verifyMfScreenerNavigation" time="7.81"/>
  <testcase classname="tests.HomePageTest" name="tc_home_024_verifySipCalculatorNavigation" time="8.074"/>
  <testcase classname="tests.HomePageTest" name="tc_home_025_verifyFundSearchNavigation" time="8.016"/>
  <testcase classname="tests.HomePageTest" name="tc_home_026_verifyMoreQuickGuidesNavigation" time="22.2"/>
  <testcase classname="tests.HomePageTest" name="tc_home_027_verifyBuildInvestmentPlanNavigation" time="8.052"/>
  <testcase classname="tests.HomePageTest" name="tc_home_028_verifyUpgradePortfolioNavigation" time="7.818"/>
  <testcase classname="tests.HomePageTest" name="tc_home_029_verifyAnalystPickedFundsNavigation" time="9.98"/>
  <testcase classname="tests.HomePageTest" name="tc_home_030_verifyPersonalisedSupportNavigation" time="12.096"/>
  <testcase classname="tests.HomePageTest" name="tc_home_031_verifyAggressiveGrowthNavigation" time="22.132"/>
  <testcase classname="tests.HomePageTest" name="tc_home_032_verifyAllLinksOpenValidScreens" time="141.697">
    <failure type="java.lang.AssertionError" message="Funds screen link must open a valid screen: Fund Search expected [true] but found [false]">
      <![CDATA[java.lang.AssertionError: Funds screen link must open a valid screen: Fund Search expected [true] but found [false]
at tests.HomePageTest.tc_home_032_verifyAllLinksOpenValidScreens(HomePageTest.java:363)
at java.base/java.util.ArrayList.forEach(ArrayList.java:1511)
... Removed 35 stack frames]]>
    </failure>
  </testcase> <!-- tc_home_032_verifyAllLinksOpenValidScreens -->
</testsuite> <!-- Surefire test -->
