<?xml version="1.0" encoding="UTF-8"?>
<!-- Generated by org.testng.reporters.JUnitXMLReporter -->
<testsuite ignored="17" hostname="vrwamiq" failures="0" tests="1" name="Surefire test" time="31.673" errors="0" timestamp="2026-06-09T14:49:13 IST">
  <testcase classname="tests.MySubscriptionTest" name="tc_sub_017_verifyAllLinksRecursively" time="4.064"/>
  <testcase classname="tests.MySubscriptionTest" name="tc_sub_007_verifyAmountLabel" time="0.0">
    <ignored/>
  </testcase> <!-- tc_sub_007_verifyAmountLabel -->
  <testcase classname="tests.MySubscriptionTest" name="tc_sub_014_verifyInvoiceLinkNavigation" time="0.0">
    <ignored/>
  </testcase> <!-- tc_sub_014_verifyInvoiceLinkNavigation -->
  <testcase classname="tests.MySubscriptionTest" name="tc_sub_006_verifyAutoRenewLabel" time="0.0">
    <ignored/>
  </testcase> <!-- tc_sub_006_verifyAutoRenewLabel -->
  <testcase classname="tests.MySubscriptionTest" name="tc_sub_004_verifyPlanNameVisible" time="0.0">
    <ignored/>
  </testcase> <!-- tc_sub_004_verifyPlanNameVisible -->
  <testcase classname="tests.MySubscriptionTest" name="tc_sub_015_verifyActiveRowNavigation" time="0.0">
    <ignored/>
  </testcase> <!-- tc_sub_015_verifyActiveRowNavigation -->
  <testcase classname="tests.MySubscriptionTest" name="tc_sub_016_verifyHeaderIconNavigation" time="0.0">
    <ignored/>
  </testcase> <!-- tc_sub_016_verifyHeaderIconNavigation -->
  <testcase classname="tests.MySubscriptionTest" name="tc_sub_011_verifyAmountValue" time="0.0">
    <ignored/>
  </testcase> <!-- tc_sub_011_verifyAmountValue -->
  <testcase classname="tests.MySubscriptionTest" name="tc_sub_008_verifyFrequencyLabel" time="0.0">
    <ignored/>
  </testcase> <!-- tc_sub_008_verifyFrequencyLabel -->
  <testcase classname="tests.MySubscriptionTest" name="tc_sub_009_verifyMemberFromDate" time="0.0">
    <ignored/>
  </testcase> <!-- tc_sub_009_verifyMemberFromDate -->
  <testcase classname="tests.MySubscriptionTest" name="tc_sub_005_verifyMemberFromLabel" time="0.0">
    <ignored/>
  </testcase> <!-- tc_sub_005_verifyMemberFromLabel -->
  <testcase classname="tests.MySubscriptionTest" name="tc_sub_013_verifyStatus" time="0.0">
    <ignored/>
  </testcase> <!-- tc_sub_013_verifyStatus -->
  <testcase classname="tests.MySubscriptionTest" name="tc_sub_003_verifyHeaderIconVisible" time="0.0">
    <ignored/>
  </testcase> <!-- tc_sub_003_verifyHeaderIconVisible -->
  <testcase classname="tests.MySubscriptionTest" name="tc_sub_001_verifyScreenLoads" time="0.0">
    <ignored/>
  </testcase> <!-- tc_sub_001_verifyScreenLoads -->
  <testcase classname="tests.MySubscriptionTest" name="tc_sub_010_verifyAutoRenewDate" time="0.0">
    <ignored/>
  </testcase> <!-- tc_sub_010_verifyAutoRenewDate -->
  <testcase classname="tests.MySubscriptionTest" name="tc_sub_012_verifyFrequencyValue" time="0.0">
    <ignored/>
  </testcase> <!-- tc_sub_012_verifyFrequencyValue -->
  <testcase classname="tests.MySubscriptionTest" name="tc_sub_018_verifyBackNavigation" time="0.0">
    <ignored/>
  </testcase> <!-- tc_sub_018_verifyBackNavigation -->
  <testcase classname="tests.MySubscriptionTest" name="tc_sub_002_verifyBackButtonVisible" time="0.0">
    <ignored/>
  </testcase> <!-- tc_sub_002_verifyBackButtonVisible -->
</testsuite> <!-- Surefire test -->
