<?xml version="1.0" encoding="UTF-8"?>
<!-- Generated by org.testng.reporters.JUnitXMLReporter -->
<testsuite ignored="36" hostname="vrwamiq" failures="1" tests="1" name="Default test" time="35.188" errors="0" timestamp="2026-05-24T22:40:33 IST">
  <testcase classname="tests.InvestorAccountTest" name="tc_bd_023_verifyMaskedAccountNumber" time="11.772">
    <failure type="org.openqa.selenium.NoSuchElementException" message="An element could not be located on the page using the given search parameters.
For documentation on this error, please visit: https://www.selenium.dev/documentation/webdriver/troubleshooting/errors#no-such-element-exception
Build info: version: &amp;apos;4.20.0&amp;apos;, revision: &amp;apos;866c76ca80&amp;apos;
System info: os.name: &amp;apos;Linux&amp;apos;, os.arch: &amp;apos;amd64&amp;apos;, os.version: &amp;apos;6.17.0-1020-oem&amp;apos;, java.version: &amp;apos;17.0.12&amp;apos;
Driver info: io.appium.java_client.android.AndroidDriver
Command: [a6163d86-80df-4aae-ba46-a54dea005a44, findElement {value=new UiScrollable(new UiSelector().scrollable(true)).scrollIntoView(new UiSelector().textContains(&amp;quot;Bank Account Details&amp;quot;)), using=-android uiautomator}]
Capabilities {appium:appActivity: com.valueresearch.advisor.M..., appium:appPackage: com.valueresearch.advisor, appium:autoGrantPermissions: true, appium:automationName: UiAutomator2, appium:avd: Small_Phone, appium:databaseEnabled: false, appium:desired: {appActivity: com.valueresearch.advisor.M..., appPackage: com.valueresearch.advisor, autoGrantPermissions: true, automationName: UiAutomator2, avd: Small_Phone, deviceName: Small_Phone, disableWindowAnimation: true, ignoreHiddenApiPolicyError: true, isHeadless: false, newCommandTimeout: 120, noReset: true, platformName: ANDROID, platformVersion: 15, systemPort: 8200, udid: emulator-5554}, appium:deviceApiLevel: 35, appium:deviceManufacturer: Google, appium:deviceModel: sdk_gphone64_x86_64, appium:deviceName: emulator-5554, appium:deviceScreenDensity: 320, appium:deviceScreenSize: 720x1280, appium:deviceUDID: emulator-5554, appium:disableWindowAnimation: true, appium:ignoreHiddenApiPolicyError: true, appium:isHeadless: false, appium:javascriptEnabled: true, appium:locationContextEnabled: false, appium:networkConnectionEnabled: true, appium:newCommandTimeout: 120, appium:noReset: true, appium:pixelRatio: 2, appium:platformVersion: 15, appium:statBarHeight: 48, appium:systemPort: 8200, appium:takesScreenshot: true, appium:udid: emulator-5554, appium:viewportRect: {height: 1232, left: 0, top: 48, width: 720}, appium:warnings: {}, appium:webStorageEnabled: false, platformName: ANDROID}
Session ID: a6163d86-80df-4aae-ba46-a54dea005a44">
      <![CDATA[org.openqa.selenium.NoSuchElementException: An element could not be located on the page using the given search parameters.
For documentation on this error, please visit: https://www.selenium.dev/documentation/webdriver/troubleshooting/errors#no-such-element-exception
Build info: version: '4.20.0', revision: '866c76ca80'
System info: os.name: 'Linux', os.arch: 'amd64', os.version: '6.17.0-1020-oem', java.version: '17.0.12'
Driver info: io.appium.java_client.android.AndroidDriver
Command: [a6163d86-80df-4aae-ba46-a54dea005a44, findElement {value=new UiScrollable(new UiSelector().scrollable(true)).scrollIntoView(new UiSelector().textContains("Bank Account Details")), using=-android uiautomator}]
Capabilities {appium:appActivity: com.valueresearch.advisor.M..., appium:appPackage: com.valueresearch.advisor, appium:autoGrantPermissions: true, appium:automationName: UiAutomator2, appium:avd: Small_Phone, appium:databaseEnabled: false, appium:desired: {appActivity: com.valueresearch.advisor.M..., appPackage: com.valueresearch.advisor, autoGrantPermissions: true, automationName: UiAutomator2, avd: Small_Phone, deviceName: Small_Phone, disableWindowAnimation: true, ignoreHiddenApiPolicyError: true, isHeadless: false, newCommandTimeout: 120, noReset: true, platformName: ANDROID, platformVersion: 15, systemPort: 8200, udid: emulator-5554}, appium:deviceApiLevel: 35, appium:deviceManufacturer: Google, appium:deviceModel: sdk_gphone64_x86_64, appium:deviceName: emulator-5554, appium:deviceScreenDensity: 320, appium:deviceScreenSize: 720x1280, appium:deviceUDID: emulator-5554, appium:disableWindowAnimation: true, appium:ignoreHiddenApiPolicyError: true, appium:isHeadless: false, appium:javascriptEnabled: true, appium:locationContextEnabled: false, appium:networkConnectionEnabled: true, appium:newCommandTimeout: 120, appium:noReset: true, appium:pixelRatio: 2, appium:platformVersion: 15, appium:statBarHeight: 48, appium:systemPort: 8200, appium:takesScreenshot: true, appium:udid: emulator-5554, appium:viewportRect: {height: 1232, left: 0, top: 48, width: 720}, appium:warnings: {}, appium:webStorageEnabled: false, platformName: ANDROID}
Session ID: a6163d86-80df-4aae-ba46-a54dea005a44
at java.base/jdk.internal.reflect.NativeConstructorAccessorImpl.newInstance0(Native Method)
at java.base/jdk.internal.reflect.NativeConstructorAccessorImpl.newInstance(NativeConstructorAccessorImpl.java:77)
at java.base/jdk.internal.reflect.DelegatingConstructorAccessorImpl.newInstance(DelegatingConstructorAccessorImpl.java:45)
at java.base/java.lang.reflect.Constructor.newInstanceWithCaller(Constructor.java:499)
at java.base/java.lang.reflect.Constructor.newInstance(Constructor.java:480)
at org.openqa.selenium.remote.ErrorCodec.decode(ErrorCodec.java:167)
at org.openqa.selenium.remote.codec.w3c.W3CHttpResponseCodec.decode(W3CHttpResponseCodec.java:138)
at org.openqa.selenium.remote.codec.w3c.W3CHttpResponseCodec.decode(W3CHttpResponseCodec.java:50)
at org.openqa.selenium.remote.HttpCommandExecutor.execute(HttpCommandExecutor.java:190)
at io.appium.java_client.remote.AppiumCommandExecutor.execute(AppiumCommandExecutor.java:237)
at org.openqa.selenium.remote.RemoteWebDriver.execute(RemoteWebDriver.java:518)
at org.openqa.selenium.remote.ElementLocation$ElementFinder$2.findElement(ElementLocation.java:165)
at org.openqa.selenium.remote.ElementLocation.findElement(ElementLocation.java:59)
at org.openqa.selenium.remote.RemoteWebDriver.findElement(RemoteWebDriver.java:355)
at org.openqa.selenium.remote.RemoteWebDriver.findElement(RemoteWebDriver.java:349)
at pages.BasePage.scrollToText(BasePage.java:238)
at pages.InvestorAccountPage.scrollToBankDetails(InvestorAccountPage.java:845)
at tests.InvestorAccountTest.tc_bd_023_verifyMaskedAccountNumber(InvestorAccountTest.java:399)
at java.base/jdk.internal.reflect.NativeMethodAccessorImpl.invoke0(Native Method)
at java.base/jdk.internal.reflect.NativeMethodAccessorImpl.invoke(NativeMethodAccessorImpl.java:77)
at java.base/jdk.internal.reflect.DelegatingMethodAccessorImpl.invoke(DelegatingMethodAccessorImpl.java:43)
at java.base/java.lang.reflect.Method.invoke(Method.java:568)
at org.testng.internal.invokers.MethodInvocationHelper.invokeMethod(MethodInvocationHelper.java:141)
at org.testng.internal.invokers.TestInvoker.invokeMethod(TestInvoker.java:686)
at org.testng.internal.invokers.TestInvoker.invokeTestMethod(TestInvoker.java:230)
at org.testng.internal.invokers.MethodRunner.runInSequence(MethodRunner.java:63)
at org.testng.internal.invokers.TestInvoker$MethodInvocationAgent.invoke(TestInvoker.java:992)
at org.testng.internal.invokers.TestInvoker.invokeTestMethods(TestInvoker.java:203)
at org.testng.internal.invokers.TestMethodWorker.invokeTestMethods(TestMethodWorker.java:154)
at org.testng.internal.invokers.TestMethodWorker.run(TestMethodWorker.java:134)
at java.base/java.util.ArrayList.forEach(ArrayList.java:1511)
at org.testng.TestRunner.privateRun(TestRunner.java:739)
at org.testng.TestRunner.run(TestRunner.java:614)
at org.testng.SuiteRunner.runTest(SuiteRunner.java:421)
at org.testng.SuiteRunner.runSequentially(SuiteRunner.java:413)
at org.testng.SuiteRunner.privateRun(SuiteRunner.java:373)
at org.testng.SuiteRunner.run(SuiteRunner.java:312)
at org.testng.SuiteRunnerWorker.runSuite(SuiteRunnerWorker.java:52)
at org.testng.SuiteRunnerWorker.run(SuiteRunnerWorker.java:95)
at org.testng.TestNG.runSuitesSequentially(TestNG.java:1274)
at org.testng.TestNG.runSuitesLocally(TestNG.java:1208)
at org.testng.TestNG.runSuites(TestNG.java:1112)
at org.testng.TestNG.run(TestNG.java:1079)
at org.testng.remote.AbstractRemoteTestNG.run(AbstractRemoteTestNG.java:115)
at org.testng.remote.RemoteTestNG.initAndRun(RemoteTestNG.java:293)
at org.testng.remote.RemoteTestNG.main(RemoteTestNG.java:91)
]]>
    </failure>
  </testcase> <!-- tc_bd_023_verifyMaskedAccountNumber -->
  <testcase classname="tests.InvestorAccountTest" name="tc_bd_037_verifyRiskAssessmentCardVisibility" time="0.0">
    <ignored/>
  </testcase> <!-- tc_bd_037_verifyRiskAssessmentCardVisibility -->
  <testcase classname="tests.InvestorAccountTest" name="tc_bd_039_verifyRiskTypeIsValid" time="0.0">
    <ignored/>
  </testcase> <!-- tc_bd_039_verifyRiskTypeIsValid -->
  <testcase classname="tests.InvestorAccountTest" name="tc_bd_034_verifyNomineeAadhaarMasking" time="0.0">
    <ignored/>
  </testcase> <!-- tc_bd_034_verifyNomineeAadhaarMasking -->
  <testcase classname="tests.InvestorAccountTest" name="tc_bd_029_verifyExpiredMandateStatus" time="0.0">
    <ignored/>
  </testcase> <!-- tc_bd_029_verifyExpiredMandateStatus -->
  <testcase classname="tests.InvestorAccountTest" name="tc_bd_009_verifyAddInvestorCtaNavigation" time="0.0">
    <ignored/>
  </testcase> <!-- tc_bd_009_verifyAddInvestorCtaNavigation -->
  <testcase classname="tests.InvestorAccountTest" name="tc_bd_044_verifyMultipleFaqBehavior" time="0.0">
    <ignored/>
  </testcase> <!-- tc_bd_044_verifyMultipleFaqBehavior -->
  <testcase classname="tests.InvestorAccountTest" name="tc_bd_028_verifyMandateListDisplay" time="0.0">
    <ignored/>
  </testcase> <!-- tc_bd_028_verifyMandateListDisplay -->
  <testcase classname="tests.InvestorAccountTest" name="tc_bd_005_verifyInvestorDropdownExpands" time="0.0">
    <ignored/>
  </testcase> <!-- tc_bd_005_verifyInvestorDropdownExpands -->
  <testcase classname="tests.InvestorAccountTest" name="tc_bd_022_verifyBankApprovalBadge" time="0.0">
    <ignored/>
  </testcase> <!-- tc_bd_022_verifyBankApprovalBadge -->
  <testcase classname="tests.InvestorAccountTest" name="tc_bd_048_verifyFundsTabNavigation" time="0.0">
    <ignored/>
  </testcase> <!-- tc_bd_048_verifyFundsTabNavigation -->
  <testcase classname="tests.InvestorAccountTest" name="tc_bd_038_verifyRiskViewMoreNavigation" time="0.0">
    <ignored/>
  </testcase> <!-- tc_bd_038_verifyRiskViewMoreNavigation -->
  <testcase classname="tests.InvestorAccountTest" name="tc_bd_024_verifyIfscFormat" time="0.0">
    <ignored/>
  </testcase> <!-- tc_bd_024_verifyIfscFormat -->
  <testcase classname="tests.InvestorAccountTest" name="tc_bd_014_verifyKycPendingState" time="0.0">
    <ignored/>
  </testcase> <!-- tc_bd_014_verifyKycPendingState -->
  <testcase classname="tests.InvestorAccountTest" name="tc_bd_031_verifyNomineeDetailsSectionVisibility" time="0.0">
    <ignored/>
  </testcase> <!-- tc_bd_031_verifyNomineeDetailsSectionVisibility -->
  <testcase classname="tests.InvestorAccountTest" name="tc_bd_001_verifyBasicDetailsScreenLoads" time="0.0">
    <ignored/>
  </testcase> <!-- tc_bd_001_verifyBasicDetailsScreenLoads -->
  <testcase classname="tests.InvestorAccountTest" name="tc_bd_015_verifyTransactionAccountStatus" time="0.0">
    <ignored/>
  </testcase> <!-- tc_bd_015_verifyTransactionAccountStatus -->
  <testcase classname="tests.InvestorAccountTest" name="tc_bd_046_verifySearchIconOpensSearchScreen" time="0.0">
    <ignored/>
  </testcase> <!-- tc_bd_046_verifySearchIconOpensSearchScreen -->
  <testcase classname="tests.InvestorAccountTest" name="tc_bd_007_verifyInvestorDropdownClosesOnOutsideTap" time="0.0">
    <ignored/>
  </testcase> <!-- tc_bd_007_verifyInvestorDropdownClosesOnOutsideTap -->
  <testcase classname="tests.InvestorAccountTest" name="tc_bd_051_verifyHubTabNavigation" time="0.0">
    <ignored/>
  </testcase> <!-- tc_bd_051_verifyHubTabNavigation -->
  <testcase classname="tests.InvestorAccountTest" name="tc_bd_003_verifyScreenPersistsAfterBackgroundForeground" time="0.0">
    <ignored/>
  </testcase> <!-- tc_bd_003_verifyScreenPersistsAfterBackgroundForeground -->
  <testcase classname="tests.InvestorAccountTest" name="tc_bd_049_verifyStocksTabNavigation" time="0.0">
    <ignored/>
  </testcase> <!-- tc_bd_049_verifyStocksTabNavigation -->
  <testcase classname="tests.InvestorAccountTest" name="tc_bd_050_verifyPortfolioTabNavigation" time="0.0">
    <ignored/>
  </testcase> <!-- tc_bd_050_verifyPortfolioTabNavigation -->
  <testcase classname="tests.InvestorAccountTest" name="tc_bd_013_verifyKycValidatedStatus" time="0.0">
    <ignored/>
  </testcase> <!-- tc_bd_013_verifyKycValidatedStatus -->
  <testcase classname="tests.InvestorAccountTest" name="tc_bd_032_verifyNomineePercentageTotal" time="0.0">
    <ignored/>
  </testcase> <!-- tc_bd_032_verifyNomineePercentageTotal -->
  <testcase classname="tests.InvestorAccountTest" name="tc_bd_017_verifyEmailEditIconNavigation" time="0.0">
    <ignored/>
  </testcase> <!-- tc_bd_017_verifyEmailEditIconNavigation -->
  <testcase classname="tests.InvestorAccountTest" name="tc_bd_043_verifyFaqItemCollapse" time="0.0">
    <ignored/>
  </testcase> <!-- tc_bd_043_verifyFaqItemCollapse -->
  <testcase classname="tests.InvestorAccountTest" name="tc_bd_006_verifyInvestorSwitchUpdatesDetails" time="0.0">
    <ignored/>
  </testcase> <!-- tc_bd_006_verifyInvestorSwitchUpdatesDetails -->
  <testcase classname="tests.InvestorAccountTest" name="tc_bd_052_verifyBottomNavPersistsAfterScroll" time="0.0">
    <ignored/>
  </testcase> <!-- tc_bd_052_verifyBottomNavPersistsAfterScroll -->
  <testcase classname="tests.InvestorAccountTest" name="tc_bd_042_verifyFaqItemExpansion" time="0.0">
    <ignored/>
  </testcase> <!-- tc_bd_042_verifyFaqItemExpansion -->
  <testcase classname="tests.InvestorAccountTest" name="tc_bd_041_verifyMissingRiskAssessmentState" time="0.0">
    <ignored/>
  </testcase> <!-- tc_bd_041_verifyMissingRiskAssessmentState -->
  <testcase classname="tests.InvestorAccountTest" name="tc_bd_027_verifyNoMandateEmptyState" time="0.0">
    <ignored/>
  </testcase> <!-- tc_bd_027_verifyNoMandateEmptyState -->
  <testcase classname="tests.InvestorAccountTest" name="tc_bd_002_verifyBackButtonNavigation" time="0.0">
    <ignored/>
  </testcase> <!-- tc_bd_002_verifyBackButtonNavigation -->
  <testcase classname="tests.InvestorAccountTest" name="tc_bd_025_verifyNoBankLinkedEmptyState" time="0.0">
    <ignored/>
  </testcase> <!-- tc_bd_025_verifyNoBankLinkedEmptyState -->
  <testcase classname="tests.InvestorAccountTest" name="tc_bd_012_verifyPanFormat" time="0.0">
    <ignored/>
  </testcase> <!-- tc_bd_012_verifyPanFormat -->
  <testcase classname="tests.InvestorAccountTest" name="tc_bd_016_verifyMobileEditIconNavigation" time="0.0">
    <ignored/>
  </testcase> <!-- tc_bd_016_verifyMobileEditIconNavigation -->
  <testcase classname="tests.InvestorAccountTest" name="tc_bd_021_verifyBankAccountSectionVisibility" time="0.0">
    <ignored/>
  </testcase> <!-- tc_bd_021_verifyBankAccountSectionVisibility -->
</testsuite> <!-- Default test -->
