<?xml version="1.0" encoding="UTF-8"?>
<!-- Generated by org.testng.reporters.JUnitXMLReporter -->
<testsuite ignored="16" hostname="vrwamiq" failures="0" tests="1" name="Default test" time="67.926" errors="0" timestamp="2026-06-19T10:36:50 IST">
  <testcase classname="tests.FundReviewCategoryValidationTest" name="tc_fr_001_verifyCategoryCountsMatchApi" time="6.529">
    <skipped/>
  </testcase> <!-- tc_fr_001_verifyCategoryCountsMatchApi -->
  <testcase classname="tests.FundReviewCategoryValidationTest" name="tc_fr_004_verifyFundNamesMatchApi" time="0.0">
    <ignored/>
  </testcase> <!-- tc_fr_004_verifyFundNamesMatchApi -->
  <testcase classname="tests.FundReviewCategoryValidationTest" name="tc_fr_010_verifyOptimizeCategoryHasSwitchButton" time="0.0">
    <ignored/>
  </testcase> <!-- tc_fr_010_verifyOptimizeCategoryHasSwitchButton -->
  <testcase classname="tests.FundReviewCategoryValidationTest" name="tc_fr_008_verifyNewFundCategoryBehavior" time="0.0">
    <ignored/>
  </testcase> <!-- tc_fr_008_verifyNewFundCategoryBehavior -->
  <testcase classname="tests.FundReviewCategoryValidationTest" name="tc_newFund" time="0.0">
    <ignored/>
  </testcase> <!-- tc_newFund -->
  <testcase classname="tests.FundReviewCategoryValidationTest" name="tc_fr_009_verifyExitCategoryHasActionButton" time="0.0">
    <ignored/>
  </testcase> <!-- tc_fr_009_verifyExitCategoryHasActionButton -->
  <testcase classname="tests.FundReviewCategoryValidationTest" name="tc_fr_007_verifySteadyCategoryBehavior" time="0.0">
    <ignored/>
  </testcase> <!-- tc_fr_007_verifySteadyCategoryBehavior -->
  <testcase classname="tests.FundReviewCategoryValidationTest" name="tc_fr_006_verifyGoodCategoryBehavior" time="0.0">
    <ignored/>
  </testcase> <!-- tc_fr_006_verifyGoodCategoryBehavior -->
  <testcase classname="tests.FundReviewCategoryValidationTest" name="tc_fr_011_verifyLockInStateIndicator" time="0.0">
    <ignored/>
  </testcase> <!-- tc_fr_011_verifyLockInStateIndicator -->
  <testcase classname="tests.FundReviewCategoryValidationTest" name="tc_exit" time="0.0">
    <ignored/>
  </testcase> <!-- tc_exit -->
  <testcase classname="tests.FundReviewCategoryValidationTest" name="tc_fr_002_verifyFundPlacementInCorrectCategory" time="0.0">
    <ignored/>
  </testcase> <!-- tc_fr_002_verifyFundPlacementInCorrectCategory -->
  <testcase classname="tests.FundReviewCategoryValidationTest" name="tc_good" time="0.0">
    <ignored/>
  </testcase> <!-- tc_good -->
  <testcase classname="tests.FundReviewCategoryValidationTest" name="tc_fr_012_verifyReasonTextMatchesApi" time="0.0">
    <ignored/>
  </testcase> <!-- tc_fr_012_verifyReasonTextMatchesApi -->
  <testcase classname="tests.FundReviewCategoryValidationTest" name="tc_fr_005_verifyAdviceTextMatchesApi" time="0.0">
    <ignored/>
  </testcase> <!-- tc_fr_005_verifyAdviceTextMatchesApi -->
  <testcase classname="tests.FundReviewCategoryValidationTest" name="tc_steady" time="0.0">
    <ignored/>
  </testcase> <!-- tc_steady -->
  <testcase classname="tests.FundReviewCategoryValidationTest" name="tc_fr_003_verifyFundNotInWrongCategory" time="0.0">
    <ignored/>
  </testcase> <!-- tc_fr_003_verifyFundNotInWrongCategory -->
  <testcase classname="tests.FundReviewCategoryValidationTest" name="tc_optimize" time="0.0">
    <ignored/>
  </testcase> <!-- tc_optimize -->
</testsuite> <!-- Default test -->
