<?xml version="1.0" encoding="UTF-8"?>
<!-- Generated by org.testng.reporters.JUnitXMLReporter -->
<testsuite ignored="0" hostname="vrwamiq" failures="0" tests="14" name="Test" time="248.799" errors="0" timestamp="2026-06-03T16:13:20 IST">
  <testcase classname="tests.FAQTest" name="tc_faq_001_verifyFaqScreenLoads" time="0.074"/>
  <testcase classname="tests.FAQTest" name="tc_faq_002_verifyBackButtonPresent" time="0.048"/>
  <testcase classname="tests.FAQTest" name="tc_faq_003_verifyHeaderActionIconPresent" time="0.035"/>
  <testcase classname="tests.FAQTest" name="tc_faq_004_verifyBottomNavigationPresent" time="0.014"/>
  <testcase classname="tests.FAQTest" name="tc_faq_005_verifyAllCategoryLinksVisible" time="0.129"/>
  <testcase classname="tests.FAQTest" name="tc_faq_006_verifyResearchAndAdviceLinkVisible" time="0.022"/>
  <testcase classname="tests.FAQTest" name="tc_faq_007_verifyBuyingSellingFundsLinkVisible" time="0.02"/>
  <testcase classname="tests.FAQTest" name="tc_faq_008_verifyFundAdvisorAccountLinkVisible" time="0.023"/>
  <testcase classname="tests.FAQTest" name="tc_faq_009_verifyResearchAndAdviceLinkNavigation" time="1.67"/>
  <testcase classname="tests.FAQTest" name="tc_faq_010_verifyBuyingSellingFundsLinkNavigation" time="2.166"/>
  <testcase classname="tests.FAQTest" name="tc_faq_011_verifyFundAdvisorAccountLinkNavigation" time="2.177"/>
  <testcase classname="tests.FAQTest" name="tc_faq_012_verifyAllLinksOpenSubScreens" time="12.767"/>
  <testcase classname="tests.FAQTest" name="tc_faq_013_verifyCategoryExpandsInline" time="2.193"/>
  <testcase classname="tests.FAQTest" name="tc_faq_014_verifyBackButtonNavigation" time="1.733"/>
</testsuite> <!-- Test -->
