<?xml version="1.0" encoding="UTF-8"?>
<!-- Generated by org.testng.reporters.JUnitXMLReporter -->
<testsuite ignored="0" hostname="vrwamiq" failures="0" tests="16" name="Test" time="389.178" errors="0" timestamp="2026-06-03T19:38:33 IST">
  <testcase classname="tests.FAQTest" name="tc_faq_001_verifyFaqScreenLoads" time="0.116"/>
  <testcase classname="tests.FAQTest" name="tc_faq_002_verifyBackButtonPresent" time="0.054"/>
  <testcase classname="tests.FAQTest" name="tc_faq_003_verifyHeaderActionIconPresent" time="0.033"/>
  <testcase classname="tests.FAQTest" name="tc_faq_004_verifyBottomNavigationPresent" time="0.018"/>
  <testcase classname="tests.FAQTest" name="tc_faq_005_verifyAllCategoryLinksVisible" time="0.127"/>
  <testcase classname="tests.FAQTest" name="tc_faq_006_verifyResearchAndAdviceLinkVisible" time="0.024"/>
  <testcase classname="tests.FAQTest" name="tc_faq_007_verifyBuyingSellingFundsLinkVisible" time="0.024"/>
  <testcase classname="tests.FAQTest" name="tc_faq_008_verifyFundAdvisorAccountLinkVisible" time="0.025"/>
  <testcase classname="tests.FAQTest" name="tc_faq_009_verifyResearchAndAdviceLinkNavigation" time="2.229"/>
  <testcase classname="tests.FAQTest" name="tc_faq_010_verifyBuyingSellingFundsLinkNavigation" time="2.208"/>
  <testcase classname="tests.FAQTest" name="tc_faq_011_verifyFundAdvisorAccountLinkNavigation" time="2.169"/>
  <testcase classname="tests.FAQTest" name="tc_faq_012_verifyAllLinksOpenSubScreens" time="12.752"/>
  <testcase classname="tests.FAQTest" name="tc_faq_013_verifyCategoryExpandsInline" time="2.214"/>
  <testcase classname="tests.FAQTest" name="tc_faq_014_verifyBackButtonNavigation" time="2.421"/>
  <testcase classname="tests.FAQTest" name="tc_faq_015_verifyCrawlAllLinksAndSubScreens" time="88.933"/>
  <testcase classname="tests.FAQTest" name="tc_faq_016_verifySipLumpsumQuestionExpands" time="5.855"/>
</testsuite> <!-- Test -->
