<?xml version="1.0" encoding="UTF-8"?>
<testsuite xmlns:xsi="http://www.w3.org/2001/XMLSchema-instance" xsi:noNamespaceSchemaLocation="https://maven.apache.org/surefire/maven-surefire-plugin/xsd/surefire-test-report.xsd" version="3.0.2" name="tests.HomePageTest" time="705.27" tests="32" errors="0" skipped="0" failures="2">
  <properties>
[...]
</properties>
  <testcase name="tc_home_001_verifyFundsScreenLoads" classname="tests.HomePageTest" time="0.021">
    <system-err><![CDATA[[main] INFO base.BaseTest - beforeClass: initializing driver for HomePageTest
[main] INFO base.BaseTest - initializeDriver: no active session — creating driver
[main] INFO base.BaseTest - initializeDriver: driver created — Flutter stabilization complete
[main] INFO base.BaseTest - beforeClass: driver ready — running onClassReady()
[main] INFO base.BaseTest - beforeClass: complete for HomePageTest
[main] INFO base.BaseTest - === setUp: tc_home_001_verifyFundsScreenLoads ===
[main] INFO base.BaseTest - initializeDriver: session alive — reusing
[main] INFO base.BaseTest - setUp: ensuring app is running
[main] INFO base.BaseTest - ensureAppIsRunning: app already in foreground
[main] INFO base.BaseTest - setUp: ensuring dashboard ready
[main] INFO base.BaseTest - ensureDashboardReady: bottom navigation visible — tapping Hub tab
[main] INFO pages.DashboardPage - Tapping Hub tab
[main] INFO pages.DashboardPage - Hub tab tapped
[main] INFO base.BaseTest - ensureDashboardReady: Hub tab tapped — dashboard ready
[main] INFO base.BaseTest - setUp: running recoverAppState()
[main] INFO pages.DashboardPage - recoverToDashboard: checking current state
[main] INFO pages.DashboardPage - recoverToDashboard: already on dashboard
[main] INFO pages.DashboardPage - Tapping Funds tab
[main] INFO pages.DashboardPage - Funds tab tapped
[main] INFO pages.Home_Page - Opening Funds screen
[main] INFO pages.Home_Page - Funds screen already open
[main] INFO base.BaseTest - Funds screen ready for: tc_home_001_verifyFundsScreenLoads
[main] INFO base.BaseTest - setUp: complete — tc_home_001_verifyFundsScreenLoads ready to execute
[main] INFO base.BaseTest - TC_HOME_001 - Funds screen load verified
]]></system-err>
  </testcase>
  <testcase name="tc_home_002_verifyBottomNavigationVisible" classname="tests.HomePageTest" time="0.103">
    <system-err><![CDATA[[main] INFO base.BaseTest - === tearDown: tc_home_001_verifyFundsScreenLoads ===
[main] INFO base.BaseTest - tearDown: PASSED — tc_home_001_verifyFundsScreenLoads
[main] INFO base.BaseTest - === setUp: tc_home_002_verifyBottomNavigationVisible ===
[main] INFO base.BaseTest - initializeDriver: session alive — reusing
[main] INFO base.BaseTest - setUp: ensuring app is running
[main] INFO base.BaseTest - ensureAppIsRunning: app already in foreground
[main] INFO base.BaseTest - setUp: ensuring dashboard ready
[main] INFO base.BaseTest - ensureDashboardReady: bottom navigation visible — tapping Hub tab
[main] INFO pages.DashboardPage - Tapping Hub tab
[main] INFO pages.DashboardPage - Hub tab tapped
[main] INFO base.BaseTest - ensureDashboardReady: Hub tab tapped — dashboard ready
[main] INFO base.BaseTest - setUp: running recoverAppState()
[main] INFO pages.DashboardPage - recoverToDashboard: checking current state
[main] INFO pages.DashboardPage - recoverToDashboard: already on dashboard
[main] INFO pages.DashboardPage - Tapping Funds tab
[main] INFO pages.DashboardPage - Funds tab tapped
[main] INFO pages.Home_Page - Opening Funds screen
[main] INFO pages.Home_Page - Funds screen already open
[main] INFO base.BaseTest - Funds screen ready for: tc_home_002_verifyBottomNavigationVisible
[main] INFO base.BaseTest - setUp: complete — tc_home_002_verifyBottomNavigationVisible ready to execute
[main] INFO base.BaseTest - TC_HOME_002 - Bottom navigation visibility verified
]]></system-err>
  </testcase>
  <testcase name="tc_home_003_verifyRichFutureSectionVisible" classname="tests.HomePageTest" time="2.115">
    <system-err><![CDATA[[main] INFO base.BaseTest - === tearDown: tc_home_002_verifyBottomNavigationVisible ===
[main] INFO base.BaseTest - tearDown: PASSED — tc_home_002_verifyBottomNavigationVisible
[main] INFO base.BaseTest - === setUp: tc_home_003_verifyRichFutureSectionVisible ===
[main] INFO base.BaseTest - initializeDriver: session alive — reusing
[main] INFO base.BaseTest - setUp: ensuring app is running
[main] INFO base.BaseTest - ensureAppIsRunning: app already in foreground
[main] INFO base.BaseTest - setUp: ensuring dashboard ready
[main] INFO base.BaseTest - ensureDashboardReady: bottom navigation visible — tapping Hub tab
[main] INFO pages.DashboardPage - Tapping Hub tab
[main] INFO pages.DashboardPage - Hub tab tapped
[main] INFO base.BaseTest - ensureDashboardReady: Hub tab tapped — dashboard ready
[main] INFO base.BaseTest - setUp: running recoverAppState()
[main] INFO pages.DashboardPage - recoverToDashboard: checking current state
[main] INFO pages.DashboardPage - recoverToDashboard: already on dashboard
[main] INFO pages.DashboardPage - Tapping Funds tab
[main] INFO pages.DashboardPage - Funds tab tapped
[main] INFO pages.Home_Page - Opening Funds screen
[main] INFO pages.Home_Page - Funds screen already open
[main] INFO base.BaseTest - Funds screen ready for: tc_home_003_verifyRichFutureSectionVisible
[main] INFO base.BaseTest - setUp: complete — tc_home_003_verifyRichFutureSectionVisible ready to execute
[main] INFO base.BaseTest - TC_HOME_003 - Rich Future section visibility verified
]]></system-err>
  </testcase>
  <testcase name="tc_home_004_verifyNavigateToSectionVisible" classname="tests.HomePageTest" time="6.278">
    <system-err><![CDATA[[main] INFO base.BaseTest - === tearDown: tc_home_003_verifyRichFutureSectionVisible ===
[main] INFO base.BaseTest - tearDown: PASSED — tc_home_003_verifyRichFutureSectionVisible
[main] INFO base.BaseTest - === setUp: tc_home_004_verifyNavigateToSectionVisible ===
[main] INFO base.BaseTest - initializeDriver: session alive — reusing
[main] INFO base.BaseTest - setUp: ensuring app is running
[main] INFO base.BaseTest - ensureAppIsRunning: app already in foreground
[main] INFO base.BaseTest - setUp: ensuring dashboard ready
[main] INFO base.BaseTest - ensureDashboardReady: bottom navigation visible — tapping Hub tab
[main] INFO pages.DashboardPage - Tapping Hub tab
[main] INFO pages.DashboardPage - Hub tab tapped
[main] INFO base.BaseTest - ensureDashboardReady: Hub tab tapped — dashboard ready
[main] INFO base.BaseTest - setUp: running recoverAppState()
[main] INFO pages.DashboardPage - recoverToDashboard: checking current state
[main] INFO pages.DashboardPage - recoverToDashboard: already on dashboard
[main] INFO pages.DashboardPage - Tapping Funds tab
[main] INFO pages.DashboardPage - Funds tab tapped
[main] INFO pages.Home_Page - Opening Funds screen
[main] INFO pages.Home_Page - Funds screen already open
[main] INFO base.BaseTest - Funds screen ready for: tc_home_004_verifyNavigateToSectionVisible
[main] INFO base.BaseTest - setUp: complete — tc_home_004_verifyNavigateToSectionVisible ready to execute
[main] INFO base.BaseTest - TC_HOME_004 - Navigate To section visibility verified
]]></system-err>
  </testcase>
  <testcase name="tc_home_005_verifyQuickGuidesSectionVisible" classname="tests.HomePageTest" time="6.246">
    <system-err><![CDATA[[main] INFO base.BaseTest - === tearDown: tc_home_004_verifyNavigateToSectionVisible ===
[main] INFO base.BaseTest - tearDown: PASSED — tc_home_004_verifyNavigateToSectionVisible
[main] INFO base.BaseTest - === setUp: tc_home_005_verifyQuickGuidesSectionVisible ===
[main] INFO base.BaseTest - initializeDriver: session alive — reusing
[main] INFO base.BaseTest - setUp: ensuring app is running
[main] INFO base.BaseTest - ensureAppIsRunning: app already in foreground
[main] INFO base.BaseTest - setUp: ensuring dashboard ready
[main] INFO base.BaseTest - ensureDashboardReady: bottom navigation visible — tapping Hub tab
[main] INFO pages.DashboardPage - Tapping Hub tab
[main] INFO pages.DashboardPage - Hub tab tapped
[main] INFO base.BaseTest - ensureDashboardReady: Hub tab tapped — dashboard ready
[main] INFO base.BaseTest - setUp: running recoverAppState()
[main] INFO pages.DashboardPage - recoverToDashboard: checking current state
[main] INFO pages.DashboardPage - recoverToDashboard: already on dashboard
[main] INFO pages.DashboardPage - Tapping Funds tab
[main] INFO pages.DashboardPage - Funds tab tapped
[main] INFO pages.Home_Page - Opening Funds screen
[main] INFO pages.Home_Page - Funds screen already open
[main] INFO base.BaseTest - Funds screen ready for: tc_home_005_verifyQuickGuidesSectionVisible
[main] INFO base.BaseTest - setUp: complete — tc_home_005_verifyQuickGuidesSectionVisible ready to execute
[main] INFO base.BaseTest - TC_HOME_005 - Quick Guides section visibility verified
]]></system-err>
  </testcase>
  <testcase name="tc_home_006_verifyAnalystChoiceSectionVisible" classname="tests.HomePageTest" time="18.714">
    <failure message="Analyst Choice section must be visible expected [true] but found [false]" type="java.lang.AssertionError"><![CDATA[java.lang.AssertionError: Analyst Choice section must be visible expected [true] but found [false]
	at org.testng.Assert.fail(Assert.java:111)
	at org.testng.Assert.failNotEquals(Assert.java:1578)
	at org.testng.Assert.assertTrue(Assert.java:57)
	at tests.HomePageTest.tc_home_006_verifyAnalystChoiceSectionVisible(HomePageTest.java:96)
	at java.base/jdk.internal.reflect.NativeMethodAccessorImpl.invoke0(Native Method)
	at java.base/jdk.internal.reflect.NativeMethodAccessorImpl.invoke(NativeMethodAccessorImpl.java:77)
	at java.base/jdk.internal.reflect.DelegatingMethodAccessorImpl.invoke(DelegatingMethodAccessorImpl.java:43)
	at java.base/java.lang.reflect.Method.invoke(Method.java:569)
	at org.testng.internal.invokers.MethodInvocationHelper.invokeMethod(MethodInvocationHelper.java:141)
	at org.testng.internal.invokers.TestInvoker.invokeMethod(TestInvoker.java:686)
	at org.testng.internal.invokers.TestInvoker.invokeTestMethod(TestInvoker.java:230)
	at org.testng.internal.invokers.MethodRunner.runInSequence(MethodRunner.java:63)
	at org.testng.internal.invokers.TestInvoker$MethodInvocationAgent.invoke(TestInvoker.java:992)
	at org.testng.internal.invokers.TestInvoker.invokeTestMethods(TestInvoker.java:203)
	at org.testng.internal.invokers.TestMethodWorker.invokeTestMethods(TestMethodWorker.java:154)
	at org.testng.internal.invokers.TestMethodWorker.run(TestMethodWorker.java:134)
	at java.base/java.util.ArrayList.forEach(ArrayList.java:1511)
	at org.testng.TestRunner.privateRun(TestRunner.java:739)
	at org.testng.TestRunner.run(TestRunner.java:614)
	at org.testng.SuiteRunner.runTest(SuiteRunner.java:421)
	at org.testng.SuiteRunner.runSequentially(SuiteRunner.java:413)
	at org.testng.SuiteRunner.privateRun(SuiteRunner.java:373)
	at org.testng.SuiteRunner.run(SuiteRunner.java:312)
	at org.testng.SuiteRunnerWorker.runSuite(SuiteRunnerWorker.java:52)
	at org.testng.SuiteRunnerWorker.run(SuiteRunnerWorker.java:95)
	at org.testng.TestNG.runSuitesSequentially(TestNG.java:1274)
	at org.testng.TestNG.runSuitesLocally(TestNG.java:1208)
	at org.testng.TestNG.runSuites(TestNG.java:1112)
	at org.testng.TestNG.run(TestNG.java:1079)
	at org.apache.maven.surefire.testng.TestNGExecutor.run(TestNGExecutor.java:155)
	at org.apache.maven.surefire.testng.TestNGDirectoryTestSuite.executeSingleClass(TestNGDirectoryTestSuite.java:102)
	at org.apache.maven.surefire.testng.TestNGDirectoryTestSuite.execute(TestNGDirectoryTestSuite.java:91)
	at org.apache.maven.surefire.testng.TestNGProvider.invoke(TestNGProvider.java:137)
	at org.apache.maven.surefire.booter.ForkedBooter.runSuitesInProcess(ForkedBooter.java:385)
	at org.apache.maven.surefire.booter.ForkedBooter.execute(ForkedBooter.java:162)
	at org.apache.maven.surefire.booter.ForkedBooter.run(ForkedBooter.java:507)
	at org.apache.maven.surefire.booter.ForkedBooter.main(ForkedBooter.java:495)
]]></failure>
    <system-err><![CDATA[[main] INFO base.BaseTest - === tearDown: tc_home_005_verifyQuickGuidesSectionVisible ===
[main] INFO base.BaseTest - tearDown: PASSED — tc_home_005_verifyQuickGuidesSectionVisible
[main] INFO base.BaseTest - === setUp: tc_home_006_verifyAnalystChoiceSectionVisible ===
[main] INFO base.BaseTest - initializeDriver: session alive — reusing
[main] INFO base.BaseTest - setUp: ensuring app is running
[main] INFO base.BaseTest - ensureAppIsRunning: app already in foreground
[main] INFO base.BaseTest - setUp: ensuring dashboard ready
[main] INFO base.BaseTest - ensureDashboardReady: bottom navigation visible — tapping Hub tab
[main] INFO pages.DashboardPage - Tapping Hub tab
[main] INFO pages.DashboardPage - Hub tab tapped
[main] INFO base.BaseTest - ensureDashboardReady: Hub tab tapped — dashboard ready
[main] INFO base.BaseTest - setUp: running recoverAppState()
[main] INFO pages.DashboardPage - recoverToDashboard: checking current state
[main] INFO pages.DashboardPage - recoverToDashboard: already on dashboard
[main] INFO pages.DashboardPage - Tapping Funds tab
[main] INFO pages.DashboardPage - Funds tab tapped
[main] INFO pages.Home_Page - Opening Funds screen
[main] INFO pages.Home_Page - Funds screen already open
[main] INFO base.BaseTest - Funds screen ready for: tc_home_006_verifyAnalystChoiceSectionVisible
[main] INFO base.BaseTest - setUp: complete — tc_home_006_verifyAnalystChoiceSectionVisible ready to execute
]]></system-err>
  </testcase>
  <testcase name="tc_home_007_verifyFundAdvisorNoteSectionVisible" classname="tests.HomePageTest" time="4.148">
    <system-err><![CDATA[[main] INFO base.BaseTest - === tearDown: tc_home_006_verifyAnalystChoiceSectionVisible ===
[main] WARN base.BaseTest - tearDown: FAILED — tc_home_006_verifyAnalystChoiceSectionVisible
[main] ERROR base.BaseTest - FAILED: tc_home_006_verifyAnalystChoiceSectionVisible - Analyst Choice section must be visible expected [true] but found [false]
[main] INFO utils.ScreenshotUtil - [ScreenshotUtil] Screenshot saved: /home/wamik/appium-framework/reports/screenshots/tc_home_006_verifyAnalystChoiceSectionVisible_20260605_121103.png
[main] INFO base.BaseTest - === setUp: tc_home_007_verifyFundAdvisorNoteSectionVisible ===
[main] INFO base.BaseTest - initializeDriver: session alive — reusing
[main] INFO base.BaseTest - setUp: ensuring app is running
[main] INFO base.BaseTest - ensureAppIsRunning: app already in foreground
[main] INFO base.BaseTest - setUp: ensuring dashboard ready
[main] INFO base.BaseTest - ensureDashboardReady: bottom navigation visible — tapping Hub tab
[main] INFO pages.DashboardPage - Tapping Hub tab
[main] INFO pages.DashboardPage - Hub tab tapped
[main] INFO base.BaseTest - ensureDashboardReady: Hub tab tapped — dashboard ready
[main] INFO base.BaseTest - setUp: running recoverAppState()
[main] INFO pages.DashboardPage - recoverToDashboard: checking current state
[main] INFO pages.DashboardPage - recoverToDashboard: already on dashboard
[main] INFO pages.DashboardPage - Tapping Funds tab
[main] INFO pages.DashboardPage - Funds tab tapped
[main] INFO pages.Home_Page - Opening Funds screen
[main] INFO pages.Home_Page - Funds screen already open
[main] INFO base.BaseTest - Funds screen ready for: tc_home_007_verifyFundAdvisorNoteSectionVisible
[main] INFO base.BaseTest - setUp: complete — tc_home_007_verifyFundAdvisorNoteSectionVisible ready to execute
[main] INFO base.BaseTest - TC_HOME_007 - Fund Advisor Note section visibility verified
]]></system-err>
  </testcase>
  <testcase name="tc_home_008_verifyRetirementCardVisible" classname="tests.HomePageTest" time="2.086">
    <system-err><![CDATA[[main] INFO base.BaseTest - === tearDown: tc_home_007_verifyFundAdvisorNoteSectionVisible ===
[main] INFO base.BaseTest - tearDown: PASSED — tc_home_007_verifyFundAdvisorNoteSectionVisible
[main] INFO base.BaseTest - === setUp: tc_home_008_verifyRetirementCardVisible ===
[main] INFO base.BaseTest - initializeDriver: session alive — reusing
[main] INFO base.BaseTest - setUp: ensuring app is running
[main] INFO base.BaseTest - ensureAppIsRunning: app already in foreground
[main] INFO base.BaseTest - setUp: ensuring dashboard ready
[main] INFO base.BaseTest - ensureDashboardReady: bottom navigation visible — tapping Hub tab
[main] INFO pages.DashboardPage - Tapping Hub tab
[main] INFO pages.DashboardPage - Hub tab tapped
[main] INFO base.BaseTest - ensureDashboardReady: Hub tab tapped — dashboard ready
[main] INFO base.BaseTest - setUp: running recoverAppState()
[main] INFO pages.DashboardPage - recoverToDashboard: checking current state
[main] INFO pages.DashboardPage - recoverToDashboard: already on dashboard
[main] INFO pages.DashboardPage - Tapping Funds tab
[main] INFO pages.DashboardPage - Funds tab tapped
[main] INFO pages.Home_Page - Opening Funds screen
[main] INFO pages.Home_Page - Funds screen already open
[main] INFO base.BaseTest - Funds screen ready for: tc_home_008_verifyRetirementCardVisible
[main] INFO base.BaseTest - setUp: complete — tc_home_008_verifyRetirementCardVisible ready to execute
[main] INFO base.BaseTest - TC_HOME_008 - Retirement card visibility verified
]]></system-err>
  </testcase>
  <testcase name="tc_home_009_verifyRegularIncomeCardVisible" classname="tests.HomePageTest" time="2.072">
    <system-err><![CDATA[[main] INFO base.BaseTest - === tearDown: tc_home_008_verifyRetirementCardVisible ===
[main] INFO base.BaseTest - tearDown: PASSED — tc_home_008_verifyRetirementCardVisible
[main] INFO base.BaseTest - === setUp: tc_home_009_verifyRegularIncomeCardVisible ===
[main] INFO base.BaseTest - initializeDriver: session alive — reusing
[main] INFO base.BaseTest - setUp: ensuring app is running
[main] INFO base.BaseTest - ensureAppIsRunning: app already in foreground
[main] INFO base.BaseTest - setUp: ensuring dashboard ready
[main] INFO base.BaseTest - ensureDashboardReady: bottom navigation visible — tapping Hub tab
[main] INFO pages.DashboardPage - Tapping Hub tab
[main] INFO pages.DashboardPage - Hub tab tapped
[main] INFO base.BaseTest - ensureDashboardReady: Hub tab tapped — dashboard ready
[main] INFO base.BaseTest - setUp: running recoverAppState()
[main] INFO pages.DashboardPage - recoverToDashboard: checking current state
[main] INFO pages.DashboardPage - recoverToDashboard: already on dashboard
[main] INFO pages.DashboardPage - Tapping Funds tab
[main] INFO pages.DashboardPage - Funds tab tapped
[main] INFO pages.Home_Page - Opening Funds screen
[main] INFO pages.Home_Page - Funds screen already open
[main] INFO base.BaseTest - Funds screen ready for: tc_home_009_verifyRegularIncomeCardVisible
[main] INFO base.BaseTest - setUp: complete — tc_home_009_verifyRegularIncomeCardVisible ready to execute
[main] INFO base.BaseTest - TC_HOME_009 - Regular Income card visibility verified
]]></system-err>
  </testcase>
  <testcase name="tc_home_010_verifyNoGoalStartInvestingCardVisible" classname="tests.HomePageTest" time="2.112">
    <system-err><![CDATA[[main] INFO base.BaseTest - === tearDown: tc_home_009_verifyRegularIncomeCardVisible ===
[main] INFO base.BaseTest - tearDown: PASSED — tc_home_009_verifyRegularIncomeCardVisible
[main] INFO base.BaseTest - === setUp: tc_home_010_verifyNoGoalStartInvestingCardVisible ===
[main] INFO base.BaseTest - initializeDriver: session alive — reusing
[main] INFO base.BaseTest - setUp: ensuring app is running
[main] INFO base.BaseTest - ensureAppIsRunning: app already in foreground
[main] INFO base.BaseTest - setUp: ensuring dashboard ready
[main] INFO base.BaseTest - ensureDashboardReady: bottom navigation visible — tapping Hub tab
[main] INFO pages.DashboardPage - Tapping Hub tab
[main] INFO pages.DashboardPage - Hub tab tapped
[main] INFO base.BaseTest - ensureDashboardReady: Hub tab tapped — dashboard ready
[main] INFO base.BaseTest - setUp: running recoverAppState()
[main] INFO pages.DashboardPage - recoverToDashboard: checking current state
[main] INFO pages.DashboardPage - recoverToDashboard: already on dashboard
[main] INFO pages.DashboardPage - Tapping Funds tab
[main] INFO pages.DashboardPage - Funds tab tapped
[main] INFO pages.Home_Page - Opening Funds screen
[main] INFO pages.Home_Page - Funds screen already open
[main] INFO base.BaseTest - Funds screen ready for: tc_home_010_verifyNoGoalStartInvestingCardVisible
[main] INFO base.BaseTest - setUp: complete — tc_home_010_verifyNoGoalStartInvestingCardVisible ready to execute
[main] INFO base.BaseTest - TC_HOME_010 - No Goal Start Investing card visibility verified
]]></system-err>
  </testcase>
  <testcase name="tc_home_011_verifyMfScreenerLinkVisible" classname="tests.HomePageTest" time="6.239">
    <system-err><![CDATA[[main] INFO base.BaseTest - === tearDown: tc_home_010_verifyNoGoalStartInvestingCardVisible ===
[main] INFO base.BaseTest - tearDown: PASSED — tc_home_010_verifyNoGoalStartInvestingCardVisible
[main] INFO base.BaseTest - === setUp: tc_home_011_verifyMfScreenerLinkVisible ===
[main] INFO base.BaseTest - initializeDriver: session alive — reusing
[main] INFO base.BaseTest - setUp: ensuring app is running
[main] INFO base.BaseTest - ensureAppIsRunning: app already in foreground
[main] INFO base.BaseTest - setUp: ensuring dashboard ready
[main] INFO base.BaseTest - ensureDashboardReady: bottom navigation visible — tapping Hub tab
[main] INFO pages.DashboardPage - Tapping Hub tab
[main] INFO pages.DashboardPage - Hub tab tapped
[main] INFO base.BaseTest - ensureDashboardReady: Hub tab tapped — dashboard ready
[main] INFO base.BaseTest - setUp: running recoverAppState()
[main] INFO pages.DashboardPage - recoverToDashboard: checking current state
[main] INFO pages.DashboardPage - recoverToDashboard: already on dashboard
[main] INFO pages.DashboardPage - Tapping Funds tab
[main] INFO pages.DashboardPage - Funds tab tapped
[main] INFO pages.Home_Page - Opening Funds screen
[main] INFO pages.Home_Page - Funds screen already open
[main] INFO base.BaseTest - Funds screen ready for: tc_home_011_verifyMfScreenerLinkVisible
[main] INFO base.BaseTest - setUp: complete — tc_home_011_verifyMfScreenerLinkVisible ready to execute
[main] INFO base.BaseTest - TC_HOME_011 - MF Screener link visibility verified
]]></system-err>
  </testcase>
  <testcase name="tc_home_012_verifySipCalculatorLinkVisible" classname="tests.HomePageTest" time="6.402">
    <system-err><![CDATA[[main] INFO base.BaseTest - === tearDown: tc_home_011_verifyMfScreenerLinkVisible ===
[main] INFO base.BaseTest - tearDown: PASSED — tc_home_011_verifyMfScreenerLinkVisible
[main] INFO base.BaseTest - === setUp: tc_home_012_verifySipCalculatorLinkVisible ===
[main] INFO base.BaseTest - initializeDriver: session alive — reusing
[main] INFO base.BaseTest - setUp: ensuring app is running
[main] INFO base.BaseTest - ensureAppIsRunning: app already in foreground
[main] INFO base.BaseTest - setUp: ensuring dashboard ready
[main] INFO base.BaseTest - ensureDashboardReady: bottom navigation visible — tapping Hub tab
[main] INFO pages.DashboardPage - Tapping Hub tab
[main] INFO pages.DashboardPage - Hub tab tapped
[main] INFO base.BaseTest - ensureDashboardReady: Hub tab tapped — dashboard ready
[main] INFO base.BaseTest - setUp: running recoverAppState()
[main] INFO pages.DashboardPage - recoverToDashboard: checking current state
[main] INFO pages.DashboardPage - recoverToDashboard: already on dashboard
[main] INFO pages.DashboardPage - Tapping Funds tab
[main] INFO pages.DashboardPage - Funds tab tapped
[main] INFO pages.Home_Page - Opening Funds screen
[main] INFO pages.Home_Page - Funds screen already open
[main] INFO base.BaseTest - Funds screen ready for: tc_home_012_verifySipCalculatorLinkVisible
[main] INFO base.BaseTest - setUp: complete — tc_home_012_verifySipCalculatorLinkVisible ready to execute
[main] INFO base.BaseTest - TC_HOME_012 - SIP Calculator link visibility verified
]]></system-err>
  </testcase>
  <testcase name="tc_home_013_verifyFundSearchLinkVisible" classname="tests.HomePageTest" time="6.235">
    <system-err><![CDATA[[main] INFO base.BaseTest - === tearDown: tc_home_012_verifySipCalculatorLinkVisible ===
[main] INFO base.BaseTest - tearDown: PASSED — tc_home_012_verifySipCalculatorLinkVisible
[main] INFO base.BaseTest - === setUp: tc_home_013_verifyFundSearchLinkVisible ===
[main] INFO base.BaseTest - initializeDriver: session alive — reusing
[main] INFO base.BaseTest - setUp: ensuring app is running
[main] INFO base.BaseTest - ensureAppIsRunning: app already in foreground
[main] INFO base.BaseTest - setUp: ensuring dashboard ready
[main] INFO base.BaseTest - ensureDashboardReady: bottom navigation visible — tapping Hub tab
[main] INFO pages.DashboardPage - Tapping Hub tab
[main] INFO pages.DashboardPage - Hub tab tapped
[main] INFO base.BaseTest - ensureDashboardReady: Hub tab tapped — dashboard ready
[main] INFO base.BaseTest - setUp: running recoverAppState()
[main] INFO pages.DashboardPage - recoverToDashboard: checking current state
[main] INFO pages.DashboardPage - recoverToDashboard: already on dashboard
[main] INFO pages.DashboardPage - Tapping Funds tab
[main] INFO pages.DashboardPage - Funds tab tapped
[main] INFO pages.Home_Page - Opening Funds screen
[main] INFO pages.Home_Page - Funds screen already open
[main] INFO base.BaseTest - Funds screen ready for: tc_home_013_verifyFundSearchLinkVisible
[main] INFO base.BaseTest - setUp: complete — tc_home_013_verifyFundSearchLinkVisible ready to execute
[main] INFO base.BaseTest - TC_HOME_013 - Fund Search link visibility verified
]]></system-err>
  </testcase>
  <testcase name="tc_home_014_verifyMoreQuickGuidesLinkVisible" classname="tests.HomePageTest" time="4.142">
    <system-err><![CDATA[[main] INFO base.BaseTest - === tearDown: tc_home_013_verifyFundSearchLinkVisible ===
[main] INFO base.BaseTest - tearDown: PASSED — tc_home_013_verifyFundSearchLinkVisible
[main] INFO base.BaseTest - === setUp: tc_home_014_verifyMoreQuickGuidesLinkVisible ===
[main] INFO base.BaseTest - initializeDriver: session alive — reusing
[main] INFO base.BaseTest - setUp: ensuring app is running
[main] INFO base.BaseTest - ensureAppIsRunning: app already in foreground
[main] INFO base.BaseTest - setUp: ensuring dashboard ready
[main] INFO base.BaseTest - ensureDashboardReady: bottom navigation visible — tapping Hub tab
[main] INFO pages.DashboardPage - Tapping Hub tab
[main] INFO pages.DashboardPage - Hub tab tapped
[main] INFO base.BaseTest - ensureDashboardReady: Hub tab tapped — dashboard ready
[main] INFO base.BaseTest - setUp: running recoverAppState()
[main] INFO pages.DashboardPage - recoverToDashboard: checking current state
[main] INFO pages.DashboardPage - recoverToDashboard: already on dashboard
[main] INFO pages.DashboardPage - Tapping Funds tab
[main] INFO pages.DashboardPage - Funds tab tapped
[main] INFO pages.Home_Page - Opening Funds screen
[main] INFO pages.Home_Page - Funds screen already open
[main] INFO base.BaseTest - Funds screen ready for: tc_home_014_verifyMoreQuickGuidesLinkVisible
[main] INFO base.BaseTest - setUp: complete — tc_home_014_verifyMoreQuickGuidesLinkVisible ready to execute
[main] INFO base.BaseTest - TC_HOME_014 - More Quick Guides link visibility verified
]]></system-err>
  </testcase>
  <testcase name="tc_home_015_verifyBuildInvestmentPlanGuideVisible" classname="tests.HomePageTest" time="6.239">
    <system-err><![CDATA[[main] INFO base.BaseTest - === tearDown: tc_home_014_verifyMoreQuickGuidesLinkVisible ===
[main] INFO base.BaseTest - tearDown: PASSED — tc_home_014_verifyMoreQuickGuidesLinkVisible
[main] INFO base.BaseTest - === setUp: tc_home_015_verifyBuildInvestmentPlanGuideVisible ===
[main] INFO base.BaseTest - initializeDriver: session alive — reusing
[main] INFO base.BaseTest - setUp: ensuring app is running
[main] INFO base.BaseTest - ensureAppIsRunning: app already in foreground
[main] INFO base.BaseTest - setUp: ensuring dashboard ready
[main] INFO base.BaseTest - ensureDashboardReady: bottom navigation visible — tapping Hub tab
[main] INFO pages.DashboardPage - Tapping Hub tab
[main] INFO pages.DashboardPage - Hub tab tapped
[main] INFO base.BaseTest - ensureDashboardReady: Hub tab tapped — dashboard ready
[main] INFO base.BaseTest - setUp: running recoverAppState()
[main] INFO pages.DashboardPage - recoverToDashboard: checking current state
[main] INFO pages.DashboardPage - recoverToDashboard: already on dashboard
[main] INFO pages.DashboardPage - Tapping Funds tab
[main] INFO pages.DashboardPage - Funds tab tapped
[main] INFO pages.Home_Page - Opening Funds screen
[main] INFO pages.Home_Page - Funds screen already open
[main] INFO base.BaseTest - Funds screen ready for: tc_home_015_verifyBuildInvestmentPlanGuideVisible
[main] INFO base.BaseTest - setUp: complete — tc_home_015_verifyBuildInvestmentPlanGuideVisible ready to execute
[main] INFO base.BaseTest - TC_HOME_015 - Build Investment Plan guide visibility verified
]]></system-err>
  </testcase>
  <testcase name="tc_home_016_verifyUpgradePortfolioGuideVisible" classname="tests.HomePageTest" time="6.235">
    <system-err><![CDATA[[main] INFO base.BaseTest - === tearDown: tc_home_015_verifyBuildInvestmentPlanGuideVisible ===
[main] INFO base.BaseTest - tearDown: PASSED — tc_home_015_verifyBuildInvestmentPlanGuideVisible
[main] INFO base.BaseTest - === setUp: tc_home_016_verifyUpgradePortfolioGuideVisible ===
[main] INFO base.BaseTest - initializeDriver: session alive — reusing
[main] INFO base.BaseTest - setUp: ensuring app is running
[main] INFO base.BaseTest - ensureAppIsRunning: app already in foreground
[main] INFO base.BaseTest - setUp: ensuring dashboard ready
[main] INFO base.BaseTest - ensureDashboardReady: bottom navigation visible — tapping Hub tab
[main] INFO pages.DashboardPage - Tapping Hub tab
[main] INFO pages.DashboardPage - Hub tab tapped
[main] INFO base.BaseTest - ensureDashboardReady: Hub tab tapped — dashboard ready
[main] INFO base.BaseTest - setUp: running recoverAppState()
[main] INFO pages.DashboardPage - recoverToDashboard: checking current state
[main] INFO pages.DashboardPage - recoverToDashboard: already on dashboard
[main] INFO pages.DashboardPage - Tapping Funds tab
[main] INFO pages.DashboardPage - Funds tab tapped
[main] INFO pages.Home_Page - Opening Funds screen
[main] INFO pages.Home_Page - Funds screen already open
[main] INFO base.BaseTest - Funds screen ready for: tc_home_016_verifyUpgradePortfolioGuideVisible
[main] INFO base.BaseTest - setUp: complete — tc_home_016_verifyUpgradePortfolioGuideVisible ready to execute
[main] INFO base.BaseTest - TC_HOME_016 - Upgrade Portfolio guide visibility verified
]]></system-err>
  </testcase>
  <testcase name="tc_home_017_verifyAnalystPickedFundsGuideVisible" classname="tests.HomePageTest" time="8.322">
    <system-err><![CDATA[[main] INFO base.BaseTest - === tearDown: tc_home_016_verifyUpgradePortfolioGuideVisible ===
[main] INFO base.BaseTest - tearDown: PASSED — tc_home_016_verifyUpgradePortfolioGuideVisible
[main] INFO base.BaseTest - === setUp: tc_home_017_verifyAnalystPickedFundsGuideVisible ===
[main] INFO base.BaseTest - initializeDriver: session alive — reusing
[main] INFO base.BaseTest - setUp: ensuring app is running
[main] INFO base.BaseTest - ensureAppIsRunning: app already in foreground
[main] INFO base.BaseTest - setUp: ensuring dashboard ready
[main] INFO base.BaseTest - ensureDashboardReady: bottom navigation visible — tapping Hub tab
[main] INFO pages.DashboardPage - Tapping Hub tab
[main] INFO pages.DashboardPage - Hub tab tapped
[main] INFO base.BaseTest - ensureDashboardReady: Hub tab tapped — dashboard ready
[main] INFO base.BaseTest - setUp: running recoverAppState()
[main] INFO pages.DashboardPage - recoverToDashboard: checking current state
[main] INFO pages.DashboardPage - recoverToDashboard: already on dashboard
[main] INFO pages.DashboardPage - Tapping Funds tab
[main] INFO pages.DashboardPage - Funds tab tapped
[main] INFO pages.Home_Page - Opening Funds screen
[main] INFO pages.Home_Page - Funds screen already open
[main] INFO base.BaseTest - Funds screen ready for: tc_home_017_verifyAnalystPickedFundsGuideVisible
[main] INFO base.BaseTest - setUp: complete — tc_home_017_verifyAnalystPickedFundsGuideVisible ready to execute
[main] INFO base.BaseTest - TC_HOME_017 - Analyst Picked Funds guide visibility verified
]]></system-err>
  </testcase>
  <testcase name="tc_home_018_verifyPersonalisedSupportCardVisible" classname="tests.HomePageTest" time="8.298">
    <system-err><![CDATA[[main] INFO base.BaseTest - === tearDown: tc_home_017_verifyAnalystPickedFundsGuideVisible ===
[main] INFO base.BaseTest - tearDown: PASSED — tc_home_017_verifyAnalystPickedFundsGuideVisible
[main] INFO base.BaseTest - === setUp: tc_home_018_verifyPersonalisedSupportCardVisible ===
[main] INFO base.BaseTest - initializeDriver: session alive — reusing
[main] INFO base.BaseTest - setUp: ensuring app is running
[main] INFO base.BaseTest - ensureAppIsRunning: app already in foreground
[main] INFO base.BaseTest - setUp: ensuring dashboard ready
[main] INFO base.BaseTest - ensureDashboardReady: bottom navigation visible — tapping Hub tab
[main] INFO pages.DashboardPage - Tapping Hub tab
[main] INFO pages.DashboardPage - Hub tab tapped
[main] INFO base.BaseTest - ensureDashboardReady: Hub tab tapped — dashboard ready
[main] INFO base.BaseTest - setUp: running recoverAppState()
[main] INFO pages.DashboardPage - recoverToDashboard: checking current state
[main] INFO pages.DashboardPage - recoverToDashboard: already on dashboard
[main] INFO pages.DashboardPage - Tapping Funds tab
[main] INFO pages.DashboardPage - Funds tab tapped
[main] INFO pages.Home_Page - Opening Funds screen
[main] INFO pages.Home_Page - Funds screen already open
[main] INFO base.BaseTest - Funds screen ready for: tc_home_018_verifyPersonalisedSupportCardVisible
[main] INFO base.BaseTest - setUp: complete — tc_home_018_verifyPersonalisedSupportCardVisible ready to execute
[main] INFO base.BaseTest - TC_HOME_018 - Personalised Support card visibility verified
]]></system-err>
  </testcase>
  <testcase name="tc_home_019_verifyAggressiveGrowthCardVisible" classname="tests.HomePageTest" time="4.147">
    <system-err><![CDATA[[main] INFO base.BaseTest - === tearDown: tc_home_018_verifyPersonalisedSupportCardVisible ===
[main] INFO base.BaseTest - tearDown: PASSED — tc_home_018_verifyPersonalisedSupportCardVisible
[main] INFO base.BaseTest - === setUp: tc_home_019_verifyAggressiveGrowthCardVisible ===
[main] INFO base.BaseTest - initializeDriver: session alive — reusing
[main] INFO base.BaseTest - setUp: ensuring app is running
[main] INFO base.BaseTest - ensureAppIsRunning: app already in foreground
[main] INFO base.BaseTest - setUp: ensuring dashboard ready
[main] INFO base.BaseTest - ensureDashboardReady: bottom navigation visible — tapping Hub tab
[main] INFO pages.DashboardPage - Tapping Hub tab
[main] INFO pages.DashboardPage - Hub tab tapped
[main] INFO base.BaseTest - ensureDashboardReady: Hub tab tapped — dashboard ready
[main] INFO base.BaseTest - setUp: running recoverAppState()
[main] INFO pages.DashboardPage - recoverToDashboard: checking current state
[main] INFO pages.DashboardPage - recoverToDashboard: already on dashboard
[main] INFO pages.DashboardPage - Tapping Funds tab
[main] INFO pages.DashboardPage - Funds tab tapped
[main] INFO pages.Home_Page - Opening Funds screen
[main] INFO pages.Home_Page - Funds screen already open
[main] INFO base.BaseTest - Funds screen ready for: tc_home_019_verifyAggressiveGrowthCardVisible
[main] INFO base.BaseTest - setUp: complete — tc_home_019_verifyAggressiveGrowthCardVisible ready to execute
[main] INFO base.BaseTest - TC_HOME_019 - Aggressive Growth card visibility verified
]]></system-err>
  </testcase>
  <testcase name="tc_home_020_verifyRetirementCardNavigation" classname="tests.HomePageTest" time="4.305">
    <system-err><![CDATA[[main] INFO base.BaseTest - === tearDown: tc_home_019_verifyAggressiveGrowthCardVisible ===
[main] INFO base.BaseTest - tearDown: PASSED — tc_home_019_verifyAggressiveGrowthCardVisible
[main] INFO base.BaseTest - === setUp: tc_home_020_verifyRetirementCardNavigation ===
[main] INFO base.BaseTest - initializeDriver: session alive — reusing
[main] INFO base.BaseTest - setUp: ensuring app is running
[main] INFO base.BaseTest - ensureAppIsRunning: app already in foreground
[main] INFO base.BaseTest - setUp: ensuring dashboard ready
[main] INFO base.BaseTest - ensureDashboardReady: bottom navigation visible — tapping Hub tab
[main] INFO pages.DashboardPage - Tapping Hub tab
[main] INFO pages.DashboardPage - Hub tab tapped
[main] INFO base.BaseTest - ensureDashboardReady: Hub tab tapped — dashboard ready
[main] INFO base.BaseTest - setUp: running recoverAppState()
[main] INFO pages.DashboardPage - recoverToDashboard: checking current state
[main] INFO pages.DashboardPage - recoverToDashboard: already on dashboard
[main] INFO pages.DashboardPage - Tapping Funds tab
[main] INFO pages.DashboardPage - Funds tab tapped
[main] INFO pages.Home_Page - Opening Funds screen
[main] INFO pages.Home_Page - Funds screen already open
[main] INFO base.BaseTest - Funds screen ready for: tc_home_020_verifyRetirementCardNavigation
[main] INFO base.BaseTest - setUp: complete — tc_home_020_verifyRetirementCardNavigation ready to execute
[main] INFO pages.Home_Page - Tapping Funds screen link: Your retirement, your way
[main] INFO pages.Home_Page - Funds link 'Your retirement, your way' result - openedScreen:true, returnedToFunds:true, passed:true
[main] INFO base.BaseTest - TC_HOME_020 - Retirement card navigation verified
]]></system-err>
  </testcase>
  <testcase name="tc_home_021_verifyRegularIncomeCardNavigation" classname="tests.HomePageTest" time="4.015">
    <system-err><![CDATA[[main] INFO base.BaseTest - === tearDown: tc_home_020_verifyRetirementCardNavigation ===
[main] INFO base.BaseTest - tearDown: PASSED — tc_home_020_verifyRetirementCardNavigation
[main] INFO base.BaseTest - === setUp: tc_home_021_verifyRegularIncomeCardNavigation ===
[main] INFO base.BaseTest - initializeDriver: session alive — reusing
[main] INFO base.BaseTest - setUp: ensuring app is running
[main] INFO base.BaseTest - ensureAppIsRunning: app already in foreground
[main] INFO base.BaseTest - setUp: ensuring dashboard ready
[main] INFO base.BaseTest - ensureDashboardReady: bottom navigation visible — tapping Hub tab
[main] INFO pages.DashboardPage - Tapping Hub tab
[main] INFO pages.DashboardPage - Hub tab tapped
[main] INFO base.BaseTest - ensureDashboardReady: Hub tab tapped — dashboard ready
[main] INFO base.BaseTest - setUp: running recoverAppState()
[main] INFO pages.DashboardPage - recoverToDashboard: checking current state
[main] INFO pages.DashboardPage - recoverToDashboard: already on dashboard
[main] INFO pages.DashboardPage - Tapping Funds tab
[main] INFO pages.DashboardPage - Funds tab tapped
[main] INFO pages.Home_Page - Opening Funds screen
[main] INFO pages.Home_Page - Funds screen already open
[main] INFO base.BaseTest - Funds screen ready for: tc_home_021_verifyRegularIncomeCardNavigation
[main] INFO base.BaseTest - setUp: complete — tc_home_021_verifyRegularIncomeCardNavigation ready to execute
[main] INFO pages.Home_Page - Tapping Funds screen link: Regular income for life
[main] INFO pages.Home_Page - Funds link 'Regular income for life' result - openedScreen:true, returnedToFunds:true, passed:true
[main] INFO base.BaseTest - TC_HOME_021 - Regular Income card navigation verified
]]></system-err>
  </testcase>
  <testcase name="tc_home_022_verifyNoGoalStartInvestingNavigation" classname="tests.HomePageTest" time="3.995">
    <system-err><![CDATA[[main] INFO base.BaseTest - === tearDown: tc_home_021_verifyRegularIncomeCardNavigation ===
[main] INFO base.BaseTest - tearDown: PASSED — tc_home_021_verifyRegularIncomeCardNavigation
[main] INFO base.BaseTest - === setUp: tc_home_022_verifyNoGoalStartInvestingNavigation ===
[main] INFO base.BaseTest - initializeDriver: session alive — reusing
[main] INFO base.BaseTest - setUp: ensuring app is running
[main] INFO base.BaseTest - ensureAppIsRunning: app already in foreground
[main] INFO base.BaseTest - setUp: ensuring dashboard ready
[main] INFO base.BaseTest - ensureDashboardReady: bottom navigation visible — tapping Hub tab
[main] INFO pages.DashboardPage - Tapping Hub tab
[main] INFO pages.DashboardPage - Hub tab tapped
[main] INFO base.BaseTest - ensureDashboardReady: Hub tab tapped — dashboard ready
[main] INFO base.BaseTest - setUp: running recoverAppState()
[main] INFO pages.DashboardPage - recoverToDashboard: checking current state
[main] INFO pages.DashboardPage - recoverToDashboard: already on dashboard
[main] INFO pages.DashboardPage - Tapping Funds tab
[main] INFO pages.DashboardPage - Funds tab tapped
[main] INFO pages.Home_Page - Opening Funds screen
[main] INFO pages.Home_Page - Funds screen already open
[main] INFO base.BaseTest - Funds screen ready for: tc_home_022_verifyNoGoalStartInvestingNavigation
[main] INFO base.BaseTest - setUp: complete — tc_home_022_verifyNoGoalStartInvestingNavigation ready to execute
[main] INFO pages.Home_Page - Tapping Funds screen link: No Goal? No problem! Start Investing
[main] INFO pages.Home_Page - Funds link 'No Goal? No problem! Start Investing' result - openedScreen:true, returnedToFunds:true, passed:true
[main] INFO base.BaseTest - TC_HOME_022 - No Goal Start Investing navigation verified
]]></system-err>
  </testcase>
  <testcase name="tc_home_023_verifyMfScreenerNavigation" classname="tests.HomePageTest" time="7.81">
    <system-err><![CDATA[[main] INFO base.BaseTest - === tearDown: tc_home_022_verifyNoGoalStartInvestingNavigation ===
[main] INFO base.BaseTest - tearDown: PASSED — tc_home_022_verifyNoGoalStartInvestingNavigation
[main] INFO base.BaseTest - === setUp: tc_home_023_verifyMfScreenerNavigation ===
[main] INFO base.BaseTest - initializeDriver: session alive — reusing
[main] INFO base.BaseTest - setUp: ensuring app is running
[main] INFO base.BaseTest - ensureAppIsRunning: app already in foreground
[main] INFO base.BaseTest - setUp: ensuring dashboard ready
[main] INFO base.BaseTest - ensureDashboardReady: bottom navigation visible — tapping Hub tab
[main] INFO pages.DashboardPage - Tapping Hub tab
[main] INFO pages.DashboardPage - Hub tab tapped
[main] INFO base.BaseTest - ensureDashboardReady: Hub tab tapped — dashboard ready
[main] INFO base.BaseTest - setUp: running recoverAppState()
[main] INFO pages.DashboardPage - recoverToDashboard: checking current state
[main] INFO pages.DashboardPage - recoverToDashboard: already on dashboard
[main] INFO pages.DashboardPage - Tapping Funds tab
[main] INFO pages.DashboardPage - Funds tab tapped
[main] INFO pages.Home_Page - Opening Funds screen
[main] INFO pages.Home_Page - Funds screen already open
[main] INFO base.BaseTest - Funds screen ready for: tc_home_023_verifyMfScreenerNavigation
[main] INFO base.BaseTest - setUp: complete — tc_home_023_verifyMfScreenerNavigation ready to execute
[main] INFO pages.Home_Page - Tapping Funds screen link: MF Screener
[main] INFO pages.Home_Page - Funds link 'MF Screener' result - openedScreen:true, returnedToFunds:true, passed:true
[main] INFO base.BaseTest - TC_HOME_023 - MF Screener navigation verified
]]></system-err>
  </testcase>
  <testcase name="tc_home_024_verifySipCalculatorNavigation" classname="tests.HomePageTest" time="8.074">
    <system-err><![CDATA[[main] INFO base.BaseTest - === tearDown: tc_home_023_verifyMfScreenerNavigation ===
[main] INFO base.BaseTest - tearDown: PASSED — tc_home_023_verifyMfScreenerNavigation
[main] INFO base.BaseTest - === setUp: tc_home_024_verifySipCalculatorNavigation ===
[main] INFO base.BaseTest - initializeDriver: session alive — reusing
[main] INFO base.BaseTest - setUp: ensuring app is running
[main] INFO base.BaseTest - ensureAppIsRunning: app already in foreground
[main] INFO base.BaseTest - setUp: ensuring dashboard ready
[main] INFO base.BaseTest - ensureDashboardReady: bottom navigation visible — tapping Hub tab
[main] INFO pages.DashboardPage - Tapping Hub tab
[main] INFO pages.DashboardPage - Hub tab tapped
[main] INFO base.BaseTest - ensureDashboardReady: Hub tab tapped — dashboard ready
[main] INFO base.BaseTest - setUp: running recoverAppState()
[main] INFO pages.DashboardPage - recoverToDashboard: checking current state
[main] INFO pages.DashboardPage - recoverToDashboard: already on dashboard
[main] INFO pages.DashboardPage - Tapping Funds tab
[main] INFO pages.DashboardPage - Funds tab tapped
[main] INFO pages.Home_Page - Opening Funds screen
[main] INFO pages.Home_Page - Funds screen already open
[main] INFO base.BaseTest - Funds screen ready for: tc_home_024_verifySipCalculatorNavigation
[main] INFO base.BaseTest - setUp: complete — tc_home_024_verifySipCalculatorNavigation ready to execute
[main] INFO pages.Home_Page - Tapping Funds screen link: SIP Calculator
[main] INFO pages.Home_Page - Funds link 'SIP Calculator' result - openedScreen:true, returnedToFunds:true, passed:true
[main] INFO base.BaseTest - TC_HOME_024 - SIP Calculator navigation verified
]]></system-err>
  </testcase>
  <testcase name="tc_home_025_verifyFundSearchNavigation" classname="tests.HomePageTest" time="8.016">
    <system-err><![CDATA[[main] INFO base.BaseTest - === tearDown: tc_home_024_verifySipCalculatorNavigation ===
[main] INFO base.BaseTest - tearDown: PASSED — tc_home_024_verifySipCalculatorNavigation
[main] INFO base.BaseTest - === setUp: tc_home_025_verifyFundSearchNavigation ===
[main] INFO base.BaseTest - initializeDriver: session alive — reusing
[main] INFO base.BaseTest - setUp: ensuring app is running
[main] INFO base.BaseTest - ensureAppIsRunning: app already in foreground
[main] INFO base.BaseTest - setUp: ensuring dashboard ready
[main] INFO base.BaseTest - ensureDashboardReady: bottom navigation visible — tapping Hub tab
[main] INFO pages.DashboardPage - Tapping Hub tab
[main] INFO pages.DashboardPage - Hub tab tapped
[main] INFO base.BaseTest - ensureDashboardReady: Hub tab tapped — dashboard ready
[main] INFO base.BaseTest - setUp: running recoverAppState()
[main] INFO pages.DashboardPage - recoverToDashboard: checking current state
[main] INFO pages.DashboardPage - recoverToDashboard: already on dashboard
[main] INFO pages.DashboardPage - Tapping Funds tab
[main] INFO pages.DashboardPage - Funds tab tapped
[main] INFO pages.Home_Page - Opening Funds screen
[main] INFO pages.Home_Page - Funds screen already open
[main] INFO base.BaseTest - Funds screen ready for: tc_home_025_verifyFundSearchNavigation
[main] INFO base.BaseTest - setUp: complete — tc_home_025_verifyFundSearchNavigation ready to execute
[main] INFO pages.Home_Page - Tapping Funds screen link: Fund Search
[main] INFO pages.Home_Page - Funds link 'Fund Search' result - openedScreen:true, returnedToFunds:true, passed:true
[main] INFO base.BaseTest - TC_HOME_025 - Fund Search navigation verified
]]></system-err>
  </testcase>
  <testcase name="tc_home_026_verifyMoreQuickGuidesNavigation" classname="tests.HomePageTest" time="22.2">
    <system-err><![CDATA[[main] INFO base.BaseTest - === tearDown: tc_home_025_verifyFundSearchNavigation ===
[main] INFO base.BaseTest - tearDown: PASSED — tc_home_025_verifyFundSearchNavigation
[main] INFO base.BaseTest - === setUp: tc_home_026_verifyMoreQuickGuidesNavigation ===
[main] INFO base.BaseTest - initializeDriver: session alive — reusing
[main] INFO base.BaseTest - setUp: ensuring app is running
[main] INFO base.BaseTest - ensureAppIsRunning: app already in foreground
[main] INFO base.BaseTest - setUp: ensuring dashboard ready
[main] INFO base.BaseTest - ensureDashboardReady: bottom navigation visible — tapping Hub tab
[main] INFO pages.DashboardPage - Tapping Hub tab
[main] INFO pages.DashboardPage - Hub tab tapped
[main] INFO base.BaseTest - ensureDashboardReady: Hub tab tapped — dashboard ready
[main] INFO base.BaseTest - setUp: running recoverAppState()
[main] INFO pages.DashboardPage - recoverToDashboard: checking current state
[main] INFO pages.DashboardPage - recoverToDashboard: already on dashboard
[main] INFO pages.DashboardPage - Tapping Funds tab
[main] INFO pages.DashboardPage - Funds tab tapped
[main] INFO pages.Home_Page - Opening Funds screen
[main] INFO pages.Home_Page - Funds screen already open
[main] INFO base.BaseTest - Funds screen ready for: tc_home_026_verifyMoreQuickGuidesNavigation
[main] INFO base.BaseTest - setUp: complete — tc_home_026_verifyMoreQuickGuidesNavigation ready to execute
[main] INFO pages.Home_Page - Tapping Funds screen link: More
[main] INFO pages.Home_Page - System back did not restore Funds screen, trying Funds tab
[main] INFO pages.Home_Page - Funds link 'More' result - openedScreen:true, returnedToFunds:false, passed:true
[main] INFO base.BaseTest - TC_HOME_026 - More Quick Guides navigation verified
]]></system-err>
  </testcase>
  <testcase name="tc_home_027_verifyBuildInvestmentPlanNavigation" classname="tests.HomePageTest" time="8.052">
    <system-err><![CDATA[[main] INFO base.BaseTest - === tearDown: tc_home_026_verifyMoreQuickGuidesNavigation ===
[main] INFO base.BaseTest - tearDown: PASSED — tc_home_026_verifyMoreQuickGuidesNavigation
[main] INFO base.BaseTest - === setUp: tc_home_027_verifyBuildInvestmentPlanNavigation ===
[main] INFO base.BaseTest - initializeDriver: session alive — reusing
[main] INFO base.BaseTest - setUp: ensuring app is running
[main] INFO base.BaseTest - ensureAppIsRunning: app already in foreground
[main] INFO base.BaseTest - setUp: ensuring dashboard ready
[main] INFO base.BaseTest - ensureDashboardReady: bottom navigation visible — tapping Hub tab
[main] INFO pages.DashboardPage - Tapping Hub tab
[main] INFO pages.DashboardPage - Hub tab tapped
[main] INFO base.BaseTest - ensureDashboardReady: Hub tab tapped — dashboard ready
[main] INFO base.BaseTest - setUp: running recoverAppState()
[main] INFO pages.DashboardPage - recoverToDashboard: checking current state
[main] INFO pages.DashboardPage - recoverToDashboard: already on dashboard
[main] INFO pages.DashboardPage - Tapping Funds tab
[main] INFO pages.DashboardPage - Funds tab tapped
[main] INFO pages.Home_Page - Opening Funds screen
[main] INFO pages.Home_Page - Funds screen already open
[main] INFO base.BaseTest - Funds screen ready for: tc_home_027_verifyBuildInvestmentPlanNavigation
[main] INFO base.BaseTest - setUp: complete — tc_home_027_verifyBuildInvestmentPlanNavigation ready to execute
[main] INFO pages.Home_Page - Tapping Funds screen link: Build your investment plan
[main] INFO pages.Home_Page - Funds link 'Build your investment plan' result - openedScreen:true, returnedToFunds:true, passed:true
[main] INFO base.BaseTest - TC_HOME_027 - Build Investment Plan guide navigation verified
]]></system-err>
  </testcase>
  <testcase name="tc_home_028_verifyUpgradePortfolioNavigation" classname="tests.HomePageTest" time="7.817">
    <system-err><![CDATA[[main] INFO base.BaseTest - === tearDown: tc_home_027_verifyBuildInvestmentPlanNavigation ===
[main] INFO base.BaseTest - tearDown: PASSED — tc_home_027_verifyBuildInvestmentPlanNavigation
[main] INFO base.BaseTest - === setUp: tc_home_028_verifyUpgradePortfolioNavigation ===
[main] INFO base.BaseTest - initializeDriver: session alive — reusing
[main] INFO base.BaseTest - setUp: ensuring app is running
[main] INFO base.BaseTest - ensureAppIsRunning: app already in foreground
[main] INFO base.BaseTest - setUp: ensuring dashboard ready
[main] INFO base.BaseTest - ensureDashboardReady: bottom navigation visible — tapping Hub tab
[main] INFO pages.DashboardPage - Tapping Hub tab
[main] INFO pages.DashboardPage - Hub tab tapped
[main] INFO base.BaseTest - ensureDashboardReady: Hub tab tapped — dashboard ready
[main] INFO base.BaseTest - setUp: running recoverAppState()
[main] INFO pages.DashboardPage - recoverToDashboard: checking current state
[main] INFO pages.DashboardPage - recoverToDashboard: already on dashboard
[main] INFO pages.DashboardPage - Tapping Funds tab
[main] INFO pages.DashboardPage - Funds tab tapped
[main] INFO pages.Home_Page - Opening Funds screen
[main] INFO pages.Home_Page - Funds screen already open
[main] INFO base.BaseTest - Funds screen ready for: tc_home_028_verifyUpgradePortfolioNavigation
[main] INFO base.BaseTest - setUp: complete — tc_home_028_verifyUpgradePortfolioNavigation ready to execute
[main] INFO pages.Home_Page - Tapping Funds screen link: Upgrade your portfolio with clear actions
[main] INFO pages.Home_Page - Funds link 'Upgrade your portfolio with clear actions' result - openedScreen:true, returnedToFunds:true, passed:true
[main] INFO base.BaseTest - TC_HOME_028 - Upgrade Portfolio guide navigation verified
]]></system-err>
  </testcase>
  <testcase name="tc_home_029_verifyAnalystPickedFundsNavigation" classname="tests.HomePageTest" time="9.981">
    <system-err><![CDATA[[main] INFO base.BaseTest - === tearDown: tc_home_028_verifyUpgradePortfolioNavigation ===
[main] INFO base.BaseTest - tearDown: PASSED — tc_home_028_verifyUpgradePortfolioNavigation
[main] INFO base.BaseTest - === setUp: tc_home_029_verifyAnalystPickedFundsNavigation ===
[main] INFO base.BaseTest - initializeDriver: session alive — reusing
[main] INFO base.BaseTest - setUp: ensuring app is running
[main] INFO base.BaseTest - ensureAppIsRunning: app already in foreground
[main] INFO base.BaseTest - setUp: ensuring dashboard ready
[main] INFO base.BaseTest - ensureDashboardReady: bottom navigation visible — tapping Hub tab
[main] INFO pages.DashboardPage - Tapping Hub tab
[main] INFO pages.DashboardPage - Hub tab tapped
[main] INFO base.BaseTest - ensureDashboardReady: Hub tab tapped — dashboard ready
[main] INFO base.BaseTest - setUp: running recoverAppState()
[main] INFO pages.DashboardPage - recoverToDashboard: checking current state
[main] INFO pages.DashboardPage - recoverToDashboard: already on dashboard
[main] INFO pages.DashboardPage - Tapping Funds tab
[main] INFO pages.DashboardPage - Funds tab tapped
[main] INFO pages.Home_Page - Opening Funds screen
[main] INFO pages.Home_Page - Funds screen already open
[main] INFO base.BaseTest - Funds screen ready for: tc_home_029_verifyAnalystPickedFundsNavigation
[main] INFO base.BaseTest - setUp: complete — tc_home_029_verifyAnalystPickedFundsNavigation ready to execute
[main] INFO pages.Home_Page - Tapping Funds screen link: Tap into analyst-picked funds
[main] INFO pages.Home_Page - Funds link 'Tap into analyst-picked funds' result - openedScreen:true, returnedToFunds:true, passed:true
[main] INFO base.BaseTest - TC_HOME_029 - Analyst Picked Funds guide navigation verified
]]></system-err>
  </testcase>
  <testcase name="tc_home_030_verifyPersonalisedSupportNavigation" classname="tests.HomePageTest" time="12.096">
    <system-err><![CDATA[[main] INFO base.BaseTest - === tearDown: tc_home_029_verifyAnalystPickedFundsNavigation ===
[main] INFO base.BaseTest - tearDown: PASSED — tc_home_029_verifyAnalystPickedFundsNavigation
[main] INFO base.BaseTest - === setUp: tc_home_030_verifyPersonalisedSupportNavigation ===
[main] INFO base.BaseTest - initializeDriver: session alive — reusing
[main] INFO base.BaseTest - setUp: ensuring app is running
[main] INFO base.BaseTest - ensureAppIsRunning: app already in foreground
[main] INFO base.BaseTest - setUp: ensuring dashboard ready
[main] INFO base.BaseTest - ensureDashboardReady: bottom navigation visible — tapping Hub tab
[main] INFO pages.DashboardPage - Tapping Hub tab
[main] INFO pages.DashboardPage - Hub tab tapped
[main] INFO base.BaseTest - ensureDashboardReady: Hub tab tapped — dashboard ready
[main] INFO base.BaseTest - setUp: running recoverAppState()
[main] INFO pages.DashboardPage - recoverToDashboard: checking current state
[main] INFO pages.DashboardPage - recoverToDashboard: already on dashboard
[main] INFO pages.DashboardPage - Tapping Funds tab
[main] INFO pages.DashboardPage - Funds tab tapped
[main] INFO pages.Home_Page - Opening Funds screen
[main] INFO pages.Home_Page - Funds screen already open
[main] INFO base.BaseTest - Funds screen ready for: tc_home_030_verifyPersonalisedSupportNavigation
[main] INFO base.BaseTest - setUp: complete — tc_home_030_verifyPersonalisedSupportNavigation ready to execute
[main] INFO pages.Home_Page - Tapping Funds screen link: Need more help
[main] INFO pages.Home_Page - Funds link 'Need more help' result - openedScreen:true, returnedToFunds:true, passed:true
[main] INFO base.BaseTest - TC_HOME_030 - Personalised Support card navigation verified
]]></system-err>
  </testcase>
  <testcase name="tc_home_031_verifyAggressiveGrowthNavigation" classname="tests.HomePageTest" time="22.132">
    <system-err><![CDATA[[main] INFO base.BaseTest - === tearDown: tc_home_030_verifyPersonalisedSupportNavigation ===
[main] INFO base.BaseTest - tearDown: PASSED — tc_home_030_verifyPersonalisedSupportNavigation
[main] INFO base.BaseTest - === setUp: tc_home_031_verifyAggressiveGrowthNavigation ===
[main] INFO base.BaseTest - initializeDriver: session alive — reusing
[main] INFO base.BaseTest - setUp: ensuring app is running
[main] INFO base.BaseTest - ensureAppIsRunning: app already in foreground
[main] INFO base.BaseTest - setUp: ensuring dashboard ready
[main] INFO base.BaseTest - ensureDashboardReady: bottom navigation visible — tapping Hub tab
[main] INFO pages.DashboardPage - Tapping Hub tab
[main] INFO pages.DashboardPage - Hub tab tapped
[main] INFO base.BaseTest - ensureDashboardReady: Hub tab tapped — dashboard ready
[main] INFO base.BaseTest - setUp: running recoverAppState()
[main] INFO pages.DashboardPage - recoverToDashboard: checking current state
[main] INFO pages.DashboardPage - recoverToDashboard: already on dashboard
[main] INFO pages.DashboardPage - Tapping Funds tab
[main] INFO pages.DashboardPage - Funds tab tapped
[main] INFO pages.Home_Page - Opening Funds screen
[main] INFO pages.Home_Page - Funds screen already open
[main] INFO base.BaseTest - Funds screen ready for: tc_home_031_verifyAggressiveGrowthNavigation
[main] INFO base.BaseTest - setUp: complete — tc_home_031_verifyAggressiveGrowthNavigation ready to execute
[main] INFO pages.Home_Page - Tapping Funds screen link: Aggressive Growth
[main] INFO pages.Home_Page - System back did not restore Funds screen, trying Funds tab
[main] INFO pages.Home_Page - Funds link 'Aggressive Growth' result - openedScreen:true, returnedToFunds:false, passed:true
[main] INFO base.BaseTest - TC_HOME_031 - Aggressive Growth card navigation verified
]]></system-err>
  </testcase>
  <testcase name="tc_home_032_verifyAllLinksOpenValidScreens" classname="tests.HomePageTest" time="141.698">
    <failure message="Funds screen link must open a valid screen: Fund Search expected [true] but found [false]" type="java.lang.AssertionError"><![CDATA[java.lang.AssertionError: Funds screen link must open a valid screen: Fund Search expected [true] but found [false]
	at org.testng.Assert.fail(Assert.java:111)
	at org.testng.Assert.failNotEquals(Assert.java:1578)
	at org.testng.Assert.assertTrue(Assert.java:57)
	at tests.HomePageTest.tc_home_032_verifyAllLinksOpenValidScreens(HomePageTest.java:363)
	at java.base/jdk.internal.reflect.NativeMethodAccessorImpl.invoke0(Native Method)
	at java.base/jdk.internal.reflect.NativeMethodAccessorImpl.invoke(NativeMethodAccessorImpl.java:77)
	at java.base/jdk.internal.reflect.DelegatingMethodAccessorImpl.invoke(DelegatingMethodAccessorImpl.java:43)
	at java.base/java.lang.reflect.Method.invoke(Method.java:569)
	at org.testng.internal.invokers.MethodInvocationHelper.invokeMethod(MethodInvocationHelper.java:141)
	at org.testng.internal.invokers.TestInvoker.invokeMethod(TestInvoker.java:686)
	at org.testng.internal.invokers.TestInvoker.invokeTestMethod(TestInvoker.java:230)
	at org.testng.internal.invokers.MethodRunner.runInSequence(MethodRunner.java:63)
	at org.testng.internal.invokers.TestInvoker$MethodInvocationAgent.invoke(TestInvoker.java:992)
	at org.testng.internal.invokers.TestInvoker.invokeTestMethods(TestInvoker.java:203)
	at org.testng.internal.invokers.TestMethodWorker.invokeTestMethods(TestMethodWorker.java:154)
	at org.testng.internal.invokers.TestMethodWorker.run(TestMethodWorker.java:134)
	at java.base/java.util.ArrayList.forEach(ArrayList.java:1511)
	at org.testng.TestRunner.privateRun(TestRunner.java:739)
	at org.testng.TestRunner.run(TestRunner.java:614)
	at org.testng.SuiteRunner.runTest(SuiteRunner.java:421)
	at org.testng.SuiteRunner.runSequentially(SuiteRunner.java:413)
	at org.testng.SuiteRunner.privateRun(SuiteRunner.java:373)
	at org.testng.SuiteRunner.run(SuiteRunner.java:312)
	at org.testng.SuiteRunnerWorker.runSuite(SuiteRunnerWorker.java:52)
	at org.testng.SuiteRunnerWorker.run(SuiteRunnerWorker.java:95)
	at org.testng.TestNG.runSuitesSequentially(TestNG.java:1274)
	at org.testng.TestNG.runSuitesLocally(TestNG.java:1208)
	at org.testng.TestNG.runSuites(TestNG.java:1112)
	at org.testng.TestNG.run(TestNG.java:1079)
	at org.apache.maven.surefire.testng.TestNGExecutor.run(TestNGExecutor.java:155)
	at org.apache.maven.surefire.testng.TestNGDirectoryTestSuite.executeSingleClass(TestNGDirectoryTestSuite.java:102)
	at org.apache.maven.surefire.testng.TestNGDirectoryTestSuite.execute(TestNGDirectoryTestSuite.java:91)
	at org.apache.maven.surefire.testng.TestNGProvider.invoke(TestNGProvider.java:137)
	at org.apache.maven.surefire.booter.ForkedBooter.runSuitesInProcess(ForkedBooter.java:385)
	at org.apache.maven.surefire.booter.ForkedBooter.execute(ForkedBooter.java:162)
	at org.apache.maven.surefire.booter.ForkedBooter.run(ForkedBooter.java:507)
	at org.apache.maven.surefire.booter.ForkedBooter.main(ForkedBooter.java:495)
]]></failure>
    <system-err><![CDATA[[main] INFO base.BaseTest - === tearDown: tc_home_031_verifyAggressiveGrowthNavigation ===
[main] INFO base.BaseTest - tearDown: PASSED — tc_home_031_verifyAggressiveGrowthNavigation
[main] INFO base.BaseTest - === setUp: tc_home_032_verifyAllLinksOpenValidScreens ===
[main] INFO base.BaseTest - initializeDriver: session alive — reusing
[main] INFO base.BaseTest - setUp: ensuring app is running
[main] INFO base.BaseTest - ensureAppIsRunning: app already in foreground
[main] INFO base.BaseTest - setUp: ensuring dashboard ready
[main] INFO base.BaseTest - ensureDashboardReady: bottom navigation visible — tapping Hub tab
[main] INFO pages.DashboardPage - Tapping Hub tab
[main] INFO pages.DashboardPage - Hub tab tapped
[main] INFO base.BaseTest - ensureDashboardReady: Hub tab tapped — dashboard ready
[main] INFO base.BaseTest - setUp: running recoverAppState()
[main] INFO pages.DashboardPage - recoverToDashboard: checking current state
[main] INFO pages.DashboardPage - recoverToDashboard: already on dashboard
[main] INFO pages.DashboardPage - Tapping Funds tab
[main] INFO pages.DashboardPage - Funds tab tapped
[main] INFO pages.Home_Page - Opening Funds screen
[main] INFO pages.Home_Page - Funds screen already open
[main] INFO base.BaseTest - Funds screen ready for: tc_home_032_verifyAllLinksOpenValidScreens
[main] INFO base.BaseTest - setUp: complete — tc_home_032_verifyAllLinksOpenValidScreens ready to execute
[main] INFO pages.Home_Page - Validating all Funds screen links
[main] INFO pages.Home_Page - Opening Funds screen
[main] INFO pages.Home_Page - Funds screen already open
[main] INFO pages.Home_Page - Tapping Funds screen link: Your retirement, your way
[main] INFO pages.Home_Page - Funds link 'Your retirement, your way' result - openedScreen:true, returnedToFunds:true, passed:true
[main] INFO pages.Home_Page - Opening Funds screen
[main] INFO pages.Home_Page - Funds screen already open
[main] INFO pages.Home_Page - Tapping Funds screen link: Regular income for life
[main] INFO pages.Home_Page - Funds link 'Regular income for life' result - openedScreen:true, returnedToFunds:true, passed:true
[main] INFO pages.Home_Page - Opening Funds screen
[main] INFO pages.Home_Page - Funds screen already open
[main] INFO pages.Home_Page - Tapping Funds screen link: No Goal? No problem! Start Investing
[main] INFO pages.Home_Page - Funds link 'No Goal? No problem! Start Investing' result - openedScreen:true, returnedToFunds:true, passed:true
[main] INFO pages.Home_Page - Opening Funds screen
[main] INFO pages.Home_Page - Funds screen already open
[main] INFO pages.Home_Page - Tapping Funds screen link: MF Screener
[main] INFO pages.Home_Page - Funds link 'MF Screener' result - openedScreen:true, returnedToFunds:true, passed:true
[main] INFO pages.Home_Page - Opening Funds screen
[main] INFO pages.Home_Page - Funds screen already open
[main] INFO pages.Home_Page - Tapping Funds screen link: SIP Calculator
[main] INFO pages.Home_Page - Funds link 'SIP Calculator' result - openedScreen:false, returnedToFunds:true, passed:true
[main] INFO pages.Home_Page - Opening Funds screen
[main] INFO pages.Home_Page - Funds screen already open
[main] INFO pages.Home_Page - Tapping Funds screen link: Fund Search
[main] WARN pages.Home_Page - Funds screen link not visible: Fund Search
[main] INFO pages.Home_Page - Opening Funds screen
[main] INFO pages.Home_Page - Funds screen already open
[main] INFO pages.Home_Page - Tapping Funds screen link: More
[main] WARN pages.Home_Page - Funds screen link not visible: More
[main] INFO pages.Home_Page - Opening Funds screen
[main] INFO pages.Home_Page - Funds screen already open
[main] INFO pages.Home_Page - Tapping Funds screen link: Build your investment plan
[main] WARN pages.Home_Page - Funds screen link not visible: Build your investment plan
[main] INFO pages.Home_Page - Opening Funds screen
[main] INFO pages.Home_Page - Funds screen already open
[main] INFO pages.Home_Page - Tapping Funds screen link: Upgrade your portfolio with clear actions
[main] WARN pages.Home_Page - Funds screen link not visible: Upgrade your portfolio with clear actions
[main] INFO pages.Home_Page - Opening Funds screen
[main] INFO pages.Home_Page - Funds screen already open
[main] INFO pages.Home_Page - Tapping Funds screen link: Tap into analyst-picked funds
[main] INFO pages.Home_Page - Funds link 'Tap into analyst-picked funds' result - openedScreen:true, returnedToFunds:true, passed:true
[main] INFO pages.Home_Page - Opening Funds screen
[main] INFO pages.Home_Page - Funds screen already open
[main] INFO pages.Home_Page - Tapping Funds screen link: Need more help
[main] INFO pages.Home_Page - System back did not restore Funds screen, trying Funds tab
[main] INFO pages.Home_Page - Funds link 'Need more help' result - openedScreen:true, returnedToFunds:true, passed:true
[main] INFO pages.Home_Page - Opening Funds screen
[main] INFO pages.Home_Page - Funds screen already open
[main] INFO pages.Home_Page - Tapping Funds screen link: Aggressive Growth
[main] WARN pages.Home_Page - Funds screen link not visible: Aggressive Growth
[main] INFO pages.Home_Page - Funds screen link validation complete: [Your retirement, your way=true, Regular income for life=true, No Goal? No problem! Start Investing=true, MF Screener=true, SIP Calculator=true, Fund Search=false, More=false, Build your investment plan=false, Upgrade your portfolio with clear actions=false, Tap into analyst-picked funds=true, Need more help=true, Aggressive Growth=false]
]]></system-err>
  </testcase>
</testsuite>