<?xml version="1.0" encoding="UTF-8"?>
<testsuite xmlns:xsi="http://www.w3.org/2001/XMLSchema-instance" xsi:noNamespaceSchemaLocation="https://maven.apache.org/surefire/maven-surefire-plugin/xsd/surefire-test-report.xsd" version="3.0.2" name="tests.MySubscriptionTest" time="32.343" tests="1" errors="0" skipped="0" failures="0">
  <properties>
[...]
</properties>
  <testcase name="tc_sub_017_verifyAllLinksRecursively" classname="tests.MySubscriptionTest" time="4.064">
    <system-err><![CDATA[[main] INFO base.BaseTest - beforeClass: initializing driver for MySubscriptionTest
[main] INFO base.BaseTest - initializeDriver: no active session — creating driver
[main] INFO base.BaseTest - initializeDriver: driver created — Flutter stabilization complete
[main] INFO base.BaseTest - beforeClass: driver ready — running onClassReady()
[main] INFO base.BaseTest - beforeClass: complete for MySubscriptionTest
[main] INFO base.BaseTest - === setUp: tc_sub_017_verifyAllLinksRecursively ===
[main] INFO base.BaseTest - initializeDriver: session alive — reusing
[main] INFO base.BaseTest - setUp: ensuring app is running
[main] INFO base.BaseTest - ensureAppIsRunning: app already in foreground
[main] INFO base.BaseTest - setUp: ensuring dashboard ready
[main] INFO base.BaseTest - ensureDashboardReady: bottom navigation hidden — starting back-press recovery
[main] INFO base.BaseTest - ensureDashboardReady: back press 1 / 15
[main] INFO base.BaseTest - ensureDashboardReady: navigation restored after 1 back press(es) — tapping Hub
[main] INFO pages.DashboardPage - Tapping Hub tab
[main] INFO pages.DashboardPage - Hub tab tapped
[main] INFO base.BaseTest - ensureDashboardReady: Hub tab tapped — dashboard ready
[main] INFO base.BaseTest - setUp: running recoverAppState()
[main] INFO pages.DashboardPage - recoverToDashboard: checking current state
[main] INFO pages.DashboardPage - recoverToDashboard: already on dashboard
[main] INFO pages.DashboardPage - Tapping Hub tab
[main] INFO pages.DashboardPage - Hub tab tapped
[main] INFO pages.MySubscription_Page - Opening My Subscription screen
[main] INFO pages.MySubscription_Page - My Subscription screen opened
[main] INFO base.BaseTest - My Subscription screen ready for: tc_sub_017_verifyAllLinksRecursively
[main] INFO base.BaseTest - setUp: complete — tc_sub_017_verifyAllLinksRecursively ready to execute
[main] INFO pages.MySubscription_Page - === Recursive link crawl: start ===
[main] INFO pages.MySubscription_Page - Depth 0: 2 candidate link(s): [Invoice, Active]
[main] INFO pages.MySubscription_Page - Depth 0: tapping link 'Invoice'
[main] INFO pages.MySubscription_Page - Depth 1: 0 candidate link(s): []
[main] INFO pages.MySubscription_Page - === Recursive link crawl: complete - 1 link(s) tapped ===
[main] INFO base.BaseTest - TC_SUB_017 - recursive link navigation verified: [Invoice=true]
]]></system-err>
  </testcase>
</testsuite>