<?xml version="1.0" encoding="UTF-8"?>
<testng-results ignored="0" total="32" passed="31" failed="1" skipped="0">
  <reporter-output>
  </reporter-output>
  <suite started-at="2026-06-05T16:28:06 IST" name="Default suite" finished-at="2026-06-05T16:40:30 IST" duration-ms="743028">
    <groups>
    </groups>
    <test started-at="2026-06-05T16:28:06 IST" name="Default test" finished-at="2026-06-05T16:40:30 IST" duration-ms="743028">
      <class name="tests.HomePageTest">
        <test-method is-config="true" signature="beforeClass()[pri:0, instance:tests.HomePageTest@7b2bbc3]" started-at="2026-06-05T16:28:06 IST" name="beforeClass" finished-at="2026-06-05T16:28:13 IST" duration-ms="6654" status="PASS">
          <reporter-output>
          </reporter-output>
        </test-method> <!-- beforeClass -->
        <test-method is-config="true" signature="setUp(java.lang.reflect.Method)[pri:0, instance:tests.HomePageTest@7b2bbc3]" started-at="2026-06-05T16:28:13 IST" name="setUp" finished-at="2026-06-05T16:28:22 IST" duration-ms="8814" status="PASS">
          <params>
            <param index="0">
              <value>
                <![CDATA[public void tests.HomePageTest.tc_home_001_verifyFundsScreenLoads()]]>
              </value>
            </param>
          </params>
          <reporter-output>
          </reporter-output>
        </test-method> <!-- setUp -->
        <test-method signature="tc_home_001_verifyFundsScreenLoads()[pri:0, instance:tests.HomePageTest@7b2bbc3]" started-at="2026-06-05T16:28:22 IST" name="tc_home_001_verifyFundsScreenLoads" description="TC_HOME_001 - Funds screen opens from Funds tab" finished-at="2026-06-05T16:28:22 IST" duration-ms="18" status="PASS">
          <reporter-output>
          </reporter-output>
        </test-method> <!-- tc_home_001_verifyFundsScreenLoads -->
        <test-method is-config="true" signature="tearDown(org.testng.ITestResult)[pri:0, instance:tests.HomePageTest@7b2bbc3]" started-at="2026-06-05T16:28:22 IST" name="tearDown" finished-at="2026-06-05T16:28:22 IST" duration-ms="1" status="PASS">
          <params>
            <param index="0">
              <value>
                <![CDATA[[TestResult name=tc_home_001_verifyFundsScreenLoads status=SUCCESS method=HomePageTest.tc_home_001_verifyFundsScreenLoads()[pri:0, instance:tests.HomePageTest@7b2bbc3] output={null}]]]>
              </value>
            </param>
          </params>
          <reporter-output>
          </reporter-output>
        </test-method> <!-- tearDown -->
        <test-method is-config="true" signature="setUp(java.lang.reflect.Method)[pri:0, instance:tests.HomePageTest@7b2bbc3]" started-at="2026-06-05T16:28:22 IST" name="setUp" finished-at="2026-06-05T16:28:31 IST" duration-ms="8688" status="PASS">
          <params>
            <param index="0">
              <value>
                <![CDATA[public void tests.HomePageTest.tc_home_002_verifyBottomNavigationVisible()]]>
              </value>
            </param>
          </params>
          <reporter-output>
          </reporter-output>
        </test-method> <!-- setUp -->
        <test-method signature="tc_home_002_verifyBottomNavigationVisible()[pri:0, instance:tests.HomePageTest@7b2bbc3]" started-at="2026-06-05T16:28:31 IST" name="tc_home_002_verifyBottomNavigationVisible" description="TC_HOME_002 - Bottom navigation is visible on Funds screen" finished-at="2026-06-05T16:28:31 IST" duration-ms="95" status="PASS">
          <reporter-output>
          </reporter-output>
        </test-method> <!-- tc_home_002_verifyBottomNavigationVisible -->
        <test-method is-config="true" signature="tearDown(org.testng.ITestResult)[pri:0, instance:tests.HomePageTest@7b2bbc3]" started-at="2026-06-05T16:28:31 IST" name="tearDown" finished-at="2026-06-05T16:28:31 IST" duration-ms="1" status="PASS">
          <params>
            <param index="0">
              <value>
                <![CDATA[[TestResult name=tc_home_002_verifyBottomNavigationVisible status=SUCCESS method=HomePageTest.tc_home_002_verifyBottomNavigationVisible()[pri:0, instance:tests.HomePageTest@7b2bbc3] output={null}]]]>
              </value>
            </param>
          </params>
          <reporter-output>
          </reporter-output>
        </test-method> <!-- tearDown -->
        <test-method is-config="true" signature="setUp(java.lang.reflect.Method)[pri:0, instance:tests.HomePageTest@7b2bbc3]" started-at="2026-06-05T16:28:31 IST" name="setUp" finished-at="2026-06-05T16:28:41 IST" duration-ms="9860" status="PASS">
          <params>
            <param index="0">
              <value>
                <![CDATA[public void tests.HomePageTest.tc_home_003_verifyRichFutureSectionVisible()]]>
              </value>
            </param>
          </params>
          <reporter-output>
          </reporter-output>
        </test-method> <!-- setUp -->
        <test-method signature="tc_home_003_verifyRichFutureSectionVisible()[pri:0, instance:tests.HomePageTest@7b2bbc3]" started-at="2026-06-05T16:28:41 IST" name="tc_home_003_verifyRichFutureSectionVisible" description="TC_HOME_003 - Rich Future section is visible" finished-at="2026-06-05T16:28:43 IST" duration-ms="2087" status="PASS">
          <reporter-output>
          </reporter-output>
        </test-method> <!-- tc_home_003_verifyRichFutureSectionVisible -->
        <test-method is-config="true" signature="tearDown(org.testng.ITestResult)[pri:0, instance:tests.HomePageTest@7b2bbc3]" started-at="2026-06-05T16:28:43 IST" name="tearDown" finished-at="2026-06-05T16:28:43 IST" duration-ms="1" status="PASS">
          <params>
            <param index="0">
              <value>
                <![CDATA[[TestResult name=tc_home_003_verifyRichFutureSectionVisible status=SUCCESS method=HomePageTest.tc_home_003_verifyRichFutureSectionVisible()[pri:0, instance:tests.HomePageTest@7b2bbc3] output={null}]]]>
              </value>
            </param>
          </params>
          <reporter-output>
          </reporter-output>
        </test-method> <!-- tearDown -->
        <test-method is-config="true" signature="setUp(java.lang.reflect.Method)[pri:0, instance:tests.HomePageTest@7b2bbc3]" started-at="2026-06-05T16:28:43 IST" name="setUp" finished-at="2026-06-05T16:28:53 IST" duration-ms="9845" status="PASS">
          <params>
            <param index="0">
              <value>
                <![CDATA[public void tests.HomePageTest.tc_home_004_verifyNavigateToSectionVisible()]]>
              </value>
            </param>
          </params>
          <reporter-output>
          </reporter-output>
        </test-method> <!-- setUp -->
        <test-method signature="tc_home_004_verifyNavigateToSectionVisible()[pri:0, instance:tests.HomePageTest@7b2bbc3]" started-at="2026-06-05T16:28:53 IST" name="tc_home_004_verifyNavigateToSectionVisible" description="TC_HOME_004 - Navigate To section is visible" finished-at="2026-06-05T16:28:59 IST" duration-ms="6244" status="PASS">
          <reporter-output>
          </reporter-output>
        </test-method> <!-- tc_home_004_verifyNavigateToSectionVisible -->
        <test-method is-config="true" signature="tearDown(org.testng.ITestResult)[pri:0, instance:tests.HomePageTest@7b2bbc3]" started-at="2026-06-05T16:28:59 IST" name="tearDown" finished-at="2026-06-05T16:28:59 IST" duration-ms="1" status="PASS">
          <params>
            <param index="0">
              <value>
                <![CDATA[[TestResult name=tc_home_004_verifyNavigateToSectionVisible status=SUCCESS method=HomePageTest.tc_home_004_verifyNavigateToSectionVisible()[pri:0, instance:tests.HomePageTest@7b2bbc3] output={null}]]]>
              </value>
            </param>
          </params>
          <reporter-output>
          </reporter-output>
        </test-method> <!-- tearDown -->
        <test-method is-config="true" signature="setUp(java.lang.reflect.Method)[pri:0, instance:tests.HomePageTest@7b2bbc3]" started-at="2026-06-05T16:28:59 IST" name="setUp" finished-at="2026-06-05T16:29:09 IST" duration-ms="10151" status="PASS">
          <params>
            <param index="0">
              <value>
                <![CDATA[public void tests.HomePageTest.tc_home_005_verifyQuickGuidesSectionVisible()]]>
              </value>
            </param>
          </params>
          <reporter-output>
          </reporter-output>
        </test-method> <!-- setUp -->
        <test-method signature="tc_home_005_verifyQuickGuidesSectionVisible()[pri:0, instance:tests.HomePageTest@7b2bbc3]" started-at="2026-06-05T16:29:09 IST" name="tc_home_005_verifyQuickGuidesSectionVisible" description="TC_HOME_005 - Quick Guides section is visible" finished-at="2026-06-05T16:29:15 IST" duration-ms="6225" status="PASS">
          <reporter-output>
          </reporter-output>
        </test-method> <!-- tc_home_005_verifyQuickGuidesSectionVisible -->
        <test-method is-config="true" signature="tearDown(org.testng.ITestResult)[pri:0, instance:tests.HomePageTest@7b2bbc3]" started-at="2026-06-05T16:29:15 IST" name="tearDown" finished-at="2026-06-05T16:29:15 IST" duration-ms="1" status="PASS">
          <params>
            <param index="0">
              <value>
                <![CDATA[[TestResult name=tc_home_005_verifyQuickGuidesSectionVisible status=SUCCESS method=HomePageTest.tc_home_005_verifyQuickGuidesSectionVisible()[pri:0, instance:tests.HomePageTest@7b2bbc3] output={null}]]]>
              </value>
            </param>
          </params>
          <reporter-output>
          </reporter-output>
        </test-method> <!-- tearDown -->
        <test-method is-config="true" signature="setUp(java.lang.reflect.Method)[pri:0, instance:tests.HomePageTest@7b2bbc3]" started-at="2026-06-05T16:29:15 IST" name="setUp" finished-at="2026-06-05T16:29:25 IST" duration-ms="9921" status="PASS">
          <params>
            <param index="0">
              <value>
                <![CDATA[public void tests.HomePageTest.tc_home_006_verifyAnalystChoiceSectionVisible()]]>
              </value>
            </param>
          </params>
          <reporter-output>
          </reporter-output>
        </test-method> <!-- setUp -->
        <test-method signature="tc_home_006_verifyAnalystChoiceSectionVisible()[pri:0, instance:tests.HomePageTest@7b2bbc3]" started-at="2026-06-05T16:29:25 IST" name="tc_home_006_verifyAnalystChoiceSectionVisible" description="TC_HOME_006 - Analyst Choice section is visible" finished-at="2026-06-05T16:29:29 IST" duration-ms="4151" status="PASS">
          <reporter-output>
          </reporter-output>
        </test-method> <!-- tc_home_006_verifyAnalystChoiceSectionVisible -->
        <test-method is-config="true" signature="tearDown(org.testng.ITestResult)[pri:0, instance:tests.HomePageTest@7b2bbc3]" started-at="2026-06-05T16:29:29 IST" name="tearDown" finished-at="2026-06-05T16:29:29 IST" duration-ms="0" status="PASS">
          <params>
            <param index="0">
              <value>
                <![CDATA[[TestResult name=tc_home_006_verifyAnalystChoiceSectionVisible status=SUCCESS method=HomePageTest.tc_home_006_verifyAnalystChoiceSectionVisible()[pri:0, instance:tests.HomePageTest@7b2bbc3] output={null}]]]>
              </value>
            </param>
          </params>
          <reporter-output>
          </reporter-output>
        </test-method> <!-- tearDown -->
        <test-method is-config="true" signature="setUp(java.lang.reflect.Method)[pri:0, instance:tests.HomePageTest@7b2bbc3]" started-at="2026-06-05T16:29:29 IST" name="setUp" finished-at="2026-06-05T16:29:40 IST" duration-ms="10778" status="PASS">
          <params>
            <param index="0">
              <value>
                <![CDATA[public void tests.HomePageTest.tc_home_007_verifyFundAdvisorNoteSectionVisible()]]>
              </value>
            </param>
          </params>
          <reporter-output>
          </reporter-output>
        </test-method> <!-- setUp -->
        <test-method signature="tc_home_007_verifyFundAdvisorNoteSectionVisible()[pri:0, instance:tests.HomePageTest@7b2bbc3]" started-at="2026-06-05T16:29:40 IST" name="tc_home_007_verifyFundAdvisorNoteSectionVisible" description="TC_HOME_007 - Fund Advisor Note section is visible" finished-at="2026-06-05T16:29:44 IST" duration-ms="4167" status="PASS">
          <reporter-output>
          </reporter-output>
        </test-method> <!-- tc_home_007_verifyFundAdvisorNoteSectionVisible -->
        <test-method is-config="true" signature="tearDown(org.testng.ITestResult)[pri:0, instance:tests.HomePageTest@7b2bbc3]" started-at="2026-06-05T16:29:44 IST" name="tearDown" finished-at="2026-06-05T16:29:44 IST" duration-ms="0" status="PASS">
          <params>
            <param index="0">
              <value>
                <![CDATA[[TestResult name=tc_home_007_verifyFundAdvisorNoteSectionVisible status=SUCCESS method=HomePageTest.tc_home_007_verifyFundAdvisorNoteSectionVisible()[pri:0, instance:tests.HomePageTest@7b2bbc3] output={null}]]]>
              </value>
            </param>
          </params>
          <reporter-output>
          </reporter-output>
        </test-method> <!-- tearDown -->
        <test-method is-config="true" signature="setUp(java.lang.reflect.Method)[pri:0, instance:tests.HomePageTest@7b2bbc3]" started-at="2026-06-05T16:29:44 IST" name="setUp" finished-at="2026-06-05T16:29:54 IST" duration-ms="9883" status="PASS">
          <params>
            <param index="0">
              <value>
                <![CDATA[public void tests.HomePageTest.tc_home_008_verifyRetirementCardVisible()]]>
              </value>
            </param>
          </params>
          <reporter-output>
          </reporter-output>
        </test-method> <!-- setUp -->
        <test-method signature="tc_home_008_verifyRetirementCardVisible()[pri:0, instance:tests.HomePageTest@7b2bbc3]" started-at="2026-06-05T16:29:54 IST" name="tc_home_008_verifyRetirementCardVisible" description="TC_HOME_008 - Retirement card is visible" finished-at="2026-06-05T16:29:56 IST" duration-ms="2090" status="PASS">
          <reporter-output>
          </reporter-output>
        </test-method> <!-- tc_home_008_verifyRetirementCardVisible -->
        <test-method is-config="true" signature="tearDown(org.testng.ITestResult)[pri:0, instance:tests.HomePageTest@7b2bbc3]" started-at="2026-06-05T16:29:56 IST" name="tearDown" finished-at="2026-06-05T16:29:56 IST" duration-ms="1" status="PASS">
          <params>
            <param index="0">
              <value>
                <![CDATA[[TestResult name=tc_home_008_verifyRetirementCardVisible status=SUCCESS method=HomePageTest.tc_home_008_verifyRetirementCardVisible()[pri:0, instance:tests.HomePageTest@7b2bbc3] output={null}]]]>
              </value>
            </param>
          </params>
          <reporter-output>
          </reporter-output>
        </test-method> <!-- tearDown -->
        <test-method is-config="true" signature="setUp(java.lang.reflect.Method)[pri:0, instance:tests.HomePageTest@7b2bbc3]" started-at="2026-06-05T16:29:56 IST" name="setUp" finished-at="2026-06-05T16:30:06 IST" duration-ms="9768" status="PASS">
          <params>
            <param index="0">
              <value>
                <![CDATA[public void tests.HomePageTest.tc_home_009_verifyRegularIncomeCardVisible()]]>
              </value>
            </param>
          </params>
          <reporter-output>
          </reporter-output>
        </test-method> <!-- setUp -->
        <test-method signature="tc_home_009_verifyRegularIncomeCardVisible()[pri:0, instance:tests.HomePageTest@7b2bbc3]" started-at="2026-06-05T16:30:06 IST" name="tc_home_009_verifyRegularIncomeCardVisible" description="TC_HOME_009 - Regular Income card is visible" finished-at="2026-06-05T16:30:08 IST" duration-ms="2073" status="PASS">
          <reporter-output>
          </reporter-output>
        </test-method> <!-- tc_home_009_verifyRegularIncomeCardVisible -->
        <test-method is-config="true" signature="tearDown(org.testng.ITestResult)[pri:0, instance:tests.HomePageTest@7b2bbc3]" started-at="2026-06-05T16:30:08 IST" name="tearDown" finished-at="2026-06-05T16:30:08 IST" duration-ms="1" status="PASS">
          <params>
            <param index="0">
              <value>
                <![CDATA[[TestResult name=tc_home_009_verifyRegularIncomeCardVisible status=SUCCESS method=HomePageTest.tc_home_009_verifyRegularIncomeCardVisible()[pri:0, instance:tests.HomePageTest@7b2bbc3] output={null}]]]>
              </value>
            </param>
          </params>
          <reporter-output>
          </reporter-output>
        </test-method> <!-- tearDown -->
        <test-method is-config="true" signature="setUp(java.lang.reflect.Method)[pri:0, instance:tests.HomePageTest@7b2bbc3]" started-at="2026-06-05T16:30:08 IST" name="setUp" finished-at="2026-06-05T16:30:17 IST" duration-ms="9136" status="PASS">
          <params>
            <param index="0">
              <value>
                <![CDATA[public void tests.HomePageTest.tc_home_010_verifyNoGoalStartInvestingCardVisible()]]>
              </value>
            </param>
          </params>
          <reporter-output>
          </reporter-output>
        </test-method> <!-- setUp -->
        <test-method signature="tc_home_010_verifyNoGoalStartInvestingCardVisible()[pri:0, instance:tests.HomePageTest@7b2bbc3]" started-at="2026-06-05T16:30:17 IST" name="tc_home_010_verifyNoGoalStartInvestingCardVisible" description="TC_HOME_010 - No Goal Start Investing card is visible" finished-at="2026-06-05T16:30:19 IST" duration-ms="2077" status="PASS">
          <reporter-output>
          </reporter-output>
        </test-method> <!-- tc_home_010_verifyNoGoalStartInvestingCardVisible -->
        <test-method is-config="true" signature="tearDown(org.testng.ITestResult)[pri:0, instance:tests.HomePageTest@7b2bbc3]" started-at="2026-06-05T16:30:19 IST" name="tearDown" finished-at="2026-06-05T16:30:19 IST" duration-ms="1" status="PASS">
          <params>
            <param index="0">
              <value>
                <![CDATA[[TestResult name=tc_home_010_verifyNoGoalStartInvestingCardVisible status=SUCCESS method=HomePageTest.tc_home_010_verifyNoGoalStartInvestingCardVisible()[pri:0, instance:tests.HomePageTest@7b2bbc3] output={null}]]]>
              </value>
            </param>
          </params>
          <reporter-output>
          </reporter-output>
        </test-method> <!-- tearDown -->
        <test-method is-config="true" signature="setUp(java.lang.reflect.Method)[pri:0, instance:tests.HomePageTest@7b2bbc3]" started-at="2026-06-05T16:30:19 IST" name="setUp" finished-at="2026-06-05T16:30:29 IST" duration-ms="9716" status="PASS">
          <params>
            <param index="0">
              <value>
                <![CDATA[public void tests.HomePageTest.tc_home_011_verifyMfScreenerLinkVisible()]]>
              </value>
            </param>
          </params>
          <reporter-output>
          </reporter-output>
        </test-method> <!-- setUp -->
        <test-method signature="tc_home_011_verifyMfScreenerLinkVisible()[pri:0, instance:tests.HomePageTest@7b2bbc3]" started-at="2026-06-05T16:30:29 IST" name="tc_home_011_verifyMfScreenerLinkVisible" description="TC_HOME_011 - MF Screener link is visible" finished-at="2026-06-05T16:30:35 IST" duration-ms="6214" status="PASS">
          <reporter-output>
          </reporter-output>
        </test-method> <!-- tc_home_011_verifyMfScreenerLinkVisible -->
        <test-method is-config="true" signature="tearDown(org.testng.ITestResult)[pri:0, instance:tests.HomePageTest@7b2bbc3]" started-at="2026-06-05T16:30:35 IST" name="tearDown" finished-at="2026-06-05T16:30:35 IST" duration-ms="1" status="PASS">
          <params>
            <param index="0">
              <value>
                <![CDATA[[TestResult name=tc_home_011_verifyMfScreenerLinkVisible status=SUCCESS method=HomePageTest.tc_home_011_verifyMfScreenerLinkVisible()[pri:0, instance:tests.HomePageTest@7b2bbc3] output={null}]]]>
              </value>
            </param>
          </params>
          <reporter-output>
          </reporter-output>
        </test-method> <!-- tearDown -->
        <test-method is-config="true" signature="setUp(java.lang.reflect.Method)[pri:0, instance:tests.HomePageTest@7b2bbc3]" started-at="2026-06-05T16:30:35 IST" name="setUp" finished-at="2026-06-05T16:30:45 IST" duration-ms="9857" status="PASS">
          <params>
            <param index="0">
              <value>
                <![CDATA[public void tests.HomePageTest.tc_home_012_verifySipCalculatorLinkVisible()]]>
              </value>
            </param>
          </params>
          <reporter-output>
          </reporter-output>
        </test-method> <!-- setUp -->
        <test-method signature="tc_home_012_verifySipCalculatorLinkVisible()[pri:0, instance:tests.HomePageTest@7b2bbc3]" started-at="2026-06-05T16:30:45 IST" name="tc_home_012_verifySipCalculatorLinkVisible" description="TC_HOME_012 - SIP Calculator link is visible" finished-at="2026-06-05T16:30:51 IST" duration-ms="6206" status="PASS">
          <reporter-output>
          </reporter-output>
        </test-method> <!-- tc_home_012_verifySipCalculatorLinkVisible -->
        <test-method is-config="true" signature="tearDown(org.testng.ITestResult)[pri:0, instance:tests.HomePageTest@7b2bbc3]" started-at="2026-06-05T16:30:51 IST" name="tearDown" finished-at="2026-06-05T16:30:51 IST" duration-ms="0" status="PASS">
          <params>
            <param index="0">
              <value>
                <![CDATA[[TestResult name=tc_home_012_verifySipCalculatorLinkVisible status=SUCCESS method=HomePageTest.tc_home_012_verifySipCalculatorLinkVisible()[pri:0, instance:tests.HomePageTest@7b2bbc3] output={null}]]]>
              </value>
            </param>
          </params>
          <reporter-output>
          </reporter-output>
        </test-method> <!-- tearDown -->
        <test-method is-config="true" signature="setUp(java.lang.reflect.Method)[pri:0, instance:tests.HomePageTest@7b2bbc3]" started-at="2026-06-05T16:30:51 IST" name="setUp" finished-at="2026-06-05T16:31:02 IST" duration-ms="10503" status="PASS">
          <params>
            <param index="0">
              <value>
                <![CDATA[public void tests.HomePageTest.tc_home_013_verifyFundSearchLinkVisible()]]>
              </value>
            </param>
          </params>
          <reporter-output>
          </reporter-output>
        </test-method> <!-- setUp -->
        <test-method signature="tc_home_013_verifyFundSearchLinkVisible()[pri:0, instance:tests.HomePageTest@7b2bbc3]" started-at="2026-06-05T16:31:02 IST" name="tc_home_013_verifyFundSearchLinkVisible" description="TC_HOME_013 - Fund Search link is visible" finished-at="2026-06-05T16:31:08 IST" duration-ms="6232" status="PASS">
          <reporter-output>
          </reporter-output>
        </test-method> <!-- tc_home_013_verifyFundSearchLinkVisible -->
        <test-method is-config="true" signature="tearDown(org.testng.ITestResult)[pri:0, instance:tests.HomePageTest@7b2bbc3]" started-at="2026-06-05T16:31:08 IST" name="tearDown" finished-at="2026-06-05T16:31:08 IST" duration-ms="0" status="PASS">
          <params>
            <param index="0">
              <value>
                <![CDATA[[TestResult name=tc_home_013_verifyFundSearchLinkVisible status=SUCCESS method=HomePageTest.tc_home_013_verifyFundSearchLinkVisible()[pri:0, instance:tests.HomePageTest@7b2bbc3] output={null}]]]>
              </value>
            </param>
          </params>
          <reporter-output>
          </reporter-output>
        </test-method> <!-- tearDown -->
        <test-method is-config="true" signature="setUp(java.lang.reflect.Method)[pri:0, instance:tests.HomePageTest@7b2bbc3]" started-at="2026-06-05T16:31:08 IST" name="setUp" finished-at="2026-06-05T16:31:17 IST" duration-ms="9494" status="PASS">
          <params>
            <param index="0">
              <value>
                <![CDATA[public void tests.HomePageTest.tc_home_014_verifyMoreQuickGuidesLinkVisible()]]>
              </value>
            </param>
          </params>
          <reporter-output>
          </reporter-output>
        </test-method> <!-- setUp -->
        <test-method signature="tc_home_014_verifyMoreQuickGuidesLinkVisible()[pri:0, instance:tests.HomePageTest@7b2bbc3]" started-at="2026-06-05T16:31:17 IST" name="tc_home_014_verifyMoreQuickGuidesLinkVisible" description="TC_HOME_014 - More Quick Guides link is visible" finished-at="2026-06-05T16:31:22 IST" duration-ms="4149" status="PASS">
          <reporter-output>
          </reporter-output>
        </test-method> <!-- tc_home_014_verifyMoreQuickGuidesLinkVisible -->
        <test-method is-config="true" signature="tearDown(org.testng.ITestResult)[pri:0, instance:tests.HomePageTest@7b2bbc3]" started-at="2026-06-05T16:31:22 IST" name="tearDown" finished-at="2026-06-05T16:31:22 IST" duration-ms="0" status="PASS">
          <params>
            <param index="0">
              <value>
                <![CDATA[[TestResult name=tc_home_014_verifyMoreQuickGuidesLinkVisible status=SUCCESS method=HomePageTest.tc_home_014_verifyMoreQuickGuidesLinkVisible()[pri:0, instance:tests.HomePageTest@7b2bbc3] output={null}]]]>
              </value>
            </param>
          </params>
          <reporter-output>
          </reporter-output>
        </test-method> <!-- tearDown -->
        <test-method is-config="true" signature="setUp(java.lang.reflect.Method)[pri:0, instance:tests.HomePageTest@7b2bbc3]" started-at="2026-06-05T16:31:22 IST" name="setUp" finished-at="2026-06-05T16:31:31 IST" duration-ms="9513" status="PASS">
          <params>
            <param index="0">
              <value>
                <![CDATA[public void tests.HomePageTest.tc_home_015_verifyBuildInvestmentPlanGuideVisible()]]>
              </value>
            </param>
          </params>
          <reporter-output>
          </reporter-output>
        </test-method> <!-- setUp -->
        <test-method signature="tc_home_015_verifyBuildInvestmentPlanGuideVisible()[pri:0, instance:tests.HomePageTest@7b2bbc3]" started-at="2026-06-05T16:31:31 IST" name="tc_home_015_verifyBuildInvestmentPlanGuideVisible" description="TC_HOME_015 - Build Investment Plan guide is visible" finished-at="2026-06-05T16:31:38 IST" duration-ms="6602" status="PASS">
          <reporter-output>
          </reporter-output>
        </test-method> <!-- tc_home_015_verifyBuildInvestmentPlanGuideVisible -->
        <test-method is-config="true" signature="tearDown(org.testng.ITestResult)[pri:0, instance:tests.HomePageTest@7b2bbc3]" started-at="2026-06-05T16:31:38 IST" name="tearDown" finished-at="2026-06-05T16:31:38 IST" duration-ms="1" status="PASS">
          <params>
            <param index="0">
              <value>
                <![CDATA[[TestResult name=tc_home_015_verifyBuildInvestmentPlanGuideVisible status=SUCCESS method=HomePageTest.tc_home_015_verifyBuildInvestmentPlanGuideVisible()[pri:0, instance:tests.HomePageTest@7b2bbc3] output={null}]]]>
              </value>
            </param>
          </params>
          <reporter-output>
          </reporter-output>
        </test-method> <!-- tearDown -->
        <test-method is-config="true" signature="setUp(java.lang.reflect.Method)[pri:0, instance:tests.HomePageTest@7b2bbc3]" started-at="2026-06-05T16:31:38 IST" name="setUp" finished-at="2026-06-05T16:31:47 IST" duration-ms="9566" status="PASS">
          <params>
            <param index="0">
              <value>
                <![CDATA[public void tests.HomePageTest.tc_home_016_verifyUpgradePortfolioGuideVisible()]]>
              </value>
            </param>
          </params>
          <reporter-output>
          </reporter-output>
        </test-method> <!-- setUp -->
        <test-method signature="tc_home_016_verifyUpgradePortfolioGuideVisible()[pri:0, instance:tests.HomePageTest@7b2bbc3]" started-at="2026-06-05T16:31:47 IST" name="tc_home_016_verifyUpgradePortfolioGuideVisible" description="TC_HOME_016 - Upgrade Portfolio guide is visible" finished-at="2026-06-05T16:31:54 IST" duration-ms="6205" status="PASS">
          <reporter-output>
          </reporter-output>
        </test-method> <!-- tc_home_016_verifyUpgradePortfolioGuideVisible -->
        <test-method is-config="true" signature="tearDown(org.testng.ITestResult)[pri:0, instance:tests.HomePageTest@7b2bbc3]" started-at="2026-06-05T16:31:54 IST" name="tearDown" finished-at="2026-06-05T16:31:54 IST" duration-ms="1" status="PASS">
          <params>
            <param index="0">
              <value>
                <![CDATA[[TestResult name=tc_home_016_verifyUpgradePortfolioGuideVisible status=SUCCESS method=HomePageTest.tc_home_016_verifyUpgradePortfolioGuideVisible()[pri:0, instance:tests.HomePageTest@7b2bbc3] output={null}]]]>
              </value>
            </param>
          </params>
          <reporter-output>
          </reporter-output>
        </test-method> <!-- tearDown -->
        <test-method is-config="true" signature="setUp(java.lang.reflect.Method)[pri:0, instance:tests.HomePageTest@7b2bbc3]" started-at="2026-06-05T16:31:54 IST" name="setUp" finished-at="2026-06-05T16:32:03 IST" duration-ms="9821" status="PASS">
          <params>
            <param index="0">
              <value>
                <![CDATA[public void tests.HomePageTest.tc_home_017_verifyAnalystPickedFundsGuideVisible()]]>
              </value>
            </param>
          </params>
          <reporter-output>
          </reporter-output>
        </test-method> <!-- setUp -->
        <test-method signature="tc_home_017_verifyAnalystPickedFundsGuideVisible()[pri:0, instance:tests.HomePageTest@7b2bbc3]" started-at="2026-06-05T16:32:03 IST" name="tc_home_017_verifyAnalystPickedFundsGuideVisible" description="TC_HOME_017 - Analyst Picked Funds guide is visible" finished-at="2026-06-05T16:32:12 IST" duration-ms="8280" status="PASS">
          <reporter-output>
          </reporter-output>
        </test-method> <!-- tc_home_017_verifyAnalystPickedFundsGuideVisible -->
        <test-method is-config="true" signature="tearDown(org.testng.ITestResult)[pri:0, instance:tests.HomePageTest@7b2bbc3]" started-at="2026-06-05T16:32:12 IST" name="tearDown" finished-at="2026-06-05T16:32:12 IST" duration-ms="0" status="PASS">
          <params>
            <param index="0">
              <value>
                <![CDATA[[TestResult name=tc_home_017_verifyAnalystPickedFundsGuideVisible status=SUCCESS method=HomePageTest.tc_home_017_verifyAnalystPickedFundsGuideVisible()[pri:0, instance:tests.HomePageTest@7b2bbc3] output={null}]]]>
              </value>
            </param>
          </params>
          <reporter-output>
          </reporter-output>
        </test-method> <!-- tearDown -->
        <test-method is-config="true" signature="setUp(java.lang.reflect.Method)[pri:0, instance:tests.HomePageTest@7b2bbc3]" started-at="2026-06-05T16:32:12 IST" name="setUp" finished-at="2026-06-05T16:32:21 IST" duration-ms="9742" status="PASS">
          <params>
            <param index="0">
              <value>
                <![CDATA[public void tests.HomePageTest.tc_home_018_verifyPersonalisedSupportCardVisible()]]>
              </value>
            </param>
          </params>
          <reporter-output>
          </reporter-output>
        </test-method> <!-- setUp -->
        <test-method signature="tc_home_018_verifyPersonalisedSupportCardVisible()[pri:0, instance:tests.HomePageTest@7b2bbc3]" started-at="2026-06-05T16:32:21 IST" name="tc_home_018_verifyPersonalisedSupportCardVisible" description="TC_HOME_018 - Personalised Support card is visible" finished-at="2026-06-05T16:32:30 IST" duration-ms="8288" status="PASS">
          <reporter-output>
          </reporter-output>
        </test-method> <!-- tc_home_018_verifyPersonalisedSupportCardVisible -->
        <test-method is-config="true" signature="tearDown(org.testng.ITestResult)[pri:0, instance:tests.HomePageTest@7b2bbc3]" started-at="2026-06-05T16:32:30 IST" name="tearDown" finished-at="2026-06-05T16:32:30 IST" duration-ms="0" status="PASS">
          <params>
            <param index="0">
              <value>
                <![CDATA[[TestResult name=tc_home_018_verifyPersonalisedSupportCardVisible status=SUCCESS method=HomePageTest.tc_home_018_verifyPersonalisedSupportCardVisible()[pri:0, instance:tests.HomePageTest@7b2bbc3] output={null}]]]>
              </value>
            </param>
          </params>
          <reporter-output>
          </reporter-output>
        </test-method> <!-- tearDown -->
        <test-method is-config="true" signature="setUp(java.lang.reflect.Method)[pri:0, instance:tests.HomePageTest@7b2bbc3]" started-at="2026-06-05T16:32:30 IST" name="setUp" finished-at="2026-06-05T16:32:39 IST" duration-ms="9399" status="PASS">
          <params>
            <param index="0">
              <value>
                <![CDATA[public void tests.HomePageTest.tc_home_019_verifyAggressiveGrowthCardVisible()]]>
              </value>
            </param>
          </params>
          <reporter-output>
          </reporter-output>
        </test-method> <!-- setUp -->
        <test-method signature="tc_home_019_verifyAggressiveGrowthCardVisible()[pri:0, instance:tests.HomePageTest@7b2bbc3]" started-at="2026-06-05T16:32:39 IST" name="tc_home_019_verifyAggressiveGrowthCardVisible" description="TC_HOME_019 - Aggressive Growth card is visible" finished-at="2026-06-05T16:32:43 IST" duration-ms="4146" status="PASS">
          <reporter-output>
          </reporter-output>
        </test-method> <!-- tc_home_019_verifyAggressiveGrowthCardVisible -->
        <test-method is-config="true" signature="tearDown(org.testng.ITestResult)[pri:0, instance:tests.HomePageTest@7b2bbc3]" started-at="2026-06-05T16:32:43 IST" name="tearDown" finished-at="2026-06-05T16:32:43 IST" duration-ms="1" status="PASS">
          <params>
            <param index="0">
              <value>
                <![CDATA[[TestResult name=tc_home_019_verifyAggressiveGrowthCardVisible status=SUCCESS method=HomePageTest.tc_home_019_verifyAggressiveGrowthCardVisible()[pri:0, instance:tests.HomePageTest@7b2bbc3] output={null}]]]>
              </value>
            </param>
          </params>
          <reporter-output>
          </reporter-output>
        </test-method> <!-- tearDown -->
        <test-method is-config="true" signature="setUp(java.lang.reflect.Method)[pri:0, instance:tests.HomePageTest@7b2bbc3]" started-at="2026-06-05T16:32:43 IST" name="setUp" finished-at="2026-06-05T16:32:53 IST" duration-ms="10205" status="PASS">
          <params>
            <param index="0">
              <value>
                <![CDATA[public void tests.HomePageTest.tc_home_020_verifyRetirementCardNavigation()]]>
              </value>
            </param>
          </params>
          <reporter-output>
          </reporter-output>
        </test-method> <!-- setUp -->
        <test-method signature="tc_home_020_verifyRetirementCardNavigation()[pri:0, instance:tests.HomePageTest@7b2bbc3]" started-at="2026-06-05T16:32:53 IST" name="tc_home_020_verifyRetirementCardNavigation" description="TC_HOME_020 - Retirement card opens a valid screen" finished-at="2026-06-05T16:32:58 IST" duration-ms="4576" status="PASS">
          <reporter-output>
          </reporter-output>
        </test-method> <!-- tc_home_020_verifyRetirementCardNavigation -->
        <test-method is-config="true" signature="tearDown(org.testng.ITestResult)[pri:0, instance:tests.HomePageTest@7b2bbc3]" started-at="2026-06-05T16:32:58 IST" name="tearDown" finished-at="2026-06-05T16:32:58 IST" duration-ms="0" status="PASS">
          <params>
            <param index="0">
              <value>
                <![CDATA[[TestResult name=tc_home_020_verifyRetirementCardNavigation status=SUCCESS method=HomePageTest.tc_home_020_verifyRetirementCardNavigation()[pri:0, instance:tests.HomePageTest@7b2bbc3] output={null}]]]>
              </value>
            </param>
          </params>
          <reporter-output>
          </reporter-output>
        </test-method> <!-- tearDown -->
        <test-method is-config="true" signature="setUp(java.lang.reflect.Method)[pri:0, instance:tests.HomePageTest@7b2bbc3]" started-at="2026-06-05T16:32:58 IST" name="setUp" finished-at="2026-06-05T16:33:07 IST" duration-ms="8738" status="PASS">
          <params>
            <param index="0">
              <value>
                <![CDATA[public void tests.HomePageTest.tc_home_021_verifyRegularIncomeCardNavigation()]]>
              </value>
            </param>
          </params>
          <reporter-output>
          </reporter-output>
        </test-method> <!-- setUp -->
        <test-method signature="tc_home_021_verifyRegularIncomeCardNavigation()[pri:0, instance:tests.HomePageTest@7b2bbc3]" started-at="2026-06-05T16:33:07 IST" name="tc_home_021_verifyRegularIncomeCardNavigation" description="TC_HOME_021 - Regular Income card opens a valid screen" finished-at="2026-06-05T16:33:11 IST" duration-ms="4546" status="PASS">
          <reporter-output>
          </reporter-output>
        </test-method> <!-- tc_home_021_verifyRegularIncomeCardNavigation -->
        <test-method is-config="true" signature="tearDown(org.testng.ITestResult)[pri:0, instance:tests.HomePageTest@7b2bbc3]" started-at="2026-06-05T16:33:11 IST" name="tearDown" finished-at="2026-06-05T16:33:11 IST" duration-ms="1" status="PASS">
          <params>
            <param index="0">
              <value>
                <![CDATA[[TestResult name=tc_home_021_verifyRegularIncomeCardNavigation status=SUCCESS method=HomePageTest.tc_home_021_verifyRegularIncomeCardNavigation()[pri:0, instance:tests.HomePageTest@7b2bbc3] output={null}]]]>
              </value>
            </param>
          </params>
          <reporter-output>
          </reporter-output>
        </test-method> <!-- tearDown -->
        <test-method is-config="true" signature="setUp(java.lang.reflect.Method)[pri:0, instance:tests.HomePageTest@7b2bbc3]" started-at="2026-06-05T16:33:11 IST" name="setUp" finished-at="2026-06-05T16:33:21 IST" duration-ms="9940" status="PASS">
          <params>
            <param index="0">
              <value>
                <![CDATA[public void tests.HomePageTest.tc_home_022_verifyNoGoalStartInvestingNavigation()]]>
              </value>
            </param>
          </params>
          <reporter-output>
          </reporter-output>
        </test-method> <!-- setUp -->
        <test-method signature="tc_home_022_verifyNoGoalStartInvestingNavigation()[pri:0, instance:tests.HomePageTest@7b2bbc3]" started-at="2026-06-05T16:33:21 IST" name="tc_home_022_verifyNoGoalStartInvestingNavigation" description="TC_HOME_022 - No Goal Start Investing card opens a valid screen" finished-at="2026-06-05T16:33:26 IST" duration-ms="4510" status="PASS">
          <reporter-output>
          </reporter-output>
        </test-method> <!-- tc_home_022_verifyNoGoalStartInvestingNavigation -->
        <test-method is-config="true" signature="tearDown(org.testng.ITestResult)[pri:0, instance:tests.HomePageTest@7b2bbc3]" started-at="2026-06-05T16:33:26 IST" name="tearDown" finished-at="2026-06-05T16:33:26 IST" duration-ms="1" status="PASS">
          <params>
            <param index="0">
              <value>
                <![CDATA[[TestResult name=tc_home_022_verifyNoGoalStartInvestingNavigation status=SUCCESS method=HomePageTest.tc_home_022_verifyNoGoalStartInvestingNavigation()[pri:0, instance:tests.HomePageTest@7b2bbc3] output={null}]]]>
              </value>
            </param>
          </params>
          <reporter-output>
          </reporter-output>
        </test-method> <!-- tearDown -->
        <test-method is-config="true" signature="setUp(java.lang.reflect.Method)[pri:0, instance:tests.HomePageTest@7b2bbc3]" started-at="2026-06-05T16:33:26 IST" name="setUp" finished-at="2026-06-05T16:33:36 IST" duration-ms="9934" status="PASS">
          <params>
            <param index="0">
              <value>
                <![CDATA[public void tests.HomePageTest.tc_home_023_verifyMfScreenerNavigation()]]>
              </value>
            </param>
          </params>
          <reporter-output>
          </reporter-output>
        </test-method> <!-- setUp -->
        <test-method signature="tc_home_023_verifyMfScreenerNavigation()[pri:0, instance:tests.HomePageTest@7b2bbc3]" started-at="2026-06-05T16:33:36 IST" name="tc_home_023_verifyMfScreenerNavigation" description="TC_HOME_023 - MF Screener link opens a valid screen" finished-at="2026-06-05T16:33:45 IST" duration-ms="9098" status="PASS">
          <reporter-output>
          </reporter-output>
        </test-method> <!-- tc_home_023_verifyMfScreenerNavigation -->
        <test-method is-config="true" signature="tearDown(org.testng.ITestResult)[pri:0, instance:tests.HomePageTest@7b2bbc3]" started-at="2026-06-05T16:33:45 IST" name="tearDown" finished-at="2026-06-05T16:33:45 IST" duration-ms="1" status="PASS">
          <params>
            <param index="0">
              <value>
                <![CDATA[[TestResult name=tc_home_023_verifyMfScreenerNavigation status=SUCCESS method=HomePageTest.tc_home_023_verifyMfScreenerNavigation()[pri:0, instance:tests.HomePageTest@7b2bbc3] output={null}]]]>
              </value>
            </param>
          </params>
          <reporter-output>
          </reporter-output>
        </test-method> <!-- tearDown -->
        <test-method is-config="true" signature="setUp(java.lang.reflect.Method)[pri:0, instance:tests.HomePageTest@7b2bbc3]" started-at="2026-06-05T16:33:45 IST" name="setUp" finished-at="2026-06-05T16:33:55 IST" duration-ms="9849" status="PASS">
          <params>
            <param index="0">
              <value>
                <![CDATA[public void tests.HomePageTest.tc_home_024_verifySipCalculatorNavigation()]]>
              </value>
            </param>
          </params>
          <reporter-output>
          </reporter-output>
        </test-method> <!-- setUp -->
        <test-method signature="tc_home_024_verifySipCalculatorNavigation()[pri:0, instance:tests.HomePageTest@7b2bbc3]" started-at="2026-06-05T16:33:55 IST" name="tc_home_024_verifySipCalculatorNavigation" description="TC_HOME_024 - SIP Calculator link opens a valid screen" finished-at="2026-06-05T16:34:03 IST" duration-ms="8686" status="PASS">
          <reporter-output>
          </reporter-output>
        </test-method> <!-- tc_home_024_verifySipCalculatorNavigation -->
        <test-method is-config="true" signature="tearDown(org.testng.ITestResult)[pri:0, instance:tests.HomePageTest@7b2bbc3]" started-at="2026-06-05T16:34:03 IST" name="tearDown" finished-at="2026-06-05T16:34:03 IST" duration-ms="0" status="PASS">
          <params>
            <param index="0">
              <value>
                <![CDATA[[TestResult name=tc_home_024_verifySipCalculatorNavigation status=SUCCESS method=HomePageTest.tc_home_024_verifySipCalculatorNavigation()[pri:0, instance:tests.HomePageTest@7b2bbc3] output={null}]]]>
              </value>
            </param>
          </params>
          <reporter-output>
          </reporter-output>
        </test-method> <!-- tearDown -->
        <test-method is-config="true" signature="setUp(java.lang.reflect.Method)[pri:0, instance:tests.HomePageTest@7b2bbc3]" started-at="2026-06-05T16:34:03 IST" name="setUp" finished-at="2026-06-05T16:34:13 IST" duration-ms="9952" status="PASS">
          <params>
            <param index="0">
              <value>
                <![CDATA[public void tests.HomePageTest.tc_home_025_verifyFundSearchNavigation()]]>
              </value>
            </param>
          </params>
          <reporter-output>
          </reporter-output>
        </test-method> <!-- setUp -->
        <test-method signature="tc_home_025_verifyFundSearchNavigation()[pri:0, instance:tests.HomePageTest@7b2bbc3]" started-at="2026-06-05T16:34:13 IST" name="tc_home_025_verifyFundSearchNavigation" description="TC_HOME_025 - Fund Search link opens a valid screen" finished-at="2026-06-05T16:34:22 IST" duration-ms="8653" status="PASS">
          <reporter-output>
          </reporter-output>
        </test-method> <!-- tc_home_025_verifyFundSearchNavigation -->
        <test-method is-config="true" signature="tearDown(org.testng.ITestResult)[pri:0, instance:tests.HomePageTest@7b2bbc3]" started-at="2026-06-05T16:34:22 IST" name="tearDown" finished-at="2026-06-05T16:34:22 IST" duration-ms="0" status="PASS">
          <params>
            <param index="0">
              <value>
                <![CDATA[[TestResult name=tc_home_025_verifyFundSearchNavigation status=SUCCESS method=HomePageTest.tc_home_025_verifyFundSearchNavigation()[pri:0, instance:tests.HomePageTest@7b2bbc3] output={null}]]]>
              </value>
            </param>
          </params>
          <reporter-output>
          </reporter-output>
        </test-method> <!-- tearDown -->
        <test-method is-config="true" signature="setUp(java.lang.reflect.Method)[pri:0, instance:tests.HomePageTest@7b2bbc3]" started-at="2026-06-05T16:34:22 IST" name="setUp" finished-at="2026-06-05T16:34:32 IST" duration-ms="9799" status="PASS">
          <params>
            <param index="0">
              <value>
                <![CDATA[public void tests.HomePageTest.tc_home_026_verifyMoreQuickGuidesNavigation()]]>
              </value>
            </param>
          </params>
          <reporter-output>
          </reporter-output>
        </test-method> <!-- setUp -->
        <test-method signature="tc_home_026_verifyMoreQuickGuidesNavigation()[pri:0, instance:tests.HomePageTest@7b2bbc3]" started-at="2026-06-05T16:34:32 IST" name="tc_home_026_verifyMoreQuickGuidesNavigation" description="TC_HOME_026 - More Quick Guides link opens a valid screen" finished-at="2026-06-05T16:34:55 IST" duration-ms="23523" status="PASS">
          <reporter-output>
          </reporter-output>
        </test-method> <!-- tc_home_026_verifyMoreQuickGuidesNavigation -->
        <test-method is-config="true" signature="tearDown(org.testng.ITestResult)[pri:0, instance:tests.HomePageTest@7b2bbc3]" started-at="2026-06-05T16:34:55 IST" name="tearDown" finished-at="2026-06-05T16:34:55 IST" duration-ms="1" status="PASS">
          <params>
            <param index="0">
              <value>
                <![CDATA[[TestResult name=tc_home_026_verifyMoreQuickGuidesNavigation status=SUCCESS method=HomePageTest.tc_home_026_verifyMoreQuickGuidesNavigation()[pri:0, instance:tests.HomePageTest@7b2bbc3] output={null}]]]>
              </value>
            </param>
          </params>
          <reporter-output>
          </reporter-output>
        </test-method> <!-- tearDown -->
        <test-method is-config="true" signature="setUp(java.lang.reflect.Method)[pri:0, instance:tests.HomePageTest@7b2bbc3]" started-at="2026-06-05T16:34:55 IST" name="setUp" finished-at="2026-06-05T16:35:05 IST" duration-ms="9966" status="PASS">
          <params>
            <param index="0">
              <value>
                <![CDATA[public void tests.HomePageTest.tc_home_027_verifyBuildInvestmentPlanNavigation()]]>
              </value>
            </param>
          </params>
          <reporter-output>
          </reporter-output>
        </test-method> <!-- setUp -->
        <test-method signature="tc_home_027_verifyBuildInvestmentPlanNavigation()[pri:0, instance:tests.HomePageTest@7b2bbc3]" started-at="2026-06-05T16:35:05 IST" name="tc_home_027_verifyBuildInvestmentPlanNavigation" description="TC_HOME_027 - Build Investment Plan guide opens a valid screen" finished-at="2026-06-05T16:35:14 IST" duration-ms="8697" status="PASS">
          <reporter-output>
          </reporter-output>
        </test-method> <!-- tc_home_027_verifyBuildInvestmentPlanNavigation -->
        <test-method is-config="true" signature="tearDown(org.testng.ITestResult)[pri:0, instance:tests.HomePageTest@7b2bbc3]" started-at="2026-06-05T16:35:14 IST" name="tearDown" finished-at="2026-06-05T16:35:14 IST" duration-ms="0" status="PASS">
          <params>
            <param index="0">
              <value>
                <![CDATA[[TestResult name=tc_home_027_verifyBuildInvestmentPlanNavigation status=SUCCESS method=HomePageTest.tc_home_027_verifyBuildInvestmentPlanNavigation()[pri:0, instance:tests.HomePageTest@7b2bbc3] output={null}]]]>
              </value>
            </param>
          </params>
          <reporter-output>
          </reporter-output>
        </test-method> <!-- tearDown -->
        <test-method is-config="true" signature="setUp(java.lang.reflect.Method)[pri:0, instance:tests.HomePageTest@7b2bbc3]" started-at="2026-06-05T16:35:14 IST" name="setUp" finished-at="2026-06-05T16:35:23 IST" duration-ms="8800" status="PASS">
          <params>
            <param index="0">
              <value>
                <![CDATA[public void tests.HomePageTest.tc_home_028_verifyUpgradePortfolioNavigation()]]>
              </value>
            </param>
          </params>
          <reporter-output>
          </reporter-output>
        </test-method> <!-- setUp -->
        <test-method signature="tc_home_028_verifyUpgradePortfolioNavigation()[pri:0, instance:tests.HomePageTest@7b2bbc3]" started-at="2026-06-05T16:35:23 IST" name="tc_home_028_verifyUpgradePortfolioNavigation" description="TC_HOME_028 - Upgrade Portfolio guide opens a valid screen" finished-at="2026-06-05T16:35:31 IST" duration-ms="8672" status="PASS">
          <reporter-output>
          </reporter-output>
        </test-method> <!-- tc_home_028_verifyUpgradePortfolioNavigation -->
        <test-method is-config="true" signature="tearDown(org.testng.ITestResult)[pri:0, instance:tests.HomePageTest@7b2bbc3]" started-at="2026-06-05T16:35:31 IST" name="tearDown" finished-at="2026-06-05T16:35:31 IST" duration-ms="1" status="PASS">
          <params>
            <param index="0">
              <value>
                <![CDATA[[TestResult name=tc_home_028_verifyUpgradePortfolioNavigation status=SUCCESS method=HomePageTest.tc_home_028_verifyUpgradePortfolioNavigation()[pri:0, instance:tests.HomePageTest@7b2bbc3] output={null}]]]>
              </value>
            </param>
          </params>
          <reporter-output>
          </reporter-output>
        </test-method> <!-- tearDown -->
        <test-method is-config="true" signature="setUp(java.lang.reflect.Method)[pri:0, instance:tests.HomePageTest@7b2bbc3]" started-at="2026-06-05T16:35:31 IST" name="setUp" finished-at="2026-06-05T16:35:41 IST" duration-ms="9814" status="PASS">
          <params>
            <param index="0">
              <value>
                <![CDATA[public void tests.HomePageTest.tc_home_029_verifyAnalystPickedFundsNavigation()]]>
              </value>
            </param>
          </params>
          <reporter-output>
          </reporter-output>
        </test-method> <!-- setUp -->
        <test-method signature="tc_home_029_verifyAnalystPickedFundsNavigation()[pri:0, instance:tests.HomePageTest@7b2bbc3]" started-at="2026-06-05T16:35:41 IST" name="tc_home_029_verifyAnalystPickedFundsNavigation" description="TC_HOME_029 - Analyst Picked Funds guide opens a valid screen" finished-at="2026-06-05T16:35:52 IST" duration-ms="10763" status="PASS">
          <reporter-output>
          </reporter-output>
        </test-method> <!-- tc_home_029_verifyAnalystPickedFundsNavigation -->
        <test-method is-config="true" signature="tearDown(org.testng.ITestResult)[pri:0, instance:tests.HomePageTest@7b2bbc3]" started-at="2026-06-05T16:35:52 IST" name="tearDown" finished-at="2026-06-05T16:35:52 IST" duration-ms="1" status="PASS">
          <params>
            <param index="0">
              <value>
                <![CDATA[[TestResult name=tc_home_029_verifyAnalystPickedFundsNavigation status=SUCCESS method=HomePageTest.tc_home_029_verifyAnalystPickedFundsNavigation()[pri:0, instance:tests.HomePageTest@7b2bbc3] output={null}]]]>
              </value>
            </param>
          </params>
          <reporter-output>
          </reporter-output>
        </test-method> <!-- tearDown -->
        <test-method is-config="true" signature="setUp(java.lang.reflect.Method)[pri:0, instance:tests.HomePageTest@7b2bbc3]" started-at="2026-06-05T16:35:52 IST" name="setUp" finished-at="2026-06-05T16:36:02 IST" duration-ms="10409" status="PASS">
          <params>
            <param index="0">
              <value>
                <![CDATA[public void tests.HomePageTest.tc_home_030_verifyPersonalisedSupportNavigation()]]>
              </value>
            </param>
          </params>
          <reporter-output>
          </reporter-output>
        </test-method> <!-- setUp -->
        <test-method signature="tc_home_030_verifyPersonalisedSupportNavigation()[pri:0, instance:tests.HomePageTest@7b2bbc3]" started-at="2026-06-05T16:36:02 IST" name="tc_home_030_verifyPersonalisedSupportNavigation" description="TC_HOME_030 - Personalised Support card opens a valid screen" finished-at="2026-06-05T16:36:14 IST" duration-ms="11441" status="PASS">
          <reporter-output>
          </reporter-output>
        </test-method> <!-- tc_home_030_verifyPersonalisedSupportNavigation -->
        <test-method is-config="true" signature="setUp(java.lang.reflect.Method)[pri:0, instance:tests.HomePageTest@7b2bbc3]" started-at="2026-06-05T16:36:14 IST" name="setUp" finished-at="2026-06-05T16:36:22 IST" duration-ms="8524" status="PASS">
          <params>
            <param index="0">
              <value>
                <![CDATA[public void tests.HomePageTest.tc_home_031_verifyAggressiveGrowthNavigation()]]>
              </value>
            </param>
          </params>
          <reporter-output>
          </reporter-output>
        </test-method> <!-- setUp -->
        <test-method is-config="true" signature="tearDown(org.testng.ITestResult)[pri:0, instance:tests.HomePageTest@7b2bbc3]" started-at="2026-06-05T16:36:14 IST" name="tearDown" finished-at="2026-06-05T16:36:14 IST" duration-ms="0" status="PASS">
          <params>
            <param index="0">
              <value>
                <![CDATA[[TestResult name=tc_home_030_verifyPersonalisedSupportNavigation status=SUCCESS method=HomePageTest.tc_home_030_verifyPersonalisedSupportNavigation()[pri:0, instance:tests.HomePageTest@7b2bbc3] output={null}]]]>
              </value>
            </param>
          </params>
          <reporter-output>
          </reporter-output>
        </test-method> <!-- tearDown -->
        <test-method signature="tc_home_031_verifyAggressiveGrowthNavigation()[pri:0, instance:tests.HomePageTest@7b2bbc3]" started-at="2026-06-05T16:36:22 IST" name="tc_home_031_verifyAggressiveGrowthNavigation" description="TC_HOME_031 - Aggressive Growth card opens a valid screen" finished-at="2026-06-05T16:36:46 IST" duration-ms="23516" status="PASS">
          <reporter-output>
          </reporter-output>
        </test-method> <!-- tc_home_031_verifyAggressiveGrowthNavigation -->
        <test-method is-config="true" signature="tearDown(org.testng.ITestResult)[pri:0, instance:tests.HomePageTest@7b2bbc3]" started-at="2026-06-05T16:36:46 IST" name="tearDown" finished-at="2026-06-05T16:36:46 IST" duration-ms="0" status="PASS">
          <params>
            <param index="0">
              <value>
                <![CDATA[[TestResult name=tc_home_031_verifyAggressiveGrowthNavigation status=SUCCESS method=HomePageTest.tc_home_031_verifyAggressiveGrowthNavigation()[pri:0, instance:tests.HomePageTest@7b2bbc3] output={null}]]]>
              </value>
            </param>
          </params>
          <reporter-output>
          </reporter-output>
        </test-method> <!-- tearDown -->
        <test-method is-config="true" signature="setUp(java.lang.reflect.Method)[pri:0, instance:tests.HomePageTest@7b2bbc3]" started-at="2026-06-05T16:36:46 IST" name="setUp" finished-at="2026-06-05T16:36:56 IST" duration-ms="9702" status="PASS">
          <params>
            <param index="0">
              <value>
                <![CDATA[public void tests.HomePageTest.tc_home_032_verifyAllLinksOpenValidScreens()]]>
              </value>
            </param>
          </params>
          <reporter-output>
          </reporter-output>
        </test-method> <!-- setUp -->
        <test-method signature="tc_home_032_verifyAllLinksOpenValidScreens()[pri:0, instance:tests.HomePageTest@7b2bbc3]" started-at="2026-06-05T16:36:56 IST" name="tc_home_032_verifyAllLinksOpenValidScreens" description="TC_HOME_032 - Every Funds screen link opens a valid screen" finished-at="2026-06-05T16:40:29 IST" duration-ms="213816" status="FAIL">
          <exception class="java.lang.AssertionError">
            <message>
              <![CDATA[Funds screen link must open a valid screen: Fund Search expected [true] but found [false]]]>
            </message>
            <full-stacktrace>
              <![CDATA[java.lang.AssertionError: Funds screen link must open a valid screen: Fund Search expected [true] but found [false]
at org.testng.Assert.fail(Assert.java:111)
at org.testng.Assert.failNotEquals(Assert.java:1578)
at org.testng.Assert.assertTrue(Assert.java:57)
at tests.HomePageTest.tc_home_032_verifyAllLinksOpenValidScreens(HomePageTest.java:364)
at java.base/jdk.internal.reflect.NativeMethodAccessorImpl.invoke0(Native Method)
at java.base/jdk.internal.reflect.NativeMethodAccessorImpl.invoke(NativeMethodAccessorImpl.java:77)
at java.base/jdk.internal.reflect.DelegatingMethodAccessorImpl.invoke(DelegatingMethodAccessorImpl.java:43)
at java.base/java.lang.reflect.Method.invoke(Method.java:568)
at org.testng.internal.invokers.MethodInvocationHelper.invokeMethod(MethodInvocationHelper.java:141)
at org.testng.internal.invokers.TestInvoker.invokeMethod(TestInvoker.java:686)
at org.testng.internal.invokers.TestInvoker.invokeTestMethod(TestInvoker.java:230)
at org.testng.internal.invokers.MethodRunner.runInSequence(MethodRunner.java:63)
at org.testng.internal.invokers.TestInvoker$MethodInvocationAgent.invoke(TestInvoker.java:992)
at org.testng.internal.invokers.TestInvoker.invokeTestMethods(TestInvoker.java:203)
at org.testng.internal.invokers.TestMethodWorker.invokeTestMethods(TestMethodWorker.java:154)
at org.testng.internal.invokers.TestMethodWorker.run(TestMethodWorker.java:134)
at java.base/java.util.ArrayList.forEach(ArrayList.java:1511)
at org.testng.TestRunner.privateRun(TestRunner.java:739)
at org.testng.TestRunner.run(TestRunner.java:614)
at org.testng.SuiteRunner.runTest(SuiteRunner.java:421)
at org.testng.SuiteRunner.runSequentially(SuiteRunner.java:413)
at org.testng.SuiteRunner.privateRun(SuiteRunner.java:373)
at org.testng.SuiteRunner.run(SuiteRunner.java:312)
at org.testng.SuiteRunnerWorker.runSuite(SuiteRunnerWorker.java:52)
at org.testng.SuiteRunnerWorker.run(SuiteRunnerWorker.java:95)
at org.testng.TestNG.runSuitesSequentially(TestNG.java:1274)
at org.testng.TestNG.runSuitesLocally(TestNG.java:1208)
at org.testng.TestNG.runSuites(TestNG.java:1112)
at org.testng.TestNG.run(TestNG.java:1079)
at org.testng.remote.AbstractRemoteTestNG.run(AbstractRemoteTestNG.java:115)
at org.testng.remote.RemoteTestNG.initAndRun(RemoteTestNG.java:293)
at org.testng.remote.RemoteTestNG.main(RemoteTestNG.java:91)
]]>
            </full-stacktrace>
          </exception> <!-- java.lang.AssertionError -->
          <reporter-output>
          </reporter-output>
        </test-method> <!-- tc_home_032_verifyAllLinksOpenValidScreens -->
        <test-method is-config="true" signature="tearDown(org.testng.ITestResult)[pri:0, instance:tests.HomePageTest@7b2bbc3]" started-at="2026-06-05T16:40:29 IST" name="tearDown" finished-at="2026-06-05T16:40:30 IST" duration-ms="150" status="PASS">
          <params>
            <param index="0">
              <value>
                <![CDATA[[TestResult name=tc_home_032_verifyAllLinksOpenValidScreens status=FAILURE method=HomePageTest.tc_home_032_verifyAllLinksOpenValidScreens()[pri:0, instance:tests.HomePageTest@7b2bbc3] output={null}]]]>
              </value>
            </param>
          </params>
          <reporter-output>
          </reporter-output>
        </test-method> <!-- tearDown -->
        <test-method is-config="true" signature="afterSuite()[pri:0, instance:tests.HomePageTest@7b2bbc3]" started-at="2026-06-05T16:40:30 IST" name="afterSuite" finished-at="2026-06-05T16:40:30 IST" duration-ms="690" status="PASS">
          <reporter-output>
          </reporter-output>
        </test-method> <!-- afterSuite -->
      </class> <!-- tests.HomePageTest -->
    </test> <!-- Default test -->
  </suite> <!-- Default suite -->
</testng-results>
