<?xml version="1.0" encoding="UTF-8"?>
<!-- Generated by org.testng.reporters.JUnitReportReporter -->
<testsuite hostname="vrwamiq" failures="0" tests="20" name="tests.AlternativesApiValidationTest" time="104.891" errors="0" timestamp="2026-06-23T13:03:15 IST" skipped="0">
  <testcase classname="tests.AlternativesApiValidationTest" name="tc_alt_001_validateAlternativesBusinessRules" time="5.616"/>
  <testcase classname="tests.AlternativesApiValidationTest" name="tc_alt_001_validateAlternativesBusinessRules" time="7.370"/>
  <testcase classname="tests.AlternativesApiValidationTest" name="tc_alt_001_validateAlternativesBusinessRules" time="1.945"/>
  <testcase classname="tests.AlternativesApiValidationTest" name="tc_alt_001_validateAlternativesBusinessRules" time="2.877"/>
  <testcase classname="tests.AlternativesApiValidationTest" name="tc_alt_001_validateAlternativesBusinessRules" time="14.056"/>
  <testcase classname="tests.AlternativesApiValidationTest" name="tc_alt_001_validateAlternativesBusinessRules" time="1.998"/>
  <testcase classname="tests.AlternativesApiValidationTest" name="tc_alt_001_validateAlternativesBusinessRules" time="4.015"/>
  <testcase classname="tests.AlternativesApiValidationTest" name="tc_alt_001_validateAlternativesBusinessRules" time="4.667"/>
  <testcase classname="tests.AlternativesApiValidationTest" name="tc_alt_001_validateAlternativesBusinessRules" time="5.920"/>
  <testcase classname="tests.AlternativesApiValidationTest" name="tc_alt_001_validateAlternativesBusinessRules" time="8.382"/>
  <testcase classname="tests.AlternativesApiValidationTest" name="tc_alt_001_validateAlternativesBusinessRules" time="7.058"/>
  <testcase classname="tests.AlternativesApiValidationTest" name="tc_alt_001_validateAlternativesBusinessRules" time="8.270"/>
  <testcase classname="tests.AlternativesApiValidationTest" name="tc_alt_001_validateAlternativesBusinessRules" time="4.921"/>
  <testcase classname="tests.AlternativesApiValidationTest" name="tc_alt_001_validateAlternativesBusinessRules" time="3.881"/>
  <testcase classname="tests.AlternativesApiValidationTest" name="tc_alt_001_validateAlternativesBusinessRules" time="3.086"/>
  <testcase classname="tests.AlternativesApiValidationTest" name="tc_alt_001_validateAlternativesBusinessRules" time="4.383"/>
  <testcase classname="tests.AlternativesApiValidationTest" name="tc_alt_001_validateAlternativesBusinessRules" time="1.501"/>
  <testcase classname="tests.AlternativesApiValidationTest" name="tc_alt_001_validateAlternativesBusinessRules" time="8.371"/>
  <testcase classname="tests.AlternativesApiValidationTest" name="tc_alt_001_validateAlternativesBusinessRules" time="1.960"/>
  <testcase classname="tests.AlternativesApiValidationTest" name="tc_alt_001_validateAlternativesBusinessRules" time="4.614"/>
</testsuite> <!-- tests.AlternativesApiValidationTest -->
