<?xml version="1.0" encoding="UTF-8"?>
<!-- Generated by org.testng.reporters.JUnitReportReporter -->
<testsuite hostname="vrwamiq" failures="1" tests="32" name="tests.HomePageTest" time="736.301" errors="0" timestamp="2026-06-05T16:40:30 IST" skipped="0">
  <testcase classname="tests.HomePageTest" name="tc_home_003_verifyRichFutureSectionVisible" time="11.653"/>
  <testcase classname="tests.HomePageTest" name="tc_home_005_verifyQuickGuidesSectionVisible" time="15.719"/>
  <testcase classname="tests.HomePageTest" name="tc_home_007_verifyFundAdvisorNoteSectionVisible" time="12.906"/>
  <testcase classname="tests.HomePageTest" name="tc_home_002_verifyBottomNavigationVisible" time="10.247"/>
  <testcase classname="tests.HomePageTest" name="tc_home_014_verifyMoreQuickGuidesLinkVisible" time="14.653"/>
  <testcase classname="tests.HomePageTest" name="tc_home_032_verifyAllLinksOpenValidScreens" time="223.768">
    <failure message="Funds screen link must open a valid screen: Fund Search expected [true] but found [false]" type="java.lang.AssertionError">
      <![CDATA[java.lang.AssertionError: Funds screen link must open a valid screen: Fund Search expected [true] but found [false]
at org.testng.Assert.fail(Assert.java:111)
at org.testng.Assert.failNotEquals(Assert.java:1578)
at org.testng.Assert.assertTrue(Assert.java:57)
at tests.HomePageTest.tc_home_032_verifyAllLinksOpenValidScreens(HomePageTest.java:364)
at java.base/jdk.internal.reflect.NativeMethodAccessorImpl.invoke0(Native Method)
at java.base/jdk.internal.reflect.NativeMethodAccessorImpl.invoke(NativeMethodAccessorImpl.java:77)
at java.base/jdk.internal.reflect.DelegatingMethodAccessorImpl.invoke(DelegatingMethodAccessorImpl.java:43)
at java.base/java.lang.reflect.Method.invoke(Method.java:568)
at org.testng.internal.invokers.MethodInvocationHelper.invokeMethod(MethodInvocationHelper.java:141)
at org.testng.internal.invokers.TestInvoker.invokeMethod(TestInvoker.java:686)
at org.testng.internal.invokers.TestInvoker.invokeTestMethod(TestInvoker.java:230)
at org.testng.internal.invokers.MethodRunner.runInSequence(MethodRunner.java:63)
at org.testng.internal.invokers.TestInvoker$MethodInvocationAgent.invoke(TestInvoker.java:992)
at org.testng.internal.invokers.TestInvoker.invokeTestMethods(TestInvoker.java:203)
at org.testng.internal.invokers.TestMethodWorker.invokeTestMethods(TestMethodWorker.java:154)
at org.testng.internal.invokers.TestMethodWorker.run(TestMethodWorker.java:134)
at java.base/java.util.ArrayList.forEach(ArrayList.java:1511)
at org.testng.TestRunner.privateRun(TestRunner.java:739)
at org.testng.TestRunner.run(TestRunner.java:614)
at org.testng.SuiteRunner.runTest(SuiteRunner.java:421)
at org.testng.SuiteRunner.runSequentially(SuiteRunner.java:413)
at org.testng.SuiteRunner.privateRun(SuiteRunner.java:373)
at org.testng.SuiteRunner.run(SuiteRunner.java:312)
at org.testng.SuiteRunnerWorker.runSuite(SuiteRunnerWorker.java:52)
at org.testng.SuiteRunnerWorker.run(SuiteRunnerWorker.java:95)
at org.testng.TestNG.runSuitesSequentially(TestNG.java:1274)
at org.testng.TestNG.runSuitesLocally(TestNG.java:1208)
at org.testng.TestNG.runSuites(TestNG.java:1112)
at org.testng.TestNG.run(TestNG.java:1079)
at org.testng.remote.AbstractRemoteTestNG.run(AbstractRemoteTestNG.java:115)
at org.testng.remote.RemoteTestNG.initAndRun(RemoteTestNG.java:293)
at org.testng.remote.RemoteTestNG.main(RemoteTestNG.java:91)
]]>
    </failure>
  </testcase> <!-- tc_home_032_verifyAllLinksOpenValidScreens -->
  <testcase classname="tests.HomePageTest" name="tc_home_001_verifyFundsScreenLoads" time="9.532"/>
  <testcase classname="tests.HomePageTest" name="tc_home_028_verifyUpgradePortfolioNavigation" time="17.346"/>
  <testcase classname="tests.HomePageTest" name="tc_home_015_verifyBuildInvestmentPlanGuideVisible" time="16.460"/>
  <testcase classname="tests.HomePageTest" name="tc_home_021_verifyRegularIncomeCardNavigation" time="14.480"/>
  <testcase classname="tests.HomePageTest" name="tc_home_031_verifyAggressiveGrowthNavigation" time="33.361"/>
  <testcase classname="tests.HomePageTest" name="tc_home_011_verifyMfScreenerLinkVisible" time="16.154"/>
  <testcase classname="tests.HomePageTest" name="tc_home_020_verifyRetirementCardNavigation" time="14.345"/>
  <testcase classname="tests.HomePageTest" name="tc_home_029_verifyAnalystPickedFundsNavigation" time="20.506"/>
  <testcase classname="tests.HomePageTest" name="tc_home_025_verifyFundSearchNavigation" time="17.467"/>
  <testcase classname="tests.HomePageTest" name="tc_home_018_verifyPersonalisedSupportCardVisible" time="18.210"/>
  <testcase classname="tests.HomePageTest" name="tc_home_004_verifyNavigateToSectionVisible" time="17.022"/>
  <testcase classname="tests.HomePageTest" name="tc_home_016_verifyUpgradePortfolioGuideVisible" time="16.004"/>
  <testcase classname="tests.HomePageTest" name="tc_home_019_verifyAggressiveGrowthCardVisible" time="13.960"/>
  <testcase classname="tests.HomePageTest" name="tc_home_027_verifyBuildInvestmentPlanNavigation" time="17.386"/>
  <testcase classname="tests.HomePageTest" name="tc_home_009_verifyRegularIncomeCardVisible" time="11.473"/>
  <testcase classname="tests.HomePageTest" name="tc_home_010_verifyNoGoalStartInvestingCardVisible" time="10.877"/>
  <testcase classname="tests.HomePageTest" name="tc_home_017_verifyAnalystPickedFundsGuideVisible" time="18.247"/>
  <testcase classname="tests.HomePageTest" name="tc_home_006_verifyAnalystChoiceSectionVisible" time="14.034"/>
  <testcase classname="tests.HomePageTest" name="tc_home_023_verifyMfScreenerNavigation" time="18.920"/>
  <testcase classname="tests.HomePageTest" name="tc_home_024_verifySipCalculatorNavigation" time="19.096"/>
  <testcase classname="tests.HomePageTest" name="tc_home_008_verifyRetirementCardVisible" time="11.227"/>
  <testcase classname="tests.HomePageTest" name="tc_home_013_verifyFundSearchLinkVisible" time="15.949"/>
  <testcase classname="tests.HomePageTest" name="tc_home_030_verifyPersonalisedSupportNavigation" time="21.302"/>
  <testcase classname="tests.HomePageTest" name="tc_home_022_verifyNoGoalStartInvestingNavigation" time="14.359"/>
  <testcase classname="tests.HomePageTest" name="tc_home_012_verifySipCalculatorLinkVisible" time="15.909"/>
  <testcase classname="tests.HomePageTest" name="tc_home_026_verifyMoreQuickGuidesNavigation" time="33.729"/>
</testsuite> <!-- tests.HomePageTest -->
