<?xml version="1.0" encoding="UTF-8"?>
<!-- Generated by org.testng.reporters.JUnitReportReporter -->
<testsuite hostname="vrwamiq" failures="0" tests="14" name="tests.FAQTest" time="241.963" errors="0" timestamp="2026-06-03T16:13:21 IST" skipped="0">
  <testcase classname="tests.FAQTest" name="tc_faq_008_verifyFundAdvisorAccountLinkVisible" time="15.429"/>
  <testcase classname="tests.FAQTest" name="tc_faq_006_verifyResearchAndAdviceLinkVisible" time="15.889"/>
  <testcase classname="tests.FAQTest" name="tc_faq_005_verifyAllCategoryLinksVisible" time="16.418"/>
  <testcase classname="tests.FAQTest" name="tc_faq_002_verifyBackButtonPresent" time="15.994"/>
  <testcase classname="tests.FAQTest" name="tc_faq_009_verifyResearchAndAdviceLinkNavigation" time="17.567"/>
  <testcase classname="tests.FAQTest" name="tc_faq_011_verifyFundAdvisorAccountLinkNavigation" time="18.406"/>
  <testcase classname="tests.FAQTest" name="tc_faq_001_verifyFaqScreenLoads" time="16.503"/>
  <testcase classname="tests.FAQTest" name="tc_faq_014_verifyBackButtonNavigation" time="14.595"/>
  <testcase classname="tests.FAQTest" name="tc_faq_012_verifyAllLinksOpenSubScreens" time="28.119"/>
  <testcase classname="tests.FAQTest" name="tc_faq_013_verifyCategoryExpandsInline" time="16.785"/>
  <testcase classname="tests.FAQTest" name="tc_faq_003_verifyHeaderActionIconPresent" time="16.372"/>
  <testcase classname="tests.FAQTest" name="tc_faq_007_verifyBuyingSellingFundsLinkVisible" time="16.673"/>
  <testcase classname="tests.FAQTest" name="tc_faq_004_verifyBottomNavigationPresent" time="15.919"/>
  <testcase classname="tests.FAQTest" name="tc_faq_010_verifyBuyingSellingFundsLinkNavigation" time="17.294"/>
</testsuite> <!-- tests.FAQTest -->
