<?xml version="1.0" encoding="UTF-8"?>
<!-- Generated by org.testng.reporters.JUnitReportReporter -->
<testsuite hostname="vrwamiq" failures="0" tests="2" name="tests.FundReviewBackendValidationTest" time="47.782" errors="0" timestamp="2026-06-23T10:47:34 IST" skipped="0">
  <testcase classname="tests.FundReviewBackendValidationTest" name="tc_backend_001_verifyCategoryCountsAlignWithOpinionData" time="40.280"/>
  <testcase classname="tests.FundReviewBackendValidationTest" name="tc_backend_002_verifyPerFundCategoryMatchesApi" time="7.502"/>
</testsuite> <!-- tests.FundReviewBackendValidationTest -->
