<?xml version="1.0" encoding="UTF-8"?>
<!-- Generated by org.testng.reporters.JUnitReportReporter -->
<testsuite hostname="vrwamiq" failures="0" tests="13" name="tests.LoginTest" time="309.729" errors="0" timestamp="2026-05-06T12:06:20 IST" skipped="0">
  <testcase classname="tests.LoginTest" name="verifyPinScreenIsDisplayedOnLaunch" time="11.350"/>
  <testcase classname="tests.LoginTest" name="verifyPinScreenShowsUserGreeting" time="14.508"/>
  <testcase classname="tests.LoginTest" name="verifyAllKeypadDigitsArePresent" time="11.069"/>
  <testcase classname="tests.LoginTest" name="verifyBackspaceKeyIsPresent" time="14.301"/>
  <testcase classname="tests.LoginTest" name="verifySuccessfulLoginWithCorrectPin" time="22.153"/>
  <testcase classname="tests.LoginTest" name="verifyWrongPinShowsErrorMessage" time="16.224"/>
  <testcase classname="tests.LoginTest" name="verifyWrongPinKeepsUserOnPinScreen" time="30.244"/>
  <testcase classname="tests.LoginTest" name="verifyChangePinLinkAppearsAfterWrongPin" time="16.098"/>
  <testcase classname="tests.LoginTest" name="verifyWrongPinShowsErrorAndChangePinTogether" time="19.053"/>
  <testcase classname="tests.LoginTest" name="verifyCorrectPinAfterWrongPinReachesDashboard" time="30.454"/>
  <testcase classname="tests.LoginTest" name="verifyBackspaceKeepsUserOnPinScreen" time="16.478"/>
  <testcase classname="tests.LoginTest" name="verifyPartialPinDoesNotAutoSubmit" time="23.401"/>
  <testcase classname="tests.LoginTest" name="verifyChangePinLinkNavigatesAwayFromPinScreen" time="84.396"/>
</testsuite> <!-- tests.LoginTest -->
