<?xml version="1.0" encoding="UTF-8"?>
<!-- Generated by org.testng.reporters.JUnitReportReporter -->
<testsuite hostname="vrwamiq" failures="2" tests="32" name="tests.HomePageTest" time="696.473" errors="0" timestamp="2026-06-05T12:21:03 IST" skipped="0">
  <testcase classname="tests.HomePageTest" name="tc_home_009_verifyRegularIncomeCardVisible" time="12.404"/>
  <testcase classname="tests.HomePageTest" name="tc_home_026_verifyMoreQuickGuidesNavigation" time="33.082"/>
  <testcase classname="tests.HomePageTest" name="tc_home_032_verifyAllLinksOpenValidScreens" time="153.199">
    <failure message="Funds screen link must open a valid screen: Fund Search expected [true] but found [false]" type="java.lang.AssertionError">
      <![CDATA[java.lang.AssertionError: Funds screen link must open a valid screen: Fund Search expected [true] but found [false]
at org.testng.Assert.fail(Assert.java:111)
at org.testng.Assert.failNotEquals(Assert.java:1578)
at org.testng.Assert.assertTrue(Assert.java:57)
at tests.HomePageTest.tc_home_032_verifyAllLinksOpenValidScreens(HomePageTest.java:363)
at java.base/jdk.internal.reflect.NativeMethodAccessorImpl.invoke0(Native Method)
at java.base/jdk.internal.reflect.NativeMethodAccessorImpl.invoke(NativeMethodAccessorImpl.java:77)
at java.base/jdk.internal.reflect.DelegatingMethodAccessorImpl.invoke(DelegatingMethodAccessorImpl.java:43)
at java.base/java.lang.reflect.Method.invoke(Method.java:569)
at org.testng.internal.invokers.MethodInvocationHelper.invokeMethod(MethodInvocationHelper.java:141)
at org.testng.internal.invokers.TestInvoker.invokeMethod(TestInvoker.java:686)
at org.testng.internal.invokers.TestInvoker.invokeTestMethod(TestInvoker.java:230)
at org.testng.internal.invokers.MethodRunner.runInSequence(MethodRunner.java:63)
at org.testng.internal.invokers.TestInvoker$MethodInvocationAgent.invoke(TestInvoker.java:992)
at org.testng.internal.invokers.TestInvoker.invokeTestMethods(TestInvoker.java:203)
at org.testng.internal.invokers.TestMethodWorker.invokeTestMethods(TestMethodWorker.java:154)
at org.testng.internal.invokers.TestMethodWorker.run(TestMethodWorker.java:134)
at java.base/java.util.ArrayList.forEach(ArrayList.java:1511)
at org.testng.TestRunner.privateRun(TestRunner.java:739)
at org.testng.TestRunner.run(TestRunner.java:614)
at org.testng.SuiteRunner.runTest(SuiteRunner.java:421)
at org.testng.SuiteRunner.runSequentially(SuiteRunner.java:413)
at org.testng.SuiteRunner.privateRun(SuiteRunner.java:373)
at org.testng.SuiteRunner.run(SuiteRunner.java:312)
at org.testng.SuiteRunnerWorker.runSuite(SuiteRunnerWorker.java:52)
at org.testng.SuiteRunnerWorker.run(SuiteRunnerWorker.java:95)
at org.testng.TestNG.runSuitesSequentially(TestNG.java:1274)
at org.testng.TestNG.runSuitesLocally(TestNG.java:1208)
at org.testng.TestNG.runSuites(TestNG.java:1112)
at org.testng.TestNG.run(TestNG.java:1079)
at org.apache.maven.surefire.testng.TestNGExecutor.run(TestNGExecutor.java:155)
at org.apache.maven.surefire.testng.TestNGDirectoryTestSuite.executeSingleClass(TestNGDirectoryTestSuite.java:102)
at org.apache.maven.surefire.testng.TestNGDirectoryTestSuite.execute(TestNGDirectoryTestSuite.java:91)
at org.apache.maven.surefire.testng.TestNGProvider.invoke(TestNGProvider.java:137)
at org.apache.maven.surefire.booter.ForkedBooter.runSuitesInProcess(ForkedBooter.java:385)
at org.apache.maven.surefire.booter.ForkedBooter.execute(ForkedBooter.java:162)
at org.apache.maven.surefire.booter.ForkedBooter.run(ForkedBooter.java:507)
at org.apache.maven.surefire.booter.ForkedBooter.main(ForkedBooter.java:495)
]]>
    </failure>
  </testcase> <!-- tc_home_032_verifyAllLinksOpenValidScreens -->
  <testcase classname="tests.HomePageTest" name="tc_home_018_verifyPersonalisedSupportCardVisible" time="18.890"/>
  <testcase classname="tests.HomePageTest" name="tc_home_015_verifyBuildInvestmentPlanGuideVisible" time="16.787"/>
  <testcase classname="tests.HomePageTest" name="tc_home_029_verifyAnalystPickedFundsNavigation" time="21.563"/>
  <testcase classname="tests.HomePageTest" name="tc_home_021_verifyRegularIncomeCardNavigation" time="14.991"/>
  <testcase classname="tests.HomePageTest" name="tc_home_017_verifyAnalystPickedFundsGuideVisible" time="18.815"/>
  <testcase classname="tests.HomePageTest" name="tc_home_011_verifyMfScreenerLinkVisible" time="17.262"/>
  <testcase classname="tests.HomePageTest" name="tc_home_030_verifyPersonalisedSupportNavigation" time="22.591"/>
  <testcase classname="tests.HomePageTest" name="tc_home_031_verifyAggressiveGrowthNavigation" time="32.500"/>
  <testcase classname="tests.HomePageTest" name="tc_home_001_verifyFundsScreenLoads" time="10.848"/>
  <testcase classname="tests.HomePageTest" name="tc_home_022_verifyNoGoalStartInvestingNavigation" time="14.948"/>
  <testcase classname="tests.HomePageTest" name="tc_home_008_verifyRetirementCardVisible" time="11.019"/>
  <testcase classname="tests.HomePageTest" name="tc_home_027_verifyBuildInvestmentPlanNavigation" time="18.932"/>
  <testcase classname="tests.HomePageTest" name="tc_home_014_verifyMoreQuickGuidesLinkVisible" time="14.136"/>
  <testcase classname="tests.HomePageTest" name="tc_home_020_verifyRetirementCardNavigation" time="13.584"/>
  <testcase classname="tests.HomePageTest" name="tc_home_028_verifyUpgradePortfolioNavigation" time="18.526"/>
  <testcase classname="tests.HomePageTest" name="tc_home_016_verifyUpgradePortfolioGuideVisible" time="17.273"/>
  <testcase classname="tests.HomePageTest" name="tc_home_025_verifyFundSearchNavigation" time="16.743"/>
  <testcase classname="tests.HomePageTest" name="tc_home_002_verifyBottomNavigationVisible" time="10.426"/>
  <testcase classname="tests.HomePageTest" name="tc_home_013_verifyFundSearchLinkVisible" time="16.714"/>
  <testcase classname="tests.HomePageTest" name="tc_home_004_verifyNavigateToSectionVisible" time="16.776"/>
  <testcase classname="tests.HomePageTest" name="tc_home_005_verifyQuickGuidesSectionVisible" time="17.991"/>
  <testcase classname="tests.HomePageTest" name="tc_home_024_verifySipCalculatorNavigation" time="18.606"/>
  <testcase classname="tests.HomePageTest" name="tc_home_006_verifyAnalystChoiceSectionVisible" time="27.537">
    <failure message="Analyst Choice section must be visible expected [true] but found [false]" type="java.lang.AssertionError">
      <![CDATA[java.lang.AssertionError: Analyst Choice section must be visible expected [true] but found [false]
at org.testng.Assert.fail(Assert.java:111)
at org.testng.Assert.failNotEquals(Assert.java:1578)
at org.testng.Assert.assertTrue(Assert.java:57)
at tests.HomePageTest.tc_home_006_verifyAnalystChoiceSectionVisible(HomePageTest.java:96)
at java.base/jdk.internal.reflect.NativeMethodAccessorImpl.invoke0(Native Method)
at java.base/jdk.internal.reflect.NativeMethodAccessorImpl.invoke(NativeMethodAccessorImpl.java:77)
at java.base/jdk.internal.reflect.DelegatingMethodAccessorImpl.invoke(DelegatingMethodAccessorImpl.java:43)
at java.base/java.lang.reflect.Method.invoke(Method.java:569)
at org.testng.internal.invokers.MethodInvocationHelper.invokeMethod(MethodInvocationHelper.java:141)
at org.testng.internal.invokers.TestInvoker.invokeMethod(TestInvoker.java:686)
at org.testng.internal.invokers.TestInvoker.invokeTestMethod(TestInvoker.java:230)
at org.testng.internal.invokers.MethodRunner.runInSequence(MethodRunner.java:63)
at org.testng.internal.invokers.TestInvoker$MethodInvocationAgent.invoke(TestInvoker.java:992)
at org.testng.internal.invokers.TestInvoker.invokeTestMethods(TestInvoker.java:203)
at org.testng.internal.invokers.TestMethodWorker.invokeTestMethods(TestMethodWorker.java:154)
at org.testng.internal.invokers.TestMethodWorker.run(TestMethodWorker.java:134)
at java.base/java.util.ArrayList.forEach(ArrayList.java:1511)
at org.testng.TestRunner.privateRun(TestRunner.java:739)
at org.testng.TestRunner.run(TestRunner.java:614)
at org.testng.SuiteRunner.runTest(SuiteRunner.java:421)
at org.testng.SuiteRunner.runSequentially(SuiteRunner.java:413)
at org.testng.SuiteRunner.privateRun(SuiteRunner.java:373)
at org.testng.SuiteRunner.run(SuiteRunner.java:312)
at org.testng.SuiteRunnerWorker.runSuite(SuiteRunnerWorker.java:52)
at org.testng.SuiteRunnerWorker.run(SuiteRunnerWorker.java:95)
at org.testng.TestNG.runSuitesSequentially(TestNG.java:1274)
at org.testng.TestNG.runSuitesLocally(TestNG.java:1208)
at org.testng.TestNG.runSuites(TestNG.java:1112)
at org.testng.TestNG.run(TestNG.java:1079)
at org.apache.maven.surefire.testng.TestNGExecutor.run(TestNGExecutor.java:155)
at org.apache.maven.surefire.testng.TestNGDirectoryTestSuite.executeSingleClass(TestNGDirectoryTestSuite.java:102)
at org.apache.maven.surefire.testng.TestNGDirectoryTestSuite.execute(TestNGDirectoryTestSuite.java:91)
at org.apache.maven.surefire.testng.TestNGProvider.invoke(TestNGProvider.java:137)
at org.apache.maven.surefire.booter.ForkedBooter.runSuitesInProcess(ForkedBooter.java:385)
at org.apache.maven.surefire.booter.ForkedBooter.execute(ForkedBooter.java:162)
at org.apache.maven.surefire.booter.ForkedBooter.run(ForkedBooter.java:507)
at org.apache.maven.surefire.booter.ForkedBooter.main(ForkedBooter.java:495)
]]>
    </failure>
  </testcase> <!-- tc_home_006_verifyAnalystChoiceSectionVisible -->
  <testcase classname="tests.HomePageTest" name="tc_home_007_verifyFundAdvisorNoteSectionVisible" time="15.034"/>
  <testcase classname="tests.HomePageTest" name="tc_home_012_verifySipCalculatorLinkVisible" time="17.265"/>
  <testcase classname="tests.HomePageTest" name="tc_home_010_verifyNoGoalStartInvestingCardVisible" time="12.371"/>
  <testcase classname="tests.HomePageTest" name="tc_home_019_verifyAggressiveGrowthCardVisible" time="14.572"/>
  <testcase classname="tests.HomePageTest" name="tc_home_003_verifyRichFutureSectionVisible" time="12.632"/>
  <testcase classname="tests.HomePageTest" name="tc_home_023_verifyMfScreenerNavigation" time="18.456"/>
</testsuite> <!-- tests.HomePageTest -->
